INFO  23-03-20 14:08:08[restartedMain] [ItdaApplication:55] - Starting ItdaApplication using Java 17.0.6 on DESKTOP-8DKD9M3 with PID 20992 (C:\labs\itda\target\classes started by jhmon in C:\labs\itda)
INFO  23-03-20 14:08:08[restartedMain] [ItdaApplication:631] - No active profile set, falling back to 1 default profile: "default"
WARN  23-03-20 14:08:09[restartedMain] [ClassPathMapperScanner:44] - No MyBatis mapper was found in '[com.project.itda]' package. Please check your configuration.
INFO  23-03-20 14:08:09[restartedMain] [TomcatWebServer:108] - Tomcat initialized with port(s): 8080 (http)
INFO  23-03-20 14:08:09[restartedMain] [StandardService:173] - Starting service [Tomcat]
INFO  23-03-20 14:08:09[restartedMain] [StandardEngine:173] - Starting Servlet engine: [Apache Tomcat/9.0.71]
INFO  23-03-20 14:08:09[restartedMain] [TldScanner:173] - At least one JAR was scanned for TLDs yet contained no TLDs. Enable debug logging for this logger for a complete list of JARs that were scanned but no TLDs were found in them. Skipping unneeded JARs during scanning can improve startup time and JSP compilation time.
INFO  23-03-20 14:08:09[restartedMain] [[/]:173] - Initializing Spring embedded WebApplicationContext
INFO  23-03-20 14:08:09[restartedMain] [ServletWebServerApplicationContext:292] - Root WebApplicationContext: initialization completed in 361 ms
INFO  23-03-20 14:08:09[restartedMain] [WelcomePageHandlerMapping:57] - Adding welcome page template: index
INFO  23-03-20 14:08:09[restartedMain] [OptionalLiveReloadServer:59] - LiveReload server is running on port 35729
INFO  23-03-20 14:08:09[restartedMain] [TomcatWebServer:220] - Tomcat started on port(s): 8080 (http) with context path ''
INFO  23-03-20 14:08:09[restartedMain] [ItdaApplication:61] - Started ItdaApplication in 0.57 seconds (JVM running for 1257.092)
INFO  23-03-20 14:08:09[restartedMain] [ConditionEvaluationDeltaLoggingListener:63] - Condition evaluation unchanged
INFO  23-03-20 14:09:33[http-nio-8080-exec-1] [[/]:173] - Initializing Spring DispatcherServlet 'dispatcherServlet'
INFO  23-03-20 14:09:33[http-nio-8080-exec-1] [DispatcherServlet:525] - Initializing Servlet 'dispatcherServlet'
INFO  23-03-20 14:09:33[http-nio-8080-exec-1] [DispatcherServlet:547] - Completed initialization in 1 ms
INFO  23-03-20 14:13:37[File Watcher] [LocalDevToolsAutoConfiguration$RestartingClassPathChangeChangedEventListener:211] - Restarting due to 1 class path change (0 additions, 0 deletions, 1 modification)
INFO  23-03-20 14:13:37[Thread-11] [StandardService:173] - Stopping service [Tomcat]
INFO  23-03-20 14:13:37[Thread-11] [[/]:173] - Destroying Spring FrameworkServlet 'dispatcherServlet'
INFO  23-03-20 14:13:37[restartedMain] [ItdaApplication:55] - Starting ItdaApplication using Java 17.0.6 on DESKTOP-8DKD9M3 with PID 20992 (C:\labs\itda\target\classes started by jhmon in C:\labs\itda)
INFO  23-03-20 14:13:37[restartedMain] [ItdaApplication:631] - No active profile set, falling back to 1 default profile: "default"
WARN  23-03-20 14:13:37[restartedMain] [ClassPathMapperScanner:44] - No MyBatis mapper was found in '[com.project.itda]' package. Please check your configuration.
INFO  23-03-20 14:13:37[restartedMain] [TomcatWebServer:108] - Tomcat initialized with port(s): 8080 (http)
INFO  23-03-20 14:13:37[restartedMain] [StandardService:173] - Starting service [Tomcat]
INFO  23-03-20 14:13:37[restartedMain] [StandardEngine:173] - Starting Servlet engine: [Apache Tomcat/9.0.71]
INFO  23-03-20 14:13:38[restartedMain] [TldScanner:173] - At least one JAR was scanned for TLDs yet contained no TLDs. Enable debug logging for this logger for a complete list of JARs that were scanned but no TLDs were found in them. Skipping unneeded JARs during scanning can improve startup time and JSP compilation time.
INFO  23-03-20 14:13:38[restartedMain] [[/]:173] - Initializing Spring embedded WebApplicationContext
INFO  23-03-20 14:13:38[restartedMain] [ServletWebServerApplicationContext:292] - Root WebApplicationContext: initialization completed in 278 ms
INFO  23-03-20 14:13:38[restartedMain] [WelcomePageHandlerMapping:57] - Adding welcome page template: index
INFO  23-03-20 14:13:38[restartedMain] [OptionalLiveReloadServer:59] - LiveReload server is running on port 35729
INFO  23-03-20 14:13:38[restartedMain] [TomcatWebServer:220] - Tomcat started on port(s): 8080 (http) with context path ''
INFO  23-03-20 14:13:38[restartedMain] [ItdaApplication:61] - Started ItdaApplication in 0.44 seconds (JVM running for 1585.903)
INFO  23-03-20 14:13:38[restartedMain] [ConditionEvaluationDeltaLoggingListener:63] - Condition evaluation unchanged
INFO  23-03-20 14:14:14[File Watcher] [LocalDevToolsAutoConfiguration$RestartingClassPathChangeChangedEventListener:211] - Restarting due to 1 class path change (0 additions, 0 deletions, 1 modification)
INFO  23-03-20 14:14:14[Thread-21] [StandardService:173] - Stopping service [Tomcat]
INFO  23-03-20 14:14:14[restartedMain] [ItdaApplication:55] - Starting ItdaApplication using Java 17.0.6 on DESKTOP-8DKD9M3 with PID 20992 (C:\labs\itda\target\classes started by jhmon in C:\labs\itda)
INFO  23-03-20 14:14:14[restartedMain] [ItdaApplication:631] - No active profile set, falling back to 1 default profile: "default"
WARN  23-03-20 14:14:14[restartedMain] [ClassPathMapperScanner:44] - No MyBatis mapper was found in '[com.project.itda]' package. Please check your configuration.
INFO  23-03-20 14:14:14[restartedMain] [TomcatWebServer:108] - Tomcat initialized with port(s): 8080 (http)
INFO  23-03-20 14:14:14[restartedMain] [StandardService:173] - Starting service [Tomcat]
INFO  23-03-20 14:14:14[restartedMain] [StandardEngine:173] - Starting Servlet engine: [Apache Tomcat/9.0.71]
INFO  23-03-20 14:14:14[restartedMain] [TldScanner:173] - At least one JAR was scanned for TLDs yet contained no TLDs. Enable debug logging for this logger for a complete list of JARs that were scanned but no TLDs were found in them. Skipping unneeded JARs during scanning can improve startup time and JSP compilation time.
INFO  23-03-20 14:14:14[restartedMain] [[/]:173] - Initializing Spring embedded WebApplicationContext
INFO  23-03-20 14:14:14[restartedMain] [ServletWebServerApplicationContext:292] - Root WebApplicationContext: initialization completed in 278 ms
INFO  23-03-20 14:14:14[restartedMain] [WelcomePageHandlerMapping:57] - Adding welcome page template: index
INFO  23-03-20 14:14:14[restartedMain] [OptionalLiveReloadServer:59] - LiveReload server is running on port 35729
INFO  23-03-20 14:14:14[restartedMain] [TomcatWebServer:220] - Tomcat started on port(s): 8080 (http) with context path ''
INFO  23-03-20 14:14:14[restartedMain] [ItdaApplication:61] - Started ItdaApplication in 0.421 seconds (JVM running for 1622.689)
INFO  23-03-20 14:14:14[restartedMain] [ConditionEvaluationDeltaLoggingListener:63] - Condition evaluation unchanged
INFO  23-03-20 14:15:18[File Watcher] [LocalDevToolsAutoConfiguration$RestartingClassPathChangeChangedEventListener:211] - Restarting due to 1 class path change (0 additions, 0 deletions, 1 modification)
INFO  23-03-20 14:15:18[Thread-25] [StandardService:173] - Stopping service [Tomcat]
INFO  23-03-20 14:15:18[restartedMain] [ItdaApplication:55] - Starting ItdaApplication using Java 17.0.6 on DESKTOP-8DKD9M3 with PID 20992 (C:\labs\itda\target\classes started by jhmon in C:\labs\itda)
INFO  23-03-20 14:15:18[restartedMain] [ItdaApplication:631] - No active profile set, falling back to 1 default profile: "default"
WARN  23-03-20 14:15:19[restartedMain] [ClassPathMapperScanner:44] - No MyBatis mapper was found in '[com.project.itda]' package. Please check your configuration.
INFO  23-03-20 14:15:19[restartedMain] [TomcatWebServer:108] - Tomcat initialized with port(s): 8080 (http)
INFO  23-03-20 14:15:19[restartedMain] [StandardService:173] - Starting service [Tomcat]
INFO  23-03-20 14:15:19[restartedMain] [StandardEngine:173] - Starting Servlet engine: [Apache Tomcat/9.0.71]
INFO  23-03-20 14:15:19[restartedMain] [TldScanner:173] - At least one JAR was scanned for TLDs yet contained no TLDs. Enable debug logging for this logger for a complete list of JARs that were scanned but no TLDs were found in them. Skipping unneeded JARs during scanning can improve startup time and JSP compilation time.
INFO  23-03-20 14:15:19[restartedMain] [[/]:173] - Initializing Spring embedded WebApplicationContext
INFO  23-03-20 14:15:19[restartedMain] [ServletWebServerApplicationContext:292] - Root WebApplicationContext: initialization completed in 261 ms
INFO  23-03-20 14:15:19[restartedMain] [WelcomePageHandlerMapping:57] - Adding welcome page template: index
INFO  23-03-20 14:15:19[restartedMain] [OptionalLiveReloadServer:59] - LiveReload server is running on port 35729
INFO  23-03-20 14:15:19[restartedMain] [TomcatWebServer:220] - Tomcat started on port(s): 8080 (http) with context path ''
INFO  23-03-20 14:15:19[restartedMain] [ItdaApplication:61] - Started ItdaApplication in 0.388 seconds (JVM running for 1687.082)
INFO  23-03-20 14:15:19[restartedMain] [ConditionEvaluationDeltaLoggingListener:63] - Condition evaluation unchanged
INFO  23-03-20 14:17:37[restartedMain] [ItdaApplication:55] - Starting ItdaApplication using Java 17.0.6 on DESKTOP-8DKD9M3 with PID 26900 (C:\labs\itda\target\classes started by jhmon in C:\labs\itda)
INFO  23-03-20 14:17:37[restartedMain] [ItdaApplication:631] - No active profile set, falling back to 1 default profile: "default"
INFO  23-03-20 14:17:38[restartedMain] [ChangeableUrls:255] - The Class-Path manifest attribute in C:\Users\jhmon\.m2\repository\com\oracle\database\jdbc\ojdbc8\21.5.0.0\ojdbc8-21.5.0.0.jar referenced one or more files that do not exist: file:/C:/Users/jhmon/.m2/repository/com/oracle/database/jdbc/ojdbc8/21.5.0.0/oraclepki.jar
INFO  23-03-20 14:17:38[restartedMain] [DevToolsPropertyDefaultsPostProcessor:255] - Devtools property defaults active! Set 'spring.devtools.add-properties' to 'false' to disable
INFO  23-03-20 14:17:38[restartedMain] [DevToolsPropertyDefaultsPostProcessor:255] - For additional web related logging consider setting the 'logging.level.web' property to 'DEBUG'
DEBUG 23-03-20 14:17:38[restartedMain] [LogFactory:109] - Logging initialized using 'class org.apache.ibatis.logging.slf4j.Slf4jImpl' adapter.
WARN  23-03-20 14:17:38[restartedMain] [ClassPathMapperScanner:44] - No MyBatis mapper was found in '[com.project.itda]' package. Please check your configuration.
INFO  23-03-20 14:17:39[restartedMain] [TomcatWebServer:108] - Tomcat initialized with port(s): 8080 (http)
INFO  23-03-20 14:17:39[restartedMain] [Http11NioProtocol:173] - Initializing ProtocolHandler ["http-nio-8080"]
INFO  23-03-20 14:17:39[restartedMain] [StandardService:173] - Starting service [Tomcat]
INFO  23-03-20 14:17:39[restartedMain] [StandardEngine:173] - Starting Servlet engine: [Apache Tomcat/9.0.71]
INFO  23-03-20 14:17:39[restartedMain] [TldScanner:173] - At least one JAR was scanned for TLDs yet contained no TLDs. Enable debug logging for this logger for a complete list of JARs that were scanned but no TLDs were found in them. Skipping unneeded JARs during scanning can improve startup time and JSP compilation time.
INFO  23-03-20 14:17:39[restartedMain] [[/]:173] - Initializing Spring embedded WebApplicationContext
INFO  23-03-20 14:17:39[restartedMain] [ServletWebServerApplicationContext:292] - Root WebApplicationContext: initialization completed in 1526 ms
INFO  23-03-20 14:17:39[restartedMain] [WelcomePageHandlerMapping:57] - Adding welcome page template: index
INFO  23-03-20 14:17:40[restartedMain] [OptionalLiveReloadServer:59] - LiveReload server is running on port 35729
INFO  23-03-20 14:17:40[restartedMain] [Http11NioProtocol:173] - Starting ProtocolHandler ["http-nio-8080"]
INFO  23-03-20 14:17:40[restartedMain] [TomcatWebServer:220] - Tomcat started on port(s): 8080 (http) with context path ''
INFO  23-03-20 14:17:40[restartedMain] [ItdaApplication:61] - Started ItdaApplication in 2.831 seconds (JVM running for 3.341)
INFO  23-03-20 14:17:44[http-nio-8080-exec-1] [[/]:173] - Initializing Spring DispatcherServlet 'dispatcherServlet'
INFO  23-03-20 14:17:44[http-nio-8080-exec-1] [DispatcherServlet:525] - Initializing Servlet 'dispatcherServlet'
INFO  23-03-20 14:17:44[http-nio-8080-exec-1] [DispatcherServlet:547] - Completed initialization in 0 ms
WARN  23-03-20 14:17:45[http-nio-8080-exec-2] [PageNotFound:1282] - No mapping for GET /src/main/resources/static/css/test.css
WARN  23-03-20 14:17:49[http-nio-8080-exec-4] [PageNotFound:1282] - No mapping for GET /src/main/resources/static/css/test.css
WARN  23-03-20 14:17:53[http-nio-8080-exec-5] [PageNotFound:1282] - No mapping for GET /src/main/resources/static/css/test.css
INFO  23-03-20 14:20:16[restartedMain] [ItdaApplication:55] - Starting ItdaApplication using Java 17.0.6 on DESKTOP-8DKD9M3 with PID 19400 (C:\labs\itda\target\classes started by jhmon in C:\labs\itda)
INFO  23-03-20 14:20:16[restartedMain] [ItdaApplication:631] - No active profile set, falling back to 1 default profile: "default"
INFO  23-03-20 14:20:16[restartedMain] [ChangeableUrls:255] - The Class-Path manifest attribute in C:\Users\jhmon\.m2\repository\com\oracle\database\jdbc\ojdbc8\21.5.0.0\ojdbc8-21.5.0.0.jar referenced one or more files that do not exist: file:/C:/Users/jhmon/.m2/repository/com/oracle/database/jdbc/ojdbc8/21.5.0.0/oraclepki.jar
INFO  23-03-20 14:20:16[restartedMain] [DevToolsPropertyDefaultsPostProcessor:255] - Devtools property defaults active! Set 'spring.devtools.add-properties' to 'false' to disable
INFO  23-03-20 14:20:16[restartedMain] [DevToolsPropertyDefaultsPostProcessor:255] - For additional web related logging consider setting the 'logging.level.web' property to 'DEBUG'
DEBUG 23-03-20 14:20:17[restartedMain] [LogFactory:109] - Logging initialized using 'class org.apache.ibatis.logging.slf4j.Slf4jImpl' adapter.
WARN  23-03-20 14:20:17[restartedMain] [ClassPathMapperScanner:44] - No MyBatis mapper was found in '[com.project.itda]' package. Please check your configuration.
INFO  23-03-20 14:20:18[restartedMain] [TomcatWebServer:108] - Tomcat initialized with port(s): 8080 (http)
INFO  23-03-20 14:20:18[restartedMain] [Http11NioProtocol:173] - Initializing ProtocolHandler ["http-nio-8080"]
INFO  23-03-20 14:20:18[restartedMain] [StandardService:173] - Starting service [Tomcat]
INFO  23-03-20 14:20:18[restartedMain] [StandardEngine:173] - Starting Servlet engine: [Apache Tomcat/9.0.71]
INFO  23-03-20 14:20:18[restartedMain] [TldScanner:173] - At least one JAR was scanned for TLDs yet contained no TLDs. Enable debug logging for this logger for a complete list of JARs that were scanned but no TLDs were found in them. Skipping unneeded JARs during scanning can improve startup time and JSP compilation time.
INFO  23-03-20 14:20:18[restartedMain] [[/]:173] - Initializing Spring embedded WebApplicationContext
INFO  23-03-20 14:20:18[restartedMain] [ServletWebServerApplicationContext:292] - Root WebApplicationContext: initialization completed in 1528 ms
INFO  23-03-20 14:20:18[restartedMain] [WelcomePageHandlerMapping:57] - Adding welcome page template: index
INFO  23-03-20 14:20:18[restartedMain] [OptionalLiveReloadServer:59] - LiveReload server is running on port 35729
INFO  23-03-20 14:20:18[restartedMain] [Http11NioProtocol:173] - Starting ProtocolHandler ["http-nio-8080"]
INFO  23-03-20 14:20:18[restartedMain] [TomcatWebServer:220] - Tomcat started on port(s): 8080 (http) with context path ''
INFO  23-03-20 14:20:18[restartedMain] [ItdaApplication:61] - Started ItdaApplication in 2.743 seconds (JVM running for 3.254)
INFO  23-03-20 14:20:22[http-nio-8080-exec-1] [[/]:173] - Initializing Spring DispatcherServlet 'dispatcherServlet'
INFO  23-03-20 14:20:22[http-nio-8080-exec-1] [DispatcherServlet:525] - Initializing Servlet 'dispatcherServlet'
INFO  23-03-20 14:20:22[http-nio-8080-exec-1] [DispatcherServlet:547] - Completed initialization in 1 ms
INFO  23-03-20 14:22:47[File Watcher] [LocalDevToolsAutoConfiguration$RestartingClassPathChangeChangedEventListener:211] - Restarting due to 1 class path change (0 additions, 0 deletions, 1 modification)
INFO  23-03-20 14:22:47[Thread-5] [Http11NioProtocol:173] - Pausing ProtocolHandler ["http-nio-8080"]
INFO  23-03-20 14:22:47[Thread-5] [StandardService:173] - Stopping service [Tomcat]
INFO  23-03-20 14:22:47[Thread-5] [[/]:173] - Destroying Spring FrameworkServlet 'dispatcherServlet'
INFO  23-03-20 14:22:47[Thread-5] [Http11NioProtocol:173] - Stopping ProtocolHandler ["http-nio-8080"]
INFO  23-03-20 14:22:47[Thread-5] [Http11NioProtocol:173] - Destroying ProtocolHandler ["http-nio-8080"]
INFO  23-03-20 14:22:47[restartedMain] [ItdaApplication:55] - Starting ItdaApplication using Java 17.0.6 on DESKTOP-8DKD9M3 with PID 19400 (C:\labs\itda\target\classes started by jhmon in C:\labs\itda)
INFO  23-03-20 14:22:47[restartedMain] [ItdaApplication:631] - No active profile set, falling back to 1 default profile: "default"
WARN  23-03-20 14:22:48[restartedMain] [ClassPathMapperScanner:44] - No MyBatis mapper was found in '[com.project.itda]' package. Please check your configuration.
INFO  23-03-20 14:22:48[restartedMain] [TomcatWebServer:108] - Tomcat initialized with port(s): 8080 (http)
INFO  23-03-20 14:22:48[restartedMain] [Http11NioProtocol:173] - Initializing ProtocolHandler ["http-nio-8080"]
INFO  23-03-20 14:22:48[restartedMain] [StandardService:173] - Starting service [Tomcat]
INFO  23-03-20 14:22:48[restartedMain] [StandardEngine:173] - Starting Servlet engine: [Apache Tomcat/9.0.71]
INFO  23-03-20 14:22:48[restartedMain] [TldScanner:173] - At least one JAR was scanned for TLDs yet contained no TLDs. Enable debug logging for this logger for a complete list of JARs that were scanned but no TLDs were found in them. Skipping unneeded JARs during scanning can improve startup time and JSP compilation time.
INFO  23-03-20 14:22:48[restartedMain] [[/]:173] - Initializing Spring embedded WebApplicationContext
INFO  23-03-20 14:22:48[restartedMain] [ServletWebServerApplicationContext:292] - Root WebApplicationContext: initialization completed in 339 ms
INFO  23-03-20 14:22:48[restartedMain] [WelcomePageHandlerMapping:57] - Adding welcome page template: index
INFO  23-03-20 14:22:48[restartedMain] [OptionalLiveReloadServer:59] - LiveReload server is running on port 35729
INFO  23-03-20 14:22:48[restartedMain] [Http11NioProtocol:173] - Starting ProtocolHandler ["http-nio-8080"]
INFO  23-03-20 14:22:48[restartedMain] [TomcatWebServer:220] - Tomcat started on port(s): 8080 (http) with context path ''
INFO  23-03-20 14:22:48[restartedMain] [ItdaApplication:61] - Started ItdaApplication in 0.535 seconds (JVM running for 152.67)
INFO  23-03-20 14:22:48[restartedMain] [ConditionEvaluationDeltaLoggingListener:63] - Condition evaluation unchanged
INFO  23-03-20 14:22:54[File Watcher] [LocalDevToolsAutoConfiguration$RestartingClassPathChangeChangedEventListener:211] - Restarting due to 1 class path change (0 additions, 0 deletions, 1 modification)
INFO  23-03-20 14:22:54[Thread-7] [Http11NioProtocol:173] - Pausing ProtocolHandler ["http-nio-8080"]
INFO  23-03-20 14:22:54[Thread-7] [StandardService:173] - Stopping service [Tomcat]
INFO  23-03-20 14:22:54[Thread-7] [Http11NioProtocol:173] - Stopping ProtocolHandler ["http-nio-8080"]
INFO  23-03-20 14:22:54[Thread-7] [Http11NioProtocol:173] - Destroying ProtocolHandler ["http-nio-8080"]
INFO  23-03-20 14:22:55[restartedMain] [ItdaApplication:55] - Starting ItdaApplication using Java 17.0.6 on DESKTOP-8DKD9M3 with PID 19400 (C:\labs\itda\target\classes started by jhmon in C:\labs\itda)
INFO  23-03-20 14:22:55[restartedMain] [ItdaApplication:631] - No active profile set, falling back to 1 default profile: "default"
WARN  23-03-20 14:22:55[restartedMain] [ClassPathMapperScanner:44] - No MyBatis mapper was found in '[com.project.itda]' package. Please check your configuration.
INFO  23-03-20 14:22:55[restartedMain] [TomcatWebServer:108] - Tomcat initialized with port(s): 8080 (http)
INFO  23-03-20 14:22:55[restartedMain] [Http11NioProtocol:173] - Initializing ProtocolHandler ["http-nio-8080"]
INFO  23-03-20 14:22:55[restartedMain] [StandardService:173] - Starting service [Tomcat]
INFO  23-03-20 14:22:55[restartedMain] [StandardEngine:173] - Starting Servlet engine: [Apache Tomcat/9.0.71]
INFO  23-03-20 14:22:55[restartedMain] [TldScanner:173] - At least one JAR was scanned for TLDs yet contained no TLDs. Enable debug logging for this logger for a complete list of JARs that were scanned but no TLDs were found in them. Skipping unneeded JARs during scanning can improve startup time and JSP compilation time.
INFO  23-03-20 14:22:55[restartedMain] [[/]:173] - Initializing Spring embedded WebApplicationContext
INFO  23-03-20 14:22:55[restartedMain] [ServletWebServerApplicationContext:292] - Root WebApplicationContext: initialization completed in 327 ms
INFO  23-03-20 14:22:55[restartedMain] [WelcomePageHandlerMapping:57] - Adding welcome page template: index
INFO  23-03-20 14:22:55[restartedMain] [OptionalLiveReloadServer:59] - LiveReload server is running on port 35729
INFO  23-03-20 14:22:55[restartedMain] [Http11NioProtocol:173] - Starting ProtocolHandler ["http-nio-8080"]
INFO  23-03-20 14:22:55[restartedMain] [TomcatWebServer:220] - Tomcat started on port(s): 8080 (http) with context path ''
INFO  23-03-20 14:22:55[restartedMain] [ItdaApplication:61] - Started ItdaApplication in 0.483 seconds (JVM running for 159.762)
INFO  23-03-20 14:22:55[restartedMain] [ConditionEvaluationDeltaLoggingListener:63] - Condition evaluation unchanged
INFO  23-03-20 14:22:59[http-nio-8080-exec-1] [[/]:173] - Initializing Spring DispatcherServlet 'dispatcherServlet'
INFO  23-03-20 14:22:59[http-nio-8080-exec-1] [DispatcherServlet:525] - Initializing Servlet 'dispatcherServlet'
INFO  23-03-20 14:22:59[http-nio-8080-exec-1] [DispatcherServlet:547] - Completed initialization in 1 ms
WARN  23-03-20 14:22:59[http-nio-8080-exec-2] [PageNotFound:1282] - No mapping for GET /resources/static/css/test.css
INFO  23-03-20 14:23:11[restartedMain] [ItdaApplication:55] - Starting ItdaApplication using Java 17.0.6 on DESKTOP-8DKD9M3 with PID 17092 (C:\labs\itda\target\classes started by jhmon in C:\labs\itda)
INFO  23-03-20 14:23:11[restartedMain] [ItdaApplication:631] - No active profile set, falling back to 1 default profile: "default"
INFO  23-03-20 14:23:11[restartedMain] [ChangeableUrls:255] - The Class-Path manifest attribute in C:\Users\jhmon\.m2\repository\com\oracle\database\jdbc\ojdbc8\21.5.0.0\ojdbc8-21.5.0.0.jar referenced one or more files that do not exist: file:/C:/Users/jhmon/.m2/repository/com/oracle/database/jdbc/ojdbc8/21.5.0.0/oraclepki.jar
INFO  23-03-20 14:23:11[restartedMain] [DevToolsPropertyDefaultsPostProcessor:255] - Devtools property defaults active! Set 'spring.devtools.add-properties' to 'false' to disable
INFO  23-03-20 14:23:11[restartedMain] [DevToolsPropertyDefaultsPostProcessor:255] - For additional web related logging consider setting the 'logging.level.web' property to 'DEBUG'
DEBUG 23-03-20 14:23:11[restartedMain] [LogFactory:109] - Logging initialized using 'class org.apache.ibatis.logging.slf4j.Slf4jImpl' adapter.
WARN  23-03-20 14:23:11[restartedMain] [ClassPathMapperScanner:44] - No MyBatis mapper was found in '[com.project.itda]' package. Please check your configuration.
INFO  23-03-20 14:23:12[restartedMain] [TomcatWebServer:108] - Tomcat initialized with port(s): 8080 (http)
INFO  23-03-20 14:23:12[restartedMain] [Http11NioProtocol:173] - Initializing ProtocolHandler ["http-nio-8080"]
INFO  23-03-20 14:23:12[restartedMain] [StandardService:173] - Starting service [Tomcat]
INFO  23-03-20 14:23:12[restartedMain] [StandardEngine:173] - Starting Servlet engine: [Apache Tomcat/9.0.71]
INFO  23-03-20 14:23:12[restartedMain] [TldScanner:173] - At least one JAR was scanned for TLDs yet contained no TLDs. Enable debug logging for this logger for a complete list of JARs that were scanned but no TLDs were found in them. Skipping unneeded JARs during scanning can improve startup time and JSP compilation time.
INFO  23-03-20 14:23:12[restartedMain] [[/]:173] - Initializing Spring embedded WebApplicationContext
INFO  23-03-20 14:23:12[restartedMain] [ServletWebServerApplicationContext:292] - Root WebApplicationContext: initialization completed in 1583 ms
INFO  23-03-20 14:23:13[restartedMain] [WelcomePageHandlerMapping:57] - Adding welcome page template: index
INFO  23-03-20 14:23:13[restartedMain] [OptionalLiveReloadServer:59] - LiveReload server is running on port 35729
INFO  23-03-20 14:23:13[restartedMain] [Http11NioProtocol:173] - Starting ProtocolHandler ["http-nio-8080"]
INFO  23-03-20 14:23:13[restartedMain] [TomcatWebServer:220] - Tomcat started on port(s): 8080 (http) with context path ''
INFO  23-03-20 14:23:13[restartedMain] [ItdaApplication:61] - Started ItdaApplication in 2.834 seconds (JVM running for 3.343)
INFO  23-03-20 14:23:18[http-nio-8080-exec-1] [[/]:173] - Initializing Spring DispatcherServlet 'dispatcherServlet'
INFO  23-03-20 14:23:18[http-nio-8080-exec-1] [DispatcherServlet:525] - Initializing Servlet 'dispatcherServlet'
INFO  23-03-20 14:23:18[http-nio-8080-exec-1] [DispatcherServlet:547] - Completed initialization in 0 ms
WARN  23-03-20 14:23:19[http-nio-8080-exec-1] [SessionIdGeneratorBase:173] - Creation of SecureRandom instance for session ID generation using [SHA1PRNG] took [104] milliseconds.
WARN  23-03-20 14:23:19[http-nio-8080-exec-2] [PageNotFound:1282] - No mapping for GET /resources/static/css/test.css
WARN  23-03-20 14:23:46[http-nio-8080-exec-4] [PageNotFound:1282] - No mapping for GET /css/test.css
WARN  23-03-20 14:23:48[http-nio-8080-exec-6] [PageNotFound:1282] - No mapping for GET /css/test.css
WARN  23-03-20 14:23:48[http-nio-8080-exec-8] [PageNotFound:1282] - No mapping for GET /css/test.css
WARN  23-03-20 14:23:49[http-nio-8080-exec-10] [PageNotFound:1282] - No mapping for GET /css/test.css
WARN  23-03-20 14:23:49[http-nio-8080-exec-2] [PageNotFound:1282] - No mapping for GET /css/test.css
WARN  23-03-20 14:23:49[http-nio-8080-exec-4] [PageNotFound:1282] - No mapping for GET /css/test.css
INFO  23-03-20 14:24:10[File Watcher] [LocalDevToolsAutoConfiguration$RestartingClassPathChangeChangedEventListener:211] - Restarting due to 1 class path change (0 additions, 0 deletions, 1 modification)
INFO  23-03-20 14:24:10[Thread-5] [Http11NioProtocol:173] - Pausing ProtocolHandler ["http-nio-8080"]
INFO  23-03-20 14:24:10[Thread-5] [StandardService:173] - Stopping service [Tomcat]
INFO  23-03-20 14:24:10[Thread-5] [[/]:173] - Destroying Spring FrameworkServlet 'dispatcherServlet'
INFO  23-03-20 14:24:10[Thread-5] [Http11NioProtocol:173] - Stopping ProtocolHandler ["http-nio-8080"]
INFO  23-03-20 14:24:10[Thread-5] [Http11NioProtocol:173] - Destroying ProtocolHandler ["http-nio-8080"]
INFO  23-03-20 14:24:10[restartedMain] [ItdaApplication:55] - Starting ItdaApplication using Java 17.0.6 on DESKTOP-8DKD9M3 with PID 17092 (C:\labs\itda\target\classes started by jhmon in C:\labs\itda)
INFO  23-03-20 14:24:10[restartedMain] [ItdaApplication:631] - No active profile set, falling back to 1 default profile: "default"
WARN  23-03-20 14:24:10[restartedMain] [ClassPathMapperScanner:44] - No MyBatis mapper was found in '[com.project.itda]' package. Please check your configuration.
INFO  23-03-20 14:24:10[restartedMain] [TomcatWebServer:108] - Tomcat initialized with port(s): 8080 (http)
INFO  23-03-20 14:24:10[restartedMain] [Http11NioProtocol:173] - Initializing ProtocolHandler ["http-nio-8080"]
INFO  23-03-20 14:24:10[restartedMain] [StandardService:173] - Starting service [Tomcat]
INFO  23-03-20 14:24:10[restartedMain] [StandardEngine:173] - Starting Servlet engine: [Apache Tomcat/9.0.71]
INFO  23-03-20 14:24:10[restartedMain] [TldScanner:173] - At least one JAR was scanned for TLDs yet contained no TLDs. Enable debug logging for this logger for a complete list of JARs that were scanned but no TLDs were found in them. Skipping unneeded JARs during scanning can improve startup time and JSP compilation time.
INFO  23-03-20 14:24:10[restartedMain] [[/]:173] - Initializing Spring embedded WebApplicationContext
INFO  23-03-20 14:24:10[restartedMain] [ServletWebServerApplicationContext:292] - Root WebApplicationContext: initialization completed in 325 ms
INFO  23-03-20 14:24:10[restartedMain] [WelcomePageHandlerMapping:57] - Adding welcome page template: index
INFO  23-03-20 14:24:10[restartedMain] [OptionalLiveReloadServer:59] - LiveReload server is running on port 35729
INFO  23-03-20 14:24:10[restartedMain] [Http11NioProtocol:173] - Starting ProtocolHandler ["http-nio-8080"]
INFO  23-03-20 14:24:10[restartedMain] [TomcatWebServer:220] - Tomcat started on port(s): 8080 (http) with context path ''
INFO  23-03-20 14:24:10[restartedMain] [ItdaApplication:61] - Started ItdaApplication in 0.508 seconds (JVM running for 60.564)
INFO  23-03-20 14:24:10[restartedMain] [ConditionEvaluationDeltaLoggingListener:63] - Condition evaluation unchanged
INFO  23-03-20 14:24:14[http-nio-8080-exec-1] [[/]:173] - Initializing Spring DispatcherServlet 'dispatcherServlet'
INFO  23-03-20 14:24:14[http-nio-8080-exec-1] [DispatcherServlet:525] - Initializing Servlet 'dispatcherServlet'
INFO  23-03-20 14:24:14[http-nio-8080-exec-1] [DispatcherServlet:547] - Completed initialization in 0 ms
WARN  23-03-20 14:24:14[http-nio-8080-exec-3] [PageNotFound:1282] - No mapping for GET /css/test.css
INFO  23-03-20 14:25:03[File Watcher] [LocalDevToolsAutoConfiguration$RestartingClassPathChangeChangedEventListener:211] - Restarting due to 1 class path change (0 additions, 0 deletions, 1 modification)
INFO  23-03-20 14:25:03[Thread-7] [Http11NioProtocol:173] - Pausing ProtocolHandler ["http-nio-8080"]
INFO  23-03-20 14:25:03[Thread-7] [StandardService:173] - Stopping service [Tomcat]
INFO  23-03-20 14:25:03[Thread-7] [[/]:173] - Destroying Spring FrameworkServlet 'dispatcherServlet'
INFO  23-03-20 14:25:03[Thread-7] [Http11NioProtocol:173] - Stopping ProtocolHandler ["http-nio-8080"]
INFO  23-03-20 14:25:03[Thread-7] [Http11NioProtocol:173] - Destroying ProtocolHandler ["http-nio-8080"]
INFO  23-03-20 14:25:03[restartedMain] [ItdaApplication:55] - Starting ItdaApplication using Java 17.0.6 on DESKTOP-8DKD9M3 with PID 17092 (C:\labs\itda\target\classes started by jhmon in C:\labs\itda)
INFO  23-03-20 14:25:03[restartedMain] [ItdaApplication:631] - No active profile set, falling back to 1 default profile: "default"
WARN  23-03-20 14:25:03[restartedMain] [ClassPathMapperScanner:44] - No MyBatis mapper was found in '[com.project.itda]' package. Please check your configuration.
INFO  23-03-20 14:25:03[restartedMain] [TomcatWebServer:108] - Tomcat initialized with port(s): 8080 (http)
INFO  23-03-20 14:25:03[restartedMain] [Http11NioProtocol:173] - Initializing ProtocolHandler ["http-nio-8080"]
INFO  23-03-20 14:25:03[restartedMain] [StandardService:173] - Starting service [Tomcat]
INFO  23-03-20 14:25:03[restartedMain] [StandardEngine:173] - Starting Servlet engine: [Apache Tomcat/9.0.71]
INFO  23-03-20 14:25:03[restartedMain] [TldScanner:173] - At least one JAR was scanned for TLDs yet contained no TLDs. Enable debug logging for this logger for a complete list of JARs that were scanned but no TLDs were found in them. Skipping unneeded JARs during scanning can improve startup time and JSP compilation time.
INFO  23-03-20 14:25:03[restartedMain] [[/]:173] - Initializing Spring embedded WebApplicationContext
INFO  23-03-20 14:25:03[restartedMain] [ServletWebServerApplicationContext:292] - Root WebApplicationContext: initialization completed in 305 ms
INFO  23-03-20 14:25:03[restartedMain] [WelcomePageHandlerMapping:57] - Adding welcome page template: index
INFO  23-03-20 14:25:03[restartedMain] [OptionalLiveReloadServer:59] - LiveReload server is running on port 35729
INFO  23-03-20 14:25:03[restartedMain] [Http11NioProtocol:173] - Starting ProtocolHandler ["http-nio-8080"]
INFO  23-03-20 14:25:03[restartedMain] [TomcatWebServer:220] - Tomcat started on port(s): 8080 (http) with context path ''
INFO  23-03-20 14:25:03[restartedMain] [ItdaApplication:61] - Started ItdaApplication in 0.445 seconds (JVM running for 113.695)
INFO  23-03-20 14:25:03[restartedMain] [ConditionEvaluationDeltaLoggingListener:63] - Condition evaluation unchanged
INFO  23-03-20 14:25:10[File Watcher] [LocalDevToolsAutoConfiguration$RestartingClassPathChangeChangedEventListener:211] - Restarting due to 1 class path change (0 additions, 0 deletions, 1 modification)
INFO  23-03-20 14:25:10[Thread-11] [Http11NioProtocol:173] - Pausing ProtocolHandler ["http-nio-8080"]
INFO  23-03-20 14:25:10[Thread-11] [StandardService:173] - Stopping service [Tomcat]
INFO  23-03-20 14:25:10[Thread-11] [Http11NioProtocol:173] - Stopping ProtocolHandler ["http-nio-8080"]
INFO  23-03-20 14:25:10[Thread-11] [Http11NioProtocol:173] - Destroying ProtocolHandler ["http-nio-8080"]
INFO  23-03-20 14:25:10[restartedMain] [ItdaApplication:55] - Starting ItdaApplication using Java 17.0.6 on DESKTOP-8DKD9M3 with PID 17092 (C:\labs\itda\target\classes started by jhmon in C:\labs\itda)
INFO  23-03-20 14:25:10[restartedMain] [ItdaApplication:631] - No active profile set, falling back to 1 default profile: "default"
WARN  23-03-20 14:25:10[restartedMain] [ClassPathMapperScanner:44] - No MyBatis mapper was found in '[com.project.itda]' package. Please check your configuration.
INFO  23-03-20 14:25:10[restartedMain] [TomcatWebServer:108] - Tomcat initialized with port(s): 8080 (http)
INFO  23-03-20 14:25:10[restartedMain] [Http11NioProtocol:173] - Initializing ProtocolHandler ["http-nio-8080"]
INFO  23-03-20 14:25:10[restartedMain] [StandardService:173] - Starting service [Tomcat]
INFO  23-03-20 14:25:10[restartedMain] [StandardEngine:173] - Starting Servlet engine: [Apache Tomcat/9.0.71]
INFO  23-03-20 14:25:10[restartedMain] [TldScanner:173] - At least one JAR was scanned for TLDs yet contained no TLDs. Enable debug logging for this logger for a complete list of JARs that were scanned but no TLDs were found in them. Skipping unneeded JARs during scanning can improve startup time and JSP compilation time.
INFO  23-03-20 14:25:10[restartedMain] [[/]:173] - Initializing Spring embedded WebApplicationContext
INFO  23-03-20 14:25:10[restartedMain] [ServletWebServerApplicationContext:292] - Root WebApplicationContext: initialization completed in 271 ms
INFO  23-03-20 14:25:10[restartedMain] [WelcomePageHandlerMapping:57] - Adding welcome page template: index
INFO  23-03-20 14:25:10[restartedMain] [OptionalLiveReloadServer:59] - LiveReload server is running on port 35729
INFO  23-03-20 14:25:10[restartedMain] [Http11NioProtocol:173] - Starting ProtocolHandler ["http-nio-8080"]
INFO  23-03-20 14:25:10[restartedMain] [TomcatWebServer:220] - Tomcat started on port(s): 8080 (http) with context path ''
INFO  23-03-20 14:25:10[restartedMain] [ItdaApplication:61] - Started ItdaApplication in 0.416 seconds (JVM running for 120.732)
INFO  23-03-20 14:25:10[restartedMain] [ConditionEvaluationDeltaLoggingListener:63] - Condition evaluation unchanged
INFO  23-03-20 14:27:24[File Watcher] [LocalDevToolsAutoConfiguration$RestartingClassPathChangeChangedEventListener:211] - Restarting due to 1 class path change (0 additions, 0 deletions, 1 modification)
INFO  23-03-20 14:27:24[Thread-15] [Http11NioProtocol:173] - Pausing ProtocolHandler ["http-nio-8080"]
INFO  23-03-20 14:27:24[Thread-15] [StandardService:173] - Stopping service [Tomcat]
INFO  23-03-20 14:27:24[Thread-15] [Http11NioProtocol:173] - Stopping ProtocolHandler ["http-nio-8080"]
INFO  23-03-20 14:27:24[Thread-15] [Http11NioProtocol:173] - Destroying ProtocolHandler ["http-nio-8080"]
INFO  23-03-20 14:27:24[restartedMain] [ItdaApplication:55] - Starting ItdaApplication using Java 17.0.6 on DESKTOP-8DKD9M3 with PID 17092 (C:\labs\itda\target\classes started by jhmon in C:\labs\itda)
INFO  23-03-20 14:27:24[restartedMain] [ItdaApplication:631] - No active profile set, falling back to 1 default profile: "default"
WARN  23-03-20 14:27:25[restartedMain] [ClassPathMapperScanner:44] - No MyBatis mapper was found in '[com.project.itda]' package. Please check your configuration.
INFO  23-03-20 14:27:25[restartedMain] [TomcatWebServer:108] - Tomcat initialized with port(s): 8080 (http)
INFO  23-03-20 14:27:25[restartedMain] [Http11NioProtocol:173] - Initializing ProtocolHandler ["http-nio-8080"]
INFO  23-03-20 14:27:25[restartedMain] [StandardService:173] - Starting service [Tomcat]
INFO  23-03-20 14:27:25[restartedMain] [StandardEngine:173] - Starting Servlet engine: [Apache Tomcat/9.0.71]
INFO  23-03-20 14:27:25[restartedMain] [TldScanner:173] - At least one JAR was scanned for TLDs yet contained no TLDs. Enable debug logging for this logger for a complete list of JARs that were scanned but no TLDs were found in them. Skipping unneeded JARs during scanning can improve startup time and JSP compilation time.
INFO  23-03-20 14:27:25[restartedMain] [[/]:173] - Initializing Spring embedded WebApplicationContext
INFO  23-03-20 14:27:25[restartedMain] [ServletWebServerApplicationContext:292] - Root WebApplicationContext: initialization completed in 309 ms
INFO  23-03-20 14:27:25[restartedMain] [WelcomePageHandlerMapping:57] - Adding welcome page template: index
INFO  23-03-20 14:27:25[restartedMain] [OptionalLiveReloadServer:59] - LiveReload server is running on port 35729
INFO  23-03-20 14:27:25[restartedMain] [Http11NioProtocol:173] - Starting ProtocolHandler ["http-nio-8080"]
INFO  23-03-20 14:27:25[restartedMain] [TomcatWebServer:220] - Tomcat started on port(s): 8080 (http) with context path ''
INFO  23-03-20 14:27:25[restartedMain] [ItdaApplication:61] - Started ItdaApplication in 0.445 seconds (JVM running for 255.105)
INFO  23-03-20 14:27:25[restartedMain] [ConditionEvaluationDeltaLoggingListener:63] - Condition evaluation unchanged
INFO  23-03-20 14:27:28[http-nio-8080-exec-1] [[/]:173] - Initializing Spring DispatcherServlet 'dispatcherServlet'
INFO  23-03-20 14:27:28[http-nio-8080-exec-1] [DispatcherServlet:525] - Initializing Servlet 'dispatcherServlet'
INFO  23-03-20 14:27:28[http-nio-8080-exec-1] [DispatcherServlet:547] - Completed initialization in 0 ms
INFO  23-03-20 14:27:38[File Watcher] [LocalDevToolsAutoConfiguration$RestartingClassPathChangeChangedEventListener:211] - Restarting due to 1 class path change (0 additions, 0 deletions, 1 modification)
INFO  23-03-20 14:27:38[Thread-19] [Http11NioProtocol:173] - Pausing ProtocolHandler ["http-nio-8080"]
INFO  23-03-20 14:27:38[Thread-19] [StandardService:173] - Stopping service [Tomcat]
INFO  23-03-20 14:27:38[Thread-19] [[/]:173] - Destroying Spring FrameworkServlet 'dispatcherServlet'
INFO  23-03-20 14:27:38[Thread-19] [Http11NioProtocol:173] - Stopping ProtocolHandler ["http-nio-8080"]
INFO  23-03-20 14:27:38[Thread-19] [Http11NioProtocol:173] - Destroying ProtocolHandler ["http-nio-8080"]
INFO  23-03-20 14:27:39[restartedMain] [ItdaApplication:55] - Starting ItdaApplication using Java 17.0.6 on DESKTOP-8DKD9M3 with PID 17092 (C:\labs\itda\target\classes started by jhmon in C:\labs\itda)
INFO  23-03-20 14:27:39[restartedMain] [ItdaApplication:631] - No active profile set, falling back to 1 default profile: "default"
WARN  23-03-20 14:27:39[restartedMain] [ClassPathMapperScanner:44] - No MyBatis mapper was found in '[com.project.itda]' package. Please check your configuration.
INFO  23-03-20 14:27:39[restartedMain] [TomcatWebServer:108] - Tomcat initialized with port(s): 8080 (http)
INFO  23-03-20 14:27:39[restartedMain] [Http11NioProtocol:173] - Initializing ProtocolHandler ["http-nio-8080"]
INFO  23-03-20 14:27:39[restartedMain] [StandardService:173] - Starting service [Tomcat]
INFO  23-03-20 14:27:39[restartedMain] [StandardEngine:173] - Starting Servlet engine: [Apache Tomcat/9.0.71]
INFO  23-03-20 14:27:39[restartedMain] [TldScanner:173] - At least one JAR was scanned for TLDs yet contained no TLDs. Enable debug logging for this logger for a complete list of JARs that were scanned but no TLDs were found in them. Skipping unneeded JARs during scanning can improve startup time and JSP compilation time.
INFO  23-03-20 14:27:39[restartedMain] [[/]:173] - Initializing Spring embedded WebApplicationContext
INFO  23-03-20 14:27:39[restartedMain] [ServletWebServerApplicationContext:292] - Root WebApplicationContext: initialization completed in 314 ms
INFO  23-03-20 14:27:39[restartedMain] [WelcomePageHandlerMapping:57] - Adding welcome page template: index
INFO  23-03-20 14:27:39[restartedMain] [OptionalLiveReloadServer:59] - LiveReload server is running on port 35729
INFO  23-03-20 14:27:39[restartedMain] [Http11NioProtocol:173] - Starting ProtocolHandler ["http-nio-8080"]
INFO  23-03-20 14:27:39[restartedMain] [TomcatWebServer:220] - Tomcat started on port(s): 8080 (http) with context path ''
INFO  23-03-20 14:27:39[restartedMain] [ItdaApplication:61] - Started ItdaApplication in 0.444 seconds (JVM running for 269.309)
INFO  23-03-20 14:27:39[restartedMain] [ConditionEvaluationDeltaLoggingListener:63] - Condition evaluation unchanged
INFO  23-03-20 14:27:40[http-nio-8080-exec-1] [[/]:173] - Initializing Spring DispatcherServlet 'dispatcherServlet'
INFO  23-03-20 14:27:40[http-nio-8080-exec-1] [DispatcherServlet:525] - Initializing Servlet 'dispatcherServlet'
INFO  23-03-20 14:27:40[http-nio-8080-exec-1] [DispatcherServlet:547] - Completed initialization in 0 ms
INFO  23-03-20 14:27:40[File Watcher] [LocalDevToolsAutoConfiguration$RestartingClassPathChangeChangedEventListener:211] - Restarting due to 1 class path change (0 additions, 0 deletions, 1 modification)
INFO  23-03-20 14:27:40[Thread-23] [Http11NioProtocol:173] - Pausing ProtocolHandler ["http-nio-8080"]
INFO  23-03-20 14:27:40[Thread-23] [StandardService:173] - Stopping service [Tomcat]
INFO  23-03-20 14:27:40[Thread-23] [[/]:173] - Destroying Spring FrameworkServlet 'dispatcherServlet'
INFO  23-03-20 14:27:40[Thread-23] [Http11NioProtocol:173] - Stopping ProtocolHandler ["http-nio-8080"]
INFO  23-03-20 14:27:40[Thread-23] [Http11NioProtocol:173] - Destroying ProtocolHandler ["http-nio-8080"]
INFO  23-03-20 14:27:40[restartedMain] [ItdaApplication:55] - Starting ItdaApplication using Java 17.0.6 on DESKTOP-8DKD9M3 with PID 17092 (C:\labs\itda\target\classes started by jhmon in C:\labs\itda)
INFO  23-03-20 14:27:40[restartedMain] [ItdaApplication:631] - No active profile set, falling back to 1 default profile: "default"
WARN  23-03-20 14:27:41[restartedMain] [ClassPathMapperScanner:44] - No MyBatis mapper was found in '[com.project.itda]' package. Please check your configuration.
INFO  23-03-20 14:27:41[restartedMain] [TomcatWebServer:108] - Tomcat initialized with port(s): 8080 (http)
INFO  23-03-20 14:27:41[restartedMain] [Http11NioProtocol:173] - Initializing ProtocolHandler ["http-nio-8080"]
INFO  23-03-20 14:27:41[restartedMain] [StandardService:173] - Starting service [Tomcat]
INFO  23-03-20 14:27:41[restartedMain] [StandardEngine:173] - Starting Servlet engine: [Apache Tomcat/9.0.71]
INFO  23-03-20 14:27:41[restartedMain] [TldScanner:173] - At least one JAR was scanned for TLDs yet contained no TLDs. Enable debug logging for this logger for a complete list of JARs that were scanned but no TLDs were found in them. Skipping unneeded JARs during scanning can improve startup time and JSP compilation time.
INFO  23-03-20 14:27:41[restartedMain] [[/]:173] - Initializing Spring embedded WebApplicationContext
INFO  23-03-20 14:27:41[restartedMain] [ServletWebServerApplicationContext:292] - Root WebApplicationContext: initialization completed in 249 ms
INFO  23-03-20 14:27:41[restartedMain] [WelcomePageHandlerMapping:57] - Adding welcome page template: index
INFO  23-03-20 14:27:41[restartedMain] [OptionalLiveReloadServer:59] - LiveReload server is running on port 35729
INFO  23-03-20 14:27:41[restartedMain] [Http11NioProtocol:173] - Starting ProtocolHandler ["http-nio-8080"]
INFO  23-03-20 14:27:41[restartedMain] [TomcatWebServer:220] - Tomcat started on port(s): 8080 (http) with context path ''
INFO  23-03-20 14:27:41[restartedMain] [ItdaApplication:61] - Started ItdaApplication in 0.371 seconds (JVM running for 271.165)
INFO  23-03-20 14:27:41[restartedMain] [ConditionEvaluationDeltaLoggingListener:63] - Condition evaluation unchanged
INFO  23-03-20 14:28:01[http-nio-8080-exec-1] [[/]:173] - Initializing Spring DispatcherServlet 'dispatcherServlet'
INFO  23-03-20 14:28:01[http-nio-8080-exec-1] [DispatcherServlet:525] - Initializing Servlet 'dispatcherServlet'
INFO  23-03-20 14:28:01[http-nio-8080-exec-1] [DispatcherServlet:547] - Completed initialization in 0 ms
INFO  23-03-20 15:18:14[restartedMain] [ItdaApplication:55] - Starting ItdaApplication using Java 17.0.6 on DESKTOP-8DKD9M3 with PID 25980 (C:\labs\itda\target\classes started by jhmon in C:\labs\itda)
INFO  23-03-20 15:18:14[restartedMain] [ItdaApplication:631] - No active profile set, falling back to 1 default profile: "default"
INFO  23-03-20 15:18:14[restartedMain] [ChangeableUrls:255] - The Class-Path manifest attribute in C:\Users\jhmon\.m2\repository\com\oracle\database\jdbc\ojdbc8\21.5.0.0\ojdbc8-21.5.0.0.jar referenced one or more files that do not exist: file:/C:/Users/jhmon/.m2/repository/com/oracle/database/jdbc/ojdbc8/21.5.0.0/oraclepki.jar
INFO  23-03-20 15:18:14[restartedMain] [DevToolsPropertyDefaultsPostProcessor:255] - Devtools property defaults active! Set 'spring.devtools.add-properties' to 'false' to disable
INFO  23-03-20 15:18:14[restartedMain] [DevToolsPropertyDefaultsPostProcessor:255] - For additional web related logging consider setting the 'logging.level.web' property to 'DEBUG'
DEBUG 23-03-20 15:18:15[restartedMain] [LogFactory:109] - Logging initialized using 'class org.apache.ibatis.logging.slf4j.Slf4jImpl' adapter.
WARN  23-03-20 15:18:15[restartedMain] [ClassPathMapperScanner:44] - No MyBatis mapper was found in '[com.project.itda]' package. Please check your configuration.
INFO  23-03-20 15:18:15[restartedMain] [TomcatWebServer:108] - Tomcat initialized with port(s): 8080 (http)
INFO  23-03-20 15:18:15[restartedMain] [Http11NioProtocol:173] - Initializing ProtocolHandler ["http-nio-8080"]
INFO  23-03-20 15:18:15[restartedMain] [StandardService:173] - Starting service [Tomcat]
INFO  23-03-20 15:18:15[restartedMain] [StandardEngine:173] - Starting Servlet engine: [Apache Tomcat/9.0.71]
INFO  23-03-20 15:18:16[restartedMain] [TldScanner:173] - At least one JAR was scanned for TLDs yet contained no TLDs. Enable debug logging for this logger for a complete list of JARs that were scanned but no TLDs were found in them. Skipping unneeded JARs during scanning can improve startup time and JSP compilation time.
INFO  23-03-20 15:18:16[restartedMain] [[/]:173] - Initializing Spring embedded WebApplicationContext
INFO  23-03-20 15:18:16[restartedMain] [ServletWebServerApplicationContext:292] - Root WebApplicationContext: initialization completed in 1828 ms
INFO  23-03-20 15:18:16[restartedMain] [WelcomePageHandlerMapping:57] - Adding welcome page template: index
WARN  23-03-20 15:18:16[restartedMain] [OptionalLiveReloadServer:62] - Unable to start LiveReload server
INFO  23-03-20 15:18:16[restartedMain] [Http11NioProtocol:173] - Starting ProtocolHandler ["http-nio-8080"]
WARN  23-03-20 15:18:16[restartedMain] [AnnotationConfigServletWebServerApplicationContext:591] - Exception encountered during context initialization - cancelling refresh attempt: org.springframework.context.ApplicationContextException: Failed to start bean 'webServerStartStop'; nested exception is org.springframework.boot.web.server.PortInUseException: Port 8080 is already in use
INFO  23-03-20 15:18:16[restartedMain] [Http11NioProtocol:173] - Pausing ProtocolHandler ["http-nio-8080"]
INFO  23-03-20 15:18:16[restartedMain] [StandardService:173] - Stopping service [Tomcat]
INFO  23-03-20 15:18:16[restartedMain] [Http11NioProtocol:173] - Stopping ProtocolHandler ["http-nio-8080"]
INFO  23-03-20 15:18:16[restartedMain] [Http11NioProtocol:173] - Destroying ProtocolHandler ["http-nio-8080"]
INFO  23-03-20 15:18:16[restartedMain] [ConditionEvaluationReportLoggingListener:136] - 

Error starting ApplicationContext. To display the conditions report re-run your application with 'debug' enabled.
ERROR 23-03-20 15:18:16[restartedMain] [LoggingFailureAnalysisReporter:40] - 

***************************
APPLICATION FAILED TO START
***************************

Description:

Web server failed to start. Port 8080 was already in use.

Action:

Identify and stop the process that's listening on port 8080 or configure this application to listen on another port.

INFO  23-03-20 15:28:13[File Watcher] [LocalDevToolsAutoConfiguration$RestartingClassPathChangeChangedEventListener:211] - Restarting due to 1 class path change (1 addition, 0 deletions, 0 modifications)
INFO  23-03-20 15:28:13[Thread-27] [Http11NioProtocol:173] - Pausing ProtocolHandler ["http-nio-8080"]
INFO  23-03-20 15:28:13[Thread-27] [StandardService:173] - Stopping service [Tomcat]
INFO  23-03-20 15:28:13[Thread-27] [[/]:173] - Destroying Spring FrameworkServlet 'dispatcherServlet'
INFO  23-03-20 15:28:13[Thread-27] [Http11NioProtocol:173] - Stopping ProtocolHandler ["http-nio-8080"]
INFO  23-03-20 15:28:13[Thread-27] [Http11NioProtocol:173] - Destroying ProtocolHandler ["http-nio-8080"]
INFO  23-03-20 15:28:13[restartedMain] [ItdaApplication:55] - Starting ItdaApplication using Java 17.0.6 on DESKTOP-8DKD9M3 with PID 17092 (C:\labs\itda\target\classes started by jhmon in C:\labs\itda)
INFO  23-03-20 15:28:13[restartedMain] [ItdaApplication:631] - No active profile set, falling back to 1 default profile: "default"
WARN  23-03-20 15:28:13[restartedMain] [ClassPathMapperScanner:44] - No MyBatis mapper was found in '[com.project.itda]' package. Please check your configuration.
INFO  23-03-20 15:28:13[restartedMain] [TomcatWebServer:108] - Tomcat initialized with port(s): 8080 (http)
INFO  23-03-20 15:28:13[restartedMain] [Http11NioProtocol:173] - Initializing ProtocolHandler ["http-nio-8080"]
INFO  23-03-20 15:28:13[restartedMain] [StandardService:173] - Starting service [Tomcat]
INFO  23-03-20 15:28:13[restartedMain] [StandardEngine:173] - Starting Servlet engine: [Apache Tomcat/9.0.71]
INFO  23-03-20 15:28:13[restartedMain] [TldScanner:173] - At least one JAR was scanned for TLDs yet contained no TLDs. Enable debug logging for this logger for a complete list of JARs that were scanned but no TLDs were found in them. Skipping unneeded JARs during scanning can improve startup time and JSP compilation time.
INFO  23-03-20 15:28:13[restartedMain] [[/]:173] - Initializing Spring embedded WebApplicationContext
INFO  23-03-20 15:28:13[restartedMain] [ServletWebServerApplicationContext:292] - Root WebApplicationContext: initialization completed in 237 ms
INFO  23-03-20 15:28:13[restartedMain] [WelcomePageHandlerMapping:57] - Adding welcome page template: index
INFO  23-03-20 15:28:13[restartedMain] [OptionalLiveReloadServer:59] - LiveReload server is running on port 35729
INFO  23-03-20 15:28:13[restartedMain] [Http11NioProtocol:173] - Starting ProtocolHandler ["http-nio-8080"]
INFO  23-03-20 15:28:13[restartedMain] [TomcatWebServer:220] - Tomcat started on port(s): 8080 (http) with context path ''
INFO  23-03-20 15:28:13[restartedMain] [ItdaApplication:61] - Started ItdaApplication in 0.351 seconds (JVM running for 3903.523)
INFO  23-03-20 15:28:13[restartedMain] [ConditionEvaluationDeltaLoggingListener:63] - Condition evaluation unchanged
INFO  23-03-20 15:28:19[File Watcher] [LocalDevToolsAutoConfiguration$RestartingClassPathChangeChangedEventListener:211] - Restarting due to 1 class path change (1 addition, 0 deletions, 0 modifications)
INFO  23-03-20 15:28:19[Thread-31] [Http11NioProtocol:173] - Pausing ProtocolHandler ["http-nio-8080"]
INFO  23-03-20 15:28:19[Thread-31] [StandardService:173] - Stopping service [Tomcat]
INFO  23-03-20 15:28:19[Thread-31] [Http11NioProtocol:173] - Stopping ProtocolHandler ["http-nio-8080"]
INFO  23-03-20 15:28:19[Thread-31] [Http11NioProtocol:173] - Destroying ProtocolHandler ["http-nio-8080"]
INFO  23-03-20 15:28:19[restartedMain] [ItdaApplication:55] - Starting ItdaApplication using Java 17.0.6 on DESKTOP-8DKD9M3 with PID 17092 (C:\labs\itda\target\classes started by jhmon in C:\labs\itda)
INFO  23-03-20 15:28:19[restartedMain] [ItdaApplication:631] - No active profile set, falling back to 1 default profile: "default"
WARN  23-03-20 15:28:19[restartedMain] [ClassPathMapperScanner:44] - No MyBatis mapper was found in '[com.project.itda]' package. Please check your configuration.
INFO  23-03-20 15:28:19[restartedMain] [TomcatWebServer:108] - Tomcat initialized with port(s): 8080 (http)
INFO  23-03-20 15:28:19[restartedMain] [Http11NioProtocol:173] - Initializing ProtocolHandler ["http-nio-8080"]
INFO  23-03-20 15:28:19[restartedMain] [StandardService:173] - Starting service [Tomcat]
INFO  23-03-20 15:28:19[restartedMain] [StandardEngine:173] - Starting Servlet engine: [Apache Tomcat/9.0.71]
INFO  23-03-20 15:28:19[restartedMain] [TldScanner:173] - At least one JAR was scanned for TLDs yet contained no TLDs. Enable debug logging for this logger for a complete list of JARs that were scanned but no TLDs were found in them. Skipping unneeded JARs during scanning can improve startup time and JSP compilation time.
INFO  23-03-20 15:28:19[restartedMain] [[/]:173] - Initializing Spring embedded WebApplicationContext
INFO  23-03-20 15:28:19[restartedMain] [ServletWebServerApplicationContext:292] - Root WebApplicationContext: initialization completed in 232 ms
INFO  23-03-20 15:28:19[restartedMain] [WelcomePageHandlerMapping:57] - Adding welcome page template: index
INFO  23-03-20 15:28:19[restartedMain] [OptionalLiveReloadServer:59] - LiveReload server is running on port 35729
INFO  23-03-20 15:28:19[restartedMain] [Http11NioProtocol:173] - Starting ProtocolHandler ["http-nio-8080"]
INFO  23-03-20 15:28:19[restartedMain] [TomcatWebServer:220] - Tomcat started on port(s): 8080 (http) with context path ''
INFO  23-03-20 15:28:19[restartedMain] [ItdaApplication:61] - Started ItdaApplication in 0.341 seconds (JVM running for 3909.436)
INFO  23-03-20 15:28:19[restartedMain] [ConditionEvaluationDeltaLoggingListener:63] - Condition evaluation unchanged
INFO  23-03-20 15:30:26[File Watcher] [LocalDevToolsAutoConfiguration$RestartingClassPathChangeChangedEventListener:211] - Restarting due to 2 class path changes (0 additions, 2 deletions, 0 modifications)
INFO  23-03-20 15:30:26[Thread-35] [Http11NioProtocol:173] - Pausing ProtocolHandler ["http-nio-8080"]
INFO  23-03-20 15:30:26[Thread-35] [StandardService:173] - Stopping service [Tomcat]
INFO  23-03-20 15:30:26[Thread-35] [Http11NioProtocol:173] - Stopping ProtocolHandler ["http-nio-8080"]
INFO  23-03-20 15:30:26[Thread-35] [Http11NioProtocol:173] - Destroying ProtocolHandler ["http-nio-8080"]
INFO  23-03-20 15:30:26[restartedMain] [ItdaApplication:55] - Starting ItdaApplication using Java 17.0.6 on DESKTOP-8DKD9M3 with PID 17092 (C:\labs\itda\target\classes started by jhmon in C:\labs\itda)
INFO  23-03-20 15:30:26[restartedMain] [ItdaApplication:631] - No active profile set, falling back to 1 default profile: "default"
WARN  23-03-20 15:30:26[restartedMain] [ClassPathMapperScanner:44] - No MyBatis mapper was found in '[com.project.itda]' package. Please check your configuration.
INFO  23-03-20 15:30:26[restartedMain] [TomcatWebServer:108] - Tomcat initialized with port(s): 8080 (http)
INFO  23-03-20 15:30:26[restartedMain] [Http11NioProtocol:173] - Initializing ProtocolHandler ["http-nio-8080"]
INFO  23-03-20 15:30:26[restartedMain] [StandardService:173] - Starting service [Tomcat]
INFO  23-03-20 15:30:26[restartedMain] [StandardEngine:173] - Starting Servlet engine: [Apache Tomcat/9.0.71]
INFO  23-03-20 15:30:26[restartedMain] [TldScanner:173] - At least one JAR was scanned for TLDs yet contained no TLDs. Enable debug logging for this logger for a complete list of JARs that were scanned but no TLDs were found in them. Skipping unneeded JARs during scanning can improve startup time and JSP compilation time.
INFO  23-03-20 15:30:26[restartedMain] [[/]:173] - Initializing Spring embedded WebApplicationContext
INFO  23-03-20 15:30:26[restartedMain] [ServletWebServerApplicationContext:292] - Root WebApplicationContext: initialization completed in 212 ms
INFO  23-03-20 15:30:26[restartedMain] [WelcomePageHandlerMapping:57] - Adding welcome page template: index
INFO  23-03-20 15:30:26[restartedMain] [OptionalLiveReloadServer:59] - LiveReload server is running on port 35729
INFO  23-03-20 15:30:26[restartedMain] [Http11NioProtocol:173] - Starting ProtocolHandler ["http-nio-8080"]
INFO  23-03-20 15:30:26[restartedMain] [TomcatWebServer:220] - Tomcat started on port(s): 8080 (http) with context path ''
INFO  23-03-20 15:30:26[restartedMain] [ItdaApplication:61] - Started ItdaApplication in 0.34 seconds (JVM running for 4036.484)
INFO  23-03-20 15:30:26[restartedMain] [ConditionEvaluationDeltaLoggingListener:63] - Condition evaluation unchanged
INFO  23-03-20 15:32:55[http-nio-8080-exec-1] [[/]:173] - Initializing Spring DispatcherServlet 'dispatcherServlet'
INFO  23-03-20 15:32:55[http-nio-8080-exec-1] [DispatcherServlet:525] - Initializing Servlet 'dispatcherServlet'
INFO  23-03-20 15:32:55[http-nio-8080-exec-1] [DispatcherServlet:547] - Completed initialization in 0 ms
INFO  23-03-20 15:33:54[File Watcher] [LocalDevToolsAutoConfiguration$RestartingClassPathChangeChangedEventListener:211] - Restarting due to 1 class path change (0 additions, 0 deletions, 1 modification)
INFO  23-03-20 15:33:54[Thread-39] [Http11NioProtocol:173] - Pausing ProtocolHandler ["http-nio-8080"]
INFO  23-03-20 15:33:54[Thread-39] [StandardService:173] - Stopping service [Tomcat]
INFO  23-03-20 15:33:54[Thread-39] [[/]:173] - Destroying Spring FrameworkServlet 'dispatcherServlet'
INFO  23-03-20 15:33:54[Thread-39] [Http11NioProtocol:173] - Stopping ProtocolHandler ["http-nio-8080"]
INFO  23-03-20 15:33:54[Thread-39] [Http11NioProtocol:173] - Destroying ProtocolHandler ["http-nio-8080"]
INFO  23-03-20 15:33:54[restartedMain] [ItdaApplication:55] - Starting ItdaApplication using Java 17.0.6 on DESKTOP-8DKD9M3 with PID 17092 (C:\labs\itda\target\classes started by jhmon in C:\labs\itda)
INFO  23-03-20 15:33:54[restartedMain] [ItdaApplication:631] - No active profile set, falling back to 1 default profile: "default"
WARN  23-03-20 15:33:54[restartedMain] [ClassPathMapperScanner:44] - No MyBatis mapper was found in '[com.project.itda]' package. Please check your configuration.
INFO  23-03-20 15:33:54[restartedMain] [TomcatWebServer:108] - Tomcat initialized with port(s): 8080 (http)
INFO  23-03-20 15:33:54[restartedMain] [Http11NioProtocol:173] - Initializing ProtocolHandler ["http-nio-8080"]
INFO  23-03-20 15:33:54[restartedMain] [StandardService:173] - Starting service [Tomcat]
INFO  23-03-20 15:33:54[restartedMain] [StandardEngine:173] - Starting Servlet engine: [Apache Tomcat/9.0.71]
INFO  23-03-20 15:33:55[restartedMain] [TldScanner:173] - At least one JAR was scanned for TLDs yet contained no TLDs. Enable debug logging for this logger for a complete list of JARs that were scanned but no TLDs were found in them. Skipping unneeded JARs during scanning can improve startup time and JSP compilation time.
INFO  23-03-20 15:33:55[restartedMain] [[/]:173] - Initializing Spring embedded WebApplicationContext
INFO  23-03-20 15:33:55[restartedMain] [ServletWebServerApplicationContext:292] - Root WebApplicationContext: initialization completed in 397 ms
INFO  23-03-20 15:33:55[restartedMain] [WelcomePageHandlerMapping:57] - Adding welcome page template: index
INFO  23-03-20 15:33:55[restartedMain] [OptionalLiveReloadServer:59] - LiveReload server is running on port 35729
INFO  23-03-20 15:33:55[restartedMain] [Http11NioProtocol:173] - Starting ProtocolHandler ["http-nio-8080"]
INFO  23-03-20 15:33:55[restartedMain] [TomcatWebServer:220] - Tomcat started on port(s): 8080 (http) with context path ''
INFO  23-03-20 15:33:55[restartedMain] [ItdaApplication:61] - Started ItdaApplication in 0.607 seconds (JVM running for 4245.046)
INFO  23-03-20 15:33:55[restartedMain] [ConditionEvaluationDeltaLoggingListener:63] - Condition evaluation unchanged
INFO  23-03-20 15:33:55[http-nio-8080-exec-2] [[/]:173] - Initializing Spring DispatcherServlet 'dispatcherServlet'
INFO  23-03-20 15:33:55[http-nio-8080-exec-2] [DispatcherServlet:525] - Initializing Servlet 'dispatcherServlet'
INFO  23-03-20 15:33:55[http-nio-8080-exec-2] [DispatcherServlet:547] - Completed initialization in 0 ms
INFO  23-03-20 15:40:49[File Watcher] [LocalDevToolsAutoConfiguration$RestartingClassPathChangeChangedEventListener:211] - Restarting due to 3 class path changes (1 addition, 1 deletion, 1 modification)
INFO  23-03-20 15:40:49[Thread-43] [Http11NioProtocol:173] - Pausing ProtocolHandler ["http-nio-8080"]
INFO  23-03-20 15:40:49[Thread-43] [StandardService:173] - Stopping service [Tomcat]
INFO  23-03-20 15:40:49[Thread-43] [[/]:173] - Destroying Spring FrameworkServlet 'dispatcherServlet'
INFO  23-03-20 15:40:49[Thread-43] [Http11NioProtocol:173] - Stopping ProtocolHandler ["http-nio-8080"]
INFO  23-03-20 15:40:49[Thread-43] [Http11NioProtocol:173] - Destroying ProtocolHandler ["http-nio-8080"]
INFO  23-03-20 15:40:49[restartedMain] [ItdaApplication:55] - Starting ItdaApplication using Java 17.0.6 on DESKTOP-8DKD9M3 with PID 17092 (C:\labs\itda\target\classes started by jhmon in C:\labs\itda)
INFO  23-03-20 15:40:49[restartedMain] [ItdaApplication:631] - No active profile set, falling back to 1 default profile: "default"
WARN  23-03-20 15:40:49[restartedMain] [ClassPathMapperScanner:44] - No MyBatis mapper was found in '[com.project.itda]' package. Please check your configuration.
INFO  23-03-20 15:40:49[restartedMain] [TomcatWebServer:108] - Tomcat initialized with port(s): 8080 (http)
INFO  23-03-20 15:40:49[restartedMain] [Http11NioProtocol:173] - Initializing ProtocolHandler ["http-nio-8080"]
INFO  23-03-20 15:40:49[restartedMain] [StandardService:173] - Starting service [Tomcat]
INFO  23-03-20 15:40:49[restartedMain] [StandardEngine:173] - Starting Servlet engine: [Apache Tomcat/9.0.71]
INFO  23-03-20 15:40:49[restartedMain] [TldScanner:173] - At least one JAR was scanned for TLDs yet contained no TLDs. Enable debug logging for this logger for a complete list of JARs that were scanned but no TLDs were found in them. Skipping unneeded JARs during scanning can improve startup time and JSP compilation time.
INFO  23-03-20 15:40:49[restartedMain] [[/]:173] - Initializing Spring embedded WebApplicationContext
INFO  23-03-20 15:40:49[restartedMain] [ServletWebServerApplicationContext:292] - Root WebApplicationContext: initialization completed in 199 ms
INFO  23-03-20 15:40:49[restartedMain] [WelcomePageHandlerMapping:57] - Adding welcome page template: index
INFO  23-03-20 15:40:49[restartedMain] [OptionalLiveReloadServer:59] - LiveReload server is running on port 35729
INFO  23-03-20 15:40:49[restartedMain] [Http11NioProtocol:173] - Starting ProtocolHandler ["http-nio-8080"]
INFO  23-03-20 15:40:49[restartedMain] [TomcatWebServer:220] - Tomcat started on port(s): 8080 (http) with context path ''
INFO  23-03-20 15:40:49[restartedMain] [ItdaApplication:61] - Started ItdaApplication in 0.309 seconds (JVM running for 4659.597)
INFO  23-03-20 15:40:49[restartedMain] [ConditionEvaluationDeltaLoggingListener:63] - Condition evaluation unchanged
INFO  23-03-20 15:55:13[File Watcher] [LocalDevToolsAutoConfiguration$RestartingClassPathChangeChangedEventListener:211] - Restarting due to 6 class path changes (0 additions, 0 deletions, 6 modifications)
INFO  23-03-20 15:55:13[Thread-47] [Http11NioProtocol:173] - Pausing ProtocolHandler ["http-nio-8080"]
INFO  23-03-20 15:55:13[Thread-47] [StandardService:173] - Stopping service [Tomcat]
INFO  23-03-20 15:55:13[Thread-47] [Http11NioProtocol:173] - Stopping ProtocolHandler ["http-nio-8080"]
INFO  23-03-20 15:55:13[Thread-47] [Http11NioProtocol:173] - Destroying ProtocolHandler ["http-nio-8080"]
INFO  23-03-20 15:55:13[restartedMain] [ItdaApplication:55] - Starting ItdaApplication using Java 17.0.6 on DESKTOP-8DKD9M3 with PID 17092 (C:\labs\itda\target\classes started by jhmon in C:\labs\itda)
INFO  23-03-20 15:55:13[restartedMain] [ItdaApplication:631] - No active profile set, falling back to 1 default profile: "default"
WARN  23-03-20 15:55:13[restartedMain] [ClassPathMapperScanner:44] - No MyBatis mapper was found in '[com.project.itda]' package. Please check your configuration.
INFO  23-03-20 15:55:13[restartedMain] [TomcatWebServer:108] - Tomcat initialized with port(s): 8080 (http)
INFO  23-03-20 15:55:13[restartedMain] [Http11NioProtocol:173] - Initializing ProtocolHandler ["http-nio-8080"]
INFO  23-03-20 15:55:13[restartedMain] [StandardService:173] - Starting service [Tomcat]
INFO  23-03-20 15:55:13[restartedMain] [StandardEngine:173] - Starting Servlet engine: [Apache Tomcat/9.0.71]
INFO  23-03-20 15:55:13[restartedMain] [TldScanner:173] - At least one JAR was scanned for TLDs yet contained no TLDs. Enable debug logging for this logger for a complete list of JARs that were scanned but no TLDs were found in them. Skipping unneeded JARs during scanning can improve startup time and JSP compilation time.
INFO  23-03-20 15:55:13[restartedMain] [[/]:173] - Initializing Spring embedded WebApplicationContext
INFO  23-03-20 15:55:13[restartedMain] [ServletWebServerApplicationContext:292] - Root WebApplicationContext: initialization completed in 186 ms
INFO  23-03-20 15:55:13[restartedMain] [WelcomePageHandlerMapping:57] - Adding welcome page template: index
INFO  23-03-20 15:55:14[restartedMain] [OptionalLiveReloadServer:59] - LiveReload server is running on port 35729
INFO  23-03-20 15:55:14[restartedMain] [Http11NioProtocol:173] - Starting ProtocolHandler ["http-nio-8080"]
INFO  23-03-20 15:55:14[restartedMain] [TomcatWebServer:220] - Tomcat started on port(s): 8080 (http) with context path ''
INFO  23-03-20 15:55:14[restartedMain] [ItdaApplication:61] - Started ItdaApplication in 0.304 seconds (JVM running for 5523.891)
INFO  23-03-20 15:55:14[restartedMain] [ConditionEvaluationDeltaLoggingListener:63] - Condition evaluation unchanged
