INFO  23-03-23 13:39:33[restartedMain] [ItdaApplication:55] - Starting ItdaApplication using Java 17.0.5 on DESKTOP-0G2E7PN with PID 16400 (C:\Users\KOSA\git\itda\target\classes started by KOSA in C:\Users\KOSA\git\itda)
INFO  23-03-23 13:39:33[restartedMain] [ItdaApplication:631] - No active profile set, falling back to 1 default profile: "default"
INFO  23-03-23 13:39:33[restartedMain] [ChangeableUrls:255] - The Class-Path manifest attribute in C:\Users\KOSA\.m2\repository\com\oracle\database\jdbc\ojdbc8\21.5.0.0\ojdbc8-21.5.0.0.jar referenced one or more files that do not exist: file:/C:/Users/KOSA/.m2/repository/com/oracle/database/jdbc/ojdbc8/21.5.0.0/oraclepki.jar
INFO  23-03-23 13:39:33[restartedMain] [DevToolsPropertyDefaultsPostProcessor:255] - Devtools property defaults active! Set 'spring.devtools.add-properties' to 'false' to disable
INFO  23-03-23 13:39:33[restartedMain] [DevToolsPropertyDefaultsPostProcessor:255] - For additional web related logging consider setting the 'logging.level.web' property to 'DEBUG'
DEBUG 23-03-23 13:39:34[restartedMain] [LogFactory:109] - Logging initialized using 'class org.apache.ibatis.logging.slf4j.Slf4jImpl' adapter.
INFO  23-03-23 13:39:34[restartedMain] [TomcatWebServer:108] - Tomcat initialized with port(s): 8080 (http)
INFO  23-03-23 13:39:34[restartedMain] [Http11NioProtocol:173] - Initializing ProtocolHandler ["http-nio-8080"]
INFO  23-03-23 13:39:34[restartedMain] [StandardService:173] - Starting service [Tomcat]
INFO  23-03-23 13:39:34[restartedMain] [StandardEngine:173] - Starting Servlet engine: [Apache Tomcat/9.0.71]
INFO  23-03-23 13:39:35[restartedMain] [TldScanner:173] - At least one JAR was scanned for TLDs yet contained no TLDs. Enable debug logging for this logger for a complete list of JARs that were scanned but no TLDs were found in them. Skipping unneeded JARs during scanning can improve startup time and JSP compilation time.
INFO  23-03-23 13:39:35[restartedMain] [[/]:173] - Initializing Spring embedded WebApplicationContext
INFO  23-03-23 13:39:35[restartedMain] [ServletWebServerApplicationContext:292] - Root WebApplicationContext: initialization completed in 1712 ms
INFO  23-03-23 13:39:35[restartedMain] [WelcomePageHandlerMapping:57] - Adding welcome page template: index
INFO  23-03-23 13:39:35[restartedMain] [OptionalLiveReloadServer:59] - LiveReload server is running on port 35729
INFO  23-03-23 13:39:35[restartedMain] [Http11NioProtocol:173] - Starting ProtocolHandler ["http-nio-8080"]
INFO  23-03-23 13:39:35[restartedMain] [TomcatWebServer:220] - Tomcat started on port(s): 8080 (http) with context path ''
INFO  23-03-23 13:39:35[restartedMain] [ItdaApplication:61] - Started ItdaApplication in 2.9 seconds (JVM running for 3.378)
INFO  23-03-23 13:39:56[http-nio-8080-exec-1] [[/]:173] - Initializing Spring DispatcherServlet 'dispatcherServlet'
INFO  23-03-23 13:39:56[http-nio-8080-exec-1] [DispatcherServlet:525] - Initializing Servlet 'dispatcherServlet'
INFO  23-03-23 13:39:56[http-nio-8080-exec-1] [DispatcherServlet:547] - Completed initialization in 2 ms
INFO  23-03-23 14:17:48[File Watcher] [LocalDevToolsAutoConfiguration$RestartingClassPathChangeChangedEventListener:211] - Restarting due to 1 class path change (0 additions, 0 deletions, 1 modification)
INFO  23-03-23 14:17:48[Thread-5] [Http11NioProtocol:173] - Pausing ProtocolHandler ["http-nio-8080"]
INFO  23-03-23 14:17:48[Thread-5] [StandardService:173] - Stopping service [Tomcat]
INFO  23-03-23 14:17:48[Thread-5] [[/]:173] - Destroying Spring FrameworkServlet 'dispatcherServlet'
INFO  23-03-23 14:17:48[Thread-5] [Http11NioProtocol:173] - Stopping ProtocolHandler ["http-nio-8080"]
INFO  23-03-23 14:17:48[Thread-5] [Http11NioProtocol:173] - Destroying ProtocolHandler ["http-nio-8080"]
INFO  23-03-23 14:17:48[restartedMain] [ItdaApplication:55] - Starting ItdaApplication using Java 17.0.5 on DESKTOP-0G2E7PN with PID 16400 (C:\Users\KOSA\git\itda\target\classes started by KOSA in C:\Users\KOSA\git\itda)
INFO  23-03-23 14:17:48[restartedMain] [ItdaApplication:631] - No active profile set, falling back to 1 default profile: "default"
INFO  23-03-23 14:17:48[restartedMain] [TomcatWebServer:108] - Tomcat initialized with port(s): 8080 (http)
INFO  23-03-23 14:17:48[restartedMain] [Http11NioProtocol:173] - Initializing ProtocolHandler ["http-nio-8080"]
INFO  23-03-23 14:17:48[restartedMain] [StandardService:173] - Starting service [Tomcat]
INFO  23-03-23 14:17:48[restartedMain] [StandardEngine:173] - Starting Servlet engine: [Apache Tomcat/9.0.71]
INFO  23-03-23 14:17:48[restartedMain] [TldScanner:173] - At least one JAR was scanned for TLDs yet contained no TLDs. Enable debug logging for this logger for a complete list of JARs that were scanned but no TLDs were found in them. Skipping unneeded JARs during scanning can improve startup time and JSP compilation time.
INFO  23-03-23 14:17:48[restartedMain] [[/]:173] - Initializing Spring embedded WebApplicationContext
INFO  23-03-23 14:17:48[restartedMain] [ServletWebServerApplicationContext:292] - Root WebApplicationContext: initialization completed in 436 ms
INFO  23-03-23 14:17:48[restartedMain] [WelcomePageHandlerMapping:57] - Adding welcome page template: index
INFO  23-03-23 14:17:48[restartedMain] [OptionalLiveReloadServer:59] - LiveReload server is running on port 35729
INFO  23-03-23 14:17:48[restartedMain] [Http11NioProtocol:173] - Starting ProtocolHandler ["http-nio-8080"]
INFO  23-03-23 14:17:48[restartedMain] [TomcatWebServer:220] - Tomcat started on port(s): 8080 (http) with context path ''
INFO  23-03-23 14:17:48[restartedMain] [ItdaApplication:61] - Started ItdaApplication in 0.627 seconds (JVM running for 2296.485)
INFO  23-03-23 14:17:48[restartedMain] [ConditionEvaluationDeltaLoggingListener:63] - Condition evaluation unchanged
INFO  23-03-23 14:17:56[File Watcher] [LocalDevToolsAutoConfiguration$RestartingClassPathChangeChangedEventListener:211] - Restarting due to 1 class path change (0 additions, 0 deletions, 1 modification)
INFO  23-03-23 14:17:56[Thread-7] [Http11NioProtocol:173] - Pausing ProtocolHandler ["http-nio-8080"]
INFO  23-03-23 14:17:56[Thread-7] [StandardService:173] - Stopping service [Tomcat]
INFO  23-03-23 14:17:56[Thread-7] [Http11NioProtocol:173] - Stopping ProtocolHandler ["http-nio-8080"]
INFO  23-03-23 14:17:56[Thread-7] [Http11NioProtocol:173] - Destroying ProtocolHandler ["http-nio-8080"]
INFO  23-03-23 14:17:56[restartedMain] [ItdaApplication:55] - Starting ItdaApplication using Java 17.0.5 on DESKTOP-0G2E7PN with PID 16400 (C:\Users\KOSA\git\itda\target\classes started by KOSA in C:\Users\KOSA\git\itda)
INFO  23-03-23 14:17:56[restartedMain] [ItdaApplication:631] - No active profile set, falling back to 1 default profile: "default"
INFO  23-03-23 14:17:56[restartedMain] [TomcatWebServer:108] - Tomcat initialized with port(s): 8080 (http)
INFO  23-03-23 14:17:56[restartedMain] [Http11NioProtocol:173] - Initializing ProtocolHandler ["http-nio-8080"]
INFO  23-03-23 14:17:56[restartedMain] [StandardService:173] - Starting service [Tomcat]
INFO  23-03-23 14:17:56[restartedMain] [StandardEngine:173] - Starting Servlet engine: [Apache Tomcat/9.0.71]
INFO  23-03-23 14:17:56[restartedMain] [TldScanner:173] - At least one JAR was scanned for TLDs yet contained no TLDs. Enable debug logging for this logger for a complete list of JARs that were scanned but no TLDs were found in them. Skipping unneeded JARs during scanning can improve startup time and JSP compilation time.
INFO  23-03-23 14:17:56[restartedMain] [[/]:173] - Initializing Spring embedded WebApplicationContext
INFO  23-03-23 14:17:56[restartedMain] [ServletWebServerApplicationContext:292] - Root WebApplicationContext: initialization completed in 324 ms
INFO  23-03-23 14:17:57[restartedMain] [WelcomePageHandlerMapping:57] - Adding welcome page template: index
INFO  23-03-23 14:17:57[restartedMain] [OptionalLiveReloadServer:59] - LiveReload server is running on port 35729
INFO  23-03-23 14:17:57[restartedMain] [Http11NioProtocol:173] - Starting ProtocolHandler ["http-nio-8080"]
INFO  23-03-23 14:17:57[restartedMain] [TomcatWebServer:220] - Tomcat started on port(s): 8080 (http) with context path ''
INFO  23-03-23 14:17:57[restartedMain] [ItdaApplication:61] - Started ItdaApplication in 0.511 seconds (JVM running for 2304.657)
INFO  23-03-23 14:17:57[restartedMain] [ConditionEvaluationDeltaLoggingListener:63] - Condition evaluation unchanged
INFO  23-03-23 14:19:50[http-nio-8080-exec-1] [[/]:173] - Initializing Spring DispatcherServlet 'dispatcherServlet'
INFO  23-03-23 14:19:50[http-nio-8080-exec-1] [DispatcherServlet:525] - Initializing Servlet 'dispatcherServlet'
INFO  23-03-23 14:19:50[http-nio-8080-exec-1] [DispatcherServlet:547] - Completed initialization in 1 ms
INFO  23-03-23 16:40:31[File Watcher] [LocalDevToolsAutoConfiguration$RestartingClassPathChangeChangedEventListener:211] - Restarting due to 1 class path change (0 additions, 0 deletions, 1 modification)
INFO  23-03-23 16:40:31[Thread-11] [Http11NioProtocol:173] - Pausing ProtocolHandler ["http-nio-8080"]
INFO  23-03-23 16:40:31[Thread-11] [StandardService:173] - Stopping service [Tomcat]
INFO  23-03-23 16:40:31[Thread-11] [[/]:173] - Destroying Spring FrameworkServlet 'dispatcherServlet'
INFO  23-03-23 16:40:31[Thread-11] [Http11NioProtocol:173] - Stopping ProtocolHandler ["http-nio-8080"]
INFO  23-03-23 16:40:31[Thread-11] [Http11NioProtocol:173] - Destroying ProtocolHandler ["http-nio-8080"]
INFO  23-03-23 16:40:31[restartedMain] [ItdaApplication:55] - Starting ItdaApplication using Java 17.0.5 on DESKTOP-0G2E7PN with PID 16400 (C:\Users\KOSA\git\itda\target\classes started by KOSA in C:\Users\KOSA\git\itda)
INFO  23-03-23 16:40:31[restartedMain] [ItdaApplication:631] - No active profile set, falling back to 1 default profile: "default"
INFO  23-03-23 16:40:31[restartedMain] [TomcatWebServer:108] - Tomcat initialized with port(s): 8080 (http)
INFO  23-03-23 16:40:31[restartedMain] [Http11NioProtocol:173] - Initializing ProtocolHandler ["http-nio-8080"]
INFO  23-03-23 16:40:31[restartedMain] [StandardService:173] - Starting service [Tomcat]
INFO  23-03-23 16:40:31[restartedMain] [StandardEngine:173] - Starting Servlet engine: [Apache Tomcat/9.0.71]
INFO  23-03-23 16:40:31[restartedMain] [TldScanner:173] - At least one JAR was scanned for TLDs yet contained no TLDs. Enable debug logging for this logger for a complete list of JARs that were scanned but no TLDs were found in them. Skipping unneeded JARs during scanning can improve startup time and JSP compilation time.
INFO  23-03-23 16:40:31[restartedMain] [[/]:173] - Initializing Spring embedded WebApplicationContext
INFO  23-03-23 16:40:31[restartedMain] [ServletWebServerApplicationContext:292] - Root WebApplicationContext: initialization completed in 278 ms
INFO  23-03-23 16:40:31[restartedMain] [WelcomePageHandlerMapping:57] - Adding welcome page template: index
INFO  23-03-23 16:40:31[restartedMain] [OptionalLiveReloadServer:59] - LiveReload server is running on port 35729
INFO  23-03-23 16:40:31[restartedMain] [Http11NioProtocol:173] - Starting ProtocolHandler ["http-nio-8080"]
INFO  23-03-23 16:40:31[restartedMain] [TomcatWebServer:220] - Tomcat started on port(s): 8080 (http) with context path ''
INFO  23-03-23 16:40:31[restartedMain] [ItdaApplication:61] - Started ItdaApplication in 0.462 seconds (JVM running for 10859.278)
INFO  23-03-23 16:40:31[restartedMain] [ConditionEvaluationDeltaLoggingListener:63] - Condition evaluation unchanged
INFO  23-03-23 16:41:42[http-nio-8080-exec-2] [[/]:173] - Initializing Spring DispatcherServlet 'dispatcherServlet'
INFO  23-03-23 16:41:42[http-nio-8080-exec-2] [DispatcherServlet:525] - Initializing Servlet 'dispatcherServlet'
INFO  23-03-23 16:41:42[http-nio-8080-exec-2] [DispatcherServlet:547] - Completed initialization in 1 ms
INFO  23-03-23 17:36:56[File Watcher] [LocalDevToolsAutoConfiguration$RestartingClassPathChangeChangedEventListener:211] - Restarting due to 1 class path change (0 additions, 0 deletions, 1 modification)
INFO  23-03-23 17:36:56[Thread-15] [Http11NioProtocol:173] - Pausing ProtocolHandler ["http-nio-8080"]
INFO  23-03-23 17:36:56[Thread-15] [StandardService:173] - Stopping service [Tomcat]
INFO  23-03-23 17:36:56[Thread-15] [[/]:173] - Destroying Spring FrameworkServlet 'dispatcherServlet'
INFO  23-03-23 17:36:56[Thread-15] [Http11NioProtocol:173] - Stopping ProtocolHandler ["http-nio-8080"]
INFO  23-03-23 17:36:56[Thread-15] [Http11NioProtocol:173] - Destroying ProtocolHandler ["http-nio-8080"]
INFO  23-03-23 17:36:56[restartedMain] [ItdaApplication:55] - Starting ItdaApplication using Java 17.0.5 on DESKTOP-0G2E7PN with PID 16400 (C:\Users\KOSA\git\itda\target\classes started by KOSA in C:\Users\KOSA\git\itda)
INFO  23-03-23 17:36:56[restartedMain] [ItdaApplication:631] - No active profile set, falling back to 1 default profile: "default"
INFO  23-03-23 17:36:56[restartedMain] [TomcatWebServer:108] - Tomcat initialized with port(s): 8080 (http)
INFO  23-03-23 17:36:56[restartedMain] [Http11NioProtocol:173] - Initializing ProtocolHandler ["http-nio-8080"]
INFO  23-03-23 17:36:56[restartedMain] [StandardService:173] - Starting service [Tomcat]
INFO  23-03-23 17:36:56[restartedMain] [StandardEngine:173] - Starting Servlet engine: [Apache Tomcat/9.0.71]
INFO  23-03-23 17:36:56[restartedMain] [TldScanner:173] - At least one JAR was scanned for TLDs yet contained no TLDs. Enable debug logging for this logger for a complete list of JARs that were scanned but no TLDs were found in them. Skipping unneeded JARs during scanning can improve startup time and JSP compilation time.
INFO  23-03-23 17:36:56[restartedMain] [[/]:173] - Initializing Spring embedded WebApplicationContext
INFO  23-03-23 17:36:56[restartedMain] [ServletWebServerApplicationContext:292] - Root WebApplicationContext: initialization completed in 237 ms
INFO  23-03-23 17:36:56[restartedMain] [WelcomePageHandlerMapping:57] - Adding welcome page template: index
WARN  23-03-23 17:36:56[restartedMain] [AnnotationConfigServletWebServerApplicationContext:591] - Exception encountered during context initialization - cancelling refresh attempt: org.springframework.beans.factory.BeanCreationException: Error creating bean with name 'requestMappingHandlerMapping' defined in class path resource [org/springframework/boot/autoconfigure/web/servlet/WebMvcAutoConfiguration$EnableWebMvcConfiguration.class]: Invocation of init method failed; nested exception is java.lang.IllegalStateException: Ambiguous mapping. Cannot map 'homeController' method 
com.project.itda.HomeController#mainImg(Model)
to {GET [/]}: There is already 'homeController' bean method
com.project.itda.HomeController#landingPage(Model) mapped.
INFO  23-03-23 17:36:56[restartedMain] [StandardService:173] - Stopping service [Tomcat]
INFO  23-03-23 17:36:56[restartedMain] [ConditionEvaluationReportLoggingListener:136] - 

Error starting ApplicationContext. To display the conditions report re-run your application with 'debug' enabled.
ERROR 23-03-23 17:36:56[restartedMain] [SpringApplication:821] - Application run failed
org.springframework.beans.factory.BeanCreationException: Error creating bean with name 'requestMappingHandlerMapping' defined in class path resource [org/springframework/boot/autoconfigure/web/servlet/WebMvcAutoConfiguration$EnableWebMvcConfiguration.class]: Invocation of init method failed; nested exception is java.lang.IllegalStateException: Ambiguous mapping. Cannot map 'homeController' method 
com.project.itda.HomeController#mainImg(Model)
to {GET [/]}: There is already 'homeController' bean method
com.project.itda.HomeController#landingPage(Model) mapped.
	at org.springframework.beans.factory.support.AbstractAutowireCapableBeanFactory.initializeBean(AbstractAutowireCapableBeanFactory.java:1804)
	at org.springframework.beans.factory.support.AbstractAutowireCapableBeanFactory.doCreateBean(AbstractAutowireCapableBeanFactory.java:620)
	at org.springframework.beans.factory.support.AbstractAutowireCapableBeanFactory.createBean(AbstractAutowireCapableBeanFactory.java:542)
	at org.springframework.beans.factory.support.AbstractBeanFactory.lambda$doGetBean$0(AbstractBeanFactory.java:335)
	at org.springframework.beans.factory.support.DefaultSingletonBeanRegistry.getSingleton(DefaultSingletonBeanRegistry.java:234)
	at org.springframework.beans.factory.support.AbstractBeanFactory.doGetBean(AbstractBeanFactory.java:333)
	at org.springframework.beans.factory.support.AbstractBeanFactory.getBean(AbstractBeanFactory.java:208)
	at org.springframework.beans.factory.support.DefaultListableBeanFactory.preInstantiateSingletons(DefaultListableBeanFactory.java:955)
	at org.springframework.context.support.AbstractApplicationContext.finishBeanFactoryInitialization(AbstractApplicationContext.java:918)
	at org.springframework.context.support.AbstractApplicationContext.refresh(AbstractApplicationContext.java:583)
	at org.springframework.boot.web.servlet.context.ServletWebServerApplicationContext.refresh(ServletWebServerApplicationContext.java:147)
	at org.springframework.boot.SpringApplication.refresh(SpringApplication.java:731)
	at org.springframework.boot.SpringApplication.refreshContext(SpringApplication.java:408)
	at org.springframework.boot.SpringApplication.run(SpringApplication.java:307)
	at org.springframework.boot.SpringApplication.run(SpringApplication.java:1303)
	at org.springframework.boot.SpringApplication.run(SpringApplication.java:1292)
	at com.project.itda.ItdaApplication.main(ItdaApplication.java:10)
	at java.base/jdk.internal.reflect.NativeMethodAccessorImpl.invoke0(Native Method)
	at java.base/jdk.internal.reflect.NativeMethodAccessorImpl.invoke(NativeMethodAccessorImpl.java:77)
	at java.base/jdk.internal.reflect.DelegatingMethodAccessorImpl.invoke(DelegatingMethodAccessorImpl.java:43)
	at java.base/java.lang.reflect.Method.invoke(Method.java:568)
	at org.springframework.boot.devtools.restart.RestartLauncher.run(RestartLauncher.java:49)
Caused by: java.lang.IllegalStateException: Ambiguous mapping. Cannot map 'homeController' method 
com.project.itda.HomeController#mainImg(Model)
to {GET [/]}: There is already 'homeController' bean method
com.project.itda.HomeController#landingPage(Model) mapped.
	at org.springframework.web.servlet.handler.AbstractHandlerMethodMapping$MappingRegistry.validateMethodMapping(AbstractHandlerMethodMapping.java:669)
	at org.springframework.web.servlet.handler.AbstractHandlerMethodMapping$MappingRegistry.register(AbstractHandlerMethodMapping.java:635)
	at org.springframework.web.servlet.handler.AbstractHandlerMethodMapping.registerHandlerMethod(AbstractHandlerMethodMapping.java:332)
	at org.springframework.web.servlet.mvc.method.annotation.RequestMappingHandlerMapping.registerHandlerMethod(RequestMappingHandlerMapping.java:420)
	at org.springframework.web.servlet.mvc.method.annotation.RequestMappingHandlerMapping.registerHandlerMethod(RequestMappingHandlerMapping.java:76)
	at org.springframework.web.servlet.handler.AbstractHandlerMethodMapping.lambda$detectHandlerMethods$2(AbstractHandlerMethodMapping.java:299)
	at java.base/java.util.LinkedHashMap.forEach(LinkedHashMap.java:721)
	at org.springframework.web.servlet.handler.AbstractHandlerMethodMapping.detectHandlerMethods(AbstractHandlerMethodMapping.java:297)
	at org.springframework.web.servlet.handler.AbstractHandlerMethodMapping.processCandidateBean(AbstractHandlerMethodMapping.java:266)
	at org.springframework.web.servlet.handler.AbstractHandlerMethodMapping.initHandlerMethods(AbstractHandlerMethodMapping.java:225)
	at org.springframework.web.servlet.handler.AbstractHandlerMethodMapping.afterPropertiesSet(AbstractHandlerMethodMapping.java:213)
	at org.springframework.web.servlet.mvc.method.annotation.RequestMappingHandlerMapping.afterPropertiesSet(RequestMappingHandlerMapping.java:205)
	at org.springframework.beans.factory.support.AbstractAutowireCapableBeanFactory.invokeInitMethods(AbstractAutowireCapableBeanFactory.java:1863)
	at org.springframework.beans.factory.support.AbstractAutowireCapableBeanFactory.initializeBean(AbstractAutowireCapableBeanFactory.java:1800)
	... 21 common frames omitted
INFO  23-03-23 17:37:04[restartedMain] [ItdaApplication:55] - Starting ItdaApplication using Java 17.0.5 on DESKTOP-0G2E7PN with PID 16400 (C:\Users\KOSA\git\itda\target\classes started by KOSA in C:\Users\KOSA\git\itda)
INFO  23-03-23 17:37:04[restartedMain] [ItdaApplication:631] - No active profile set, falling back to 1 default profile: "default"
INFO  23-03-23 17:37:04[restartedMain] [TomcatWebServer:108] - Tomcat initialized with port(s): 8080 (http)
INFO  23-03-23 17:37:04[restartedMain] [Http11NioProtocol:173] - Initializing ProtocolHandler ["http-nio-8080"]
INFO  23-03-23 17:37:04[restartedMain] [StandardService:173] - Starting service [Tomcat]
INFO  23-03-23 17:37:04[restartedMain] [StandardEngine:173] - Starting Servlet engine: [Apache Tomcat/9.0.71]
INFO  23-03-23 17:37:04[restartedMain] [TldScanner:173] - At least one JAR was scanned for TLDs yet contained no TLDs. Enable debug logging for this logger for a complete list of JARs that were scanned but no TLDs were found in them. Skipping unneeded JARs during scanning can improve startup time and JSP compilation time.
INFO  23-03-23 17:37:04[restartedMain] [[/]:173] - Initializing Spring embedded WebApplicationContext
INFO  23-03-23 17:37:04[restartedMain] [ServletWebServerApplicationContext:292] - Root WebApplicationContext: initialization completed in 210 ms
INFO  23-03-23 17:37:04[restartedMain] [WelcomePageHandlerMapping:57] - Adding welcome page template: index
INFO  23-03-23 17:37:04[restartedMain] [OptionalLiveReloadServer:59] - LiveReload server is running on port 35729
INFO  23-03-23 17:37:04[restartedMain] [Http11NioProtocol:173] - Starting ProtocolHandler ["http-nio-8080"]
INFO  23-03-23 17:37:04[restartedMain] [TomcatWebServer:220] - Tomcat started on port(s): 8080 (http) with context path ''
INFO  23-03-23 17:37:04[restartedMain] [ItdaApplication:61] - Started ItdaApplication in 0.351 seconds (JVM running for 14252.454)
INFO  23-03-23 17:37:04[restartedMain] [ConditionEvaluationDeltaLoggingListener:63] - Condition evaluation unchanged
INFO  23-03-23 17:37:12[http-nio-8080-exec-2] [[/]:173] - Initializing Spring DispatcherServlet 'dispatcherServlet'
INFO  23-03-23 17:37:12[http-nio-8080-exec-2] [DispatcherServlet:525] - Initializing Servlet 'dispatcherServlet'
INFO  23-03-23 17:37:13[http-nio-8080-exec-2] [DispatcherServlet:547] - Completed initialization in 1 ms
INFO  23-03-23 21:38:45[File Watcher] [LocalDevToolsAutoConfiguration$RestartingClassPathChangeChangedEventListener:211] - Restarting due to 1 class path change (0 additions, 0 deletions, 1 modification)
INFO  23-03-23 21:38:45[Thread-19] [Http11NioProtocol:173] - Pausing ProtocolHandler ["http-nio-8080"]
INFO  23-03-23 21:38:45[Thread-19] [StandardService:173] - Stopping service [Tomcat]
INFO  23-03-23 21:38:45[Thread-19] [[/]:173] - Destroying Spring FrameworkServlet 'dispatcherServlet'
INFO  23-03-23 21:38:45[Thread-19] [Http11NioProtocol:173] - Stopping ProtocolHandler ["http-nio-8080"]
INFO  23-03-23 21:38:45[Thread-19] [Http11NioProtocol:173] - Destroying ProtocolHandler ["http-nio-8080"]
INFO  23-03-23 21:38:45[restartedMain] [ItdaApplication:55] - Starting ItdaApplication using Java 17.0.5 on DESKTOP-0G2E7PN with PID 16400 (C:\Users\KOSA\git\itda\target\classes started by KOSA in C:\Users\KOSA\git\itda)
INFO  23-03-23 21:38:45[restartedMain] [ItdaApplication:631] - No active profile set, falling back to 1 default profile: "default"
INFO  23-03-23 21:38:45[restartedMain] [TomcatWebServer:108] - Tomcat initialized with port(s): 8080 (http)
INFO  23-03-23 21:38:45[restartedMain] [Http11NioProtocol:173] - Initializing ProtocolHandler ["http-nio-8080"]
INFO  23-03-23 21:38:45[restartedMain] [StandardService:173] - Starting service [Tomcat]
INFO  23-03-23 21:38:45[restartedMain] [StandardEngine:173] - Starting Servlet engine: [Apache Tomcat/9.0.71]
INFO  23-03-23 21:38:45[restartedMain] [TldScanner:173] - At least one JAR was scanned for TLDs yet contained no TLDs. Enable debug logging for this logger for a complete list of JARs that were scanned but no TLDs were found in them. Skipping unneeded JARs during scanning can improve startup time and JSP compilation time.
INFO  23-03-23 21:38:45[restartedMain] [[/]:173] - Initializing Spring embedded WebApplicationContext
INFO  23-03-23 21:38:45[restartedMain] [ServletWebServerApplicationContext:292] - Root WebApplicationContext: initialization completed in 222 ms
INFO  23-03-23 21:38:45[restartedMain] [WelcomePageHandlerMapping:57] - Adding welcome page template: index
INFO  23-03-23 21:38:45[restartedMain] [OptionalLiveReloadServer:59] - LiveReload server is running on port 35729
INFO  23-03-23 21:38:45[restartedMain] [Http11NioProtocol:173] - Starting ProtocolHandler ["http-nio-8080"]
INFO  23-03-23 21:38:45[restartedMain] [TomcatWebServer:220] - Tomcat started on port(s): 8080 (http) with context path ''
INFO  23-03-23 21:38:45[restartedMain] [ItdaApplication:61] - Started ItdaApplication in 0.403 seconds (JVM running for 28753.221)
INFO  23-03-23 21:38:45[restartedMain] [ConditionEvaluationDeltaLoggingListener:63] - Condition evaluation unchanged
INFO  23-03-23 21:38:49[http-nio-8080-exec-1] [[/]:173] - Initializing Spring DispatcherServlet 'dispatcherServlet'
INFO  23-03-23 21:38:49[http-nio-8080-exec-1] [DispatcherServlet:525] - Initializing Servlet 'dispatcherServlet'
INFO  23-03-23 21:38:49[http-nio-8080-exec-1] [DispatcherServlet:547] - Completed initialization in 1 ms
INFO  23-03-23 21:40:34[restartedMain] [ItdaApplication:55] - Starting ItdaApplication using Java 17.0.5 on DESKTOP-0G2E7PN with PID 16348 (C:\Users\KOSA\git\itda\target\classes started by KOSA in C:\Users\KOSA\git\itda)
INFO  23-03-23 21:40:34[restartedMain] [ItdaApplication:631] - No active profile set, falling back to 1 default profile: "default"
INFO  23-03-23 21:40:34[restartedMain] [ChangeableUrls:255] - The Class-Path manifest attribute in C:\Users\KOSA\.m2\repository\com\oracle\database\jdbc\ojdbc8\21.5.0.0\ojdbc8-21.5.0.0.jar referenced one or more files that do not exist: file:/C:/Users/KOSA/.m2/repository/com/oracle/database/jdbc/ojdbc8/21.5.0.0/oraclepki.jar
INFO  23-03-23 21:40:34[restartedMain] [DevToolsPropertyDefaultsPostProcessor:255] - Devtools property defaults active! Set 'spring.devtools.add-properties' to 'false' to disable
INFO  23-03-23 21:40:34[restartedMain] [DevToolsPropertyDefaultsPostProcessor:255] - For additional web related logging consider setting the 'logging.level.web' property to 'DEBUG'
DEBUG 23-03-23 21:40:34[restartedMain] [LogFactory:109] - Logging initialized using 'class org.apache.ibatis.logging.slf4j.Slf4jImpl' adapter.
INFO  23-03-23 21:40:35[restartedMain] [TomcatWebServer:108] - Tomcat initialized with port(s): 8080 (http)
INFO  23-03-23 21:40:35[restartedMain] [Http11NioProtocol:173] - Initializing ProtocolHandler ["http-nio-8080"]
INFO  23-03-23 21:40:35[restartedMain] [StandardService:173] - Starting service [Tomcat]
INFO  23-03-23 21:40:35[restartedMain] [StandardEngine:173] - Starting Servlet engine: [Apache Tomcat/9.0.71]
INFO  23-03-23 21:40:35[restartedMain] [TldScanner:173] - At least one JAR was scanned for TLDs yet contained no TLDs. Enable debug logging for this logger for a complete list of JARs that were scanned but no TLDs were found in them. Skipping unneeded JARs during scanning can improve startup time and JSP compilation time.
INFO  23-03-23 21:40:35[restartedMain] [[/]:173] - Initializing Spring embedded WebApplicationContext
INFO  23-03-23 21:40:35[restartedMain] [ServletWebServerApplicationContext:292] - Root WebApplicationContext: initialization completed in 1311 ms
INFO  23-03-23 21:40:36[restartedMain] [WelcomePageHandlerMapping:57] - Adding welcome page template: index
WARN  23-03-23 21:40:36[restartedMain] [OptionalLiveReloadServer:62] - Unable to start LiveReload server
INFO  23-03-23 21:40:36[restartedMain] [Http11NioProtocol:173] - Starting ProtocolHandler ["http-nio-8080"]
WARN  23-03-23 21:40:36[restartedMain] [AnnotationConfigServletWebServerApplicationContext:591] - Exception encountered during context initialization - cancelling refresh attempt: org.springframework.context.ApplicationContextException: Failed to start bean 'webServerStartStop'; nested exception is org.springframework.boot.web.server.PortInUseException: Port 8080 is already in use
INFO  23-03-23 21:40:36[restartedMain] [Http11NioProtocol:173] - Pausing ProtocolHandler ["http-nio-8080"]
INFO  23-03-23 21:40:36[restartedMain] [StandardService:173] - Stopping service [Tomcat]
INFO  23-03-23 21:40:36[restartedMain] [Http11NioProtocol:173] - Stopping ProtocolHandler ["http-nio-8080"]
INFO  23-03-23 21:40:36[restartedMain] [Http11NioProtocol:173] - Destroying ProtocolHandler ["http-nio-8080"]
INFO  23-03-23 21:40:36[restartedMain] [ConditionEvaluationReportLoggingListener:136] - 

Error starting ApplicationContext. To display the conditions report re-run your application with 'debug' enabled.
ERROR 23-03-23 21:40:36[restartedMain] [LoggingFailureAnalysisReporter:40] - 

***************************
APPLICATION FAILED TO START
***************************

Description:

Web server failed to start. Port 8080 was already in use.

Action:

Identify and stop the process that's listening on port 8080 or configure this application to listen on another port.

INFO  23-03-23 21:41:02[restartedMain] [ItdaApplication:55] - Starting ItdaApplication using Java 17.0.5 on DESKTOP-0G2E7PN with PID 11520 (C:\Users\KOSA\git\itda\target\classes started by KOSA in C:\Users\KOSA\git\itda)
INFO  23-03-23 21:41:02[restartedMain] [ItdaApplication:631] - No active profile set, falling back to 1 default profile: "default"
INFO  23-03-23 21:41:02[restartedMain] [ChangeableUrls:255] - The Class-Path manifest attribute in C:\Users\KOSA\.m2\repository\com\oracle\database\jdbc\ojdbc8\21.5.0.0\ojdbc8-21.5.0.0.jar referenced one or more files that do not exist: file:/C:/Users/KOSA/.m2/repository/com/oracle/database/jdbc/ojdbc8/21.5.0.0/oraclepki.jar
INFO  23-03-23 21:41:02[restartedMain] [DevToolsPropertyDefaultsPostProcessor:255] - Devtools property defaults active! Set 'spring.devtools.add-properties' to 'false' to disable
INFO  23-03-23 21:41:02[restartedMain] [DevToolsPropertyDefaultsPostProcessor:255] - For additional web related logging consider setting the 'logging.level.web' property to 'DEBUG'
DEBUG 23-03-23 21:41:02[restartedMain] [LogFactory:109] - Logging initialized using 'class org.apache.ibatis.logging.slf4j.Slf4jImpl' adapter.
INFO  23-03-23 21:41:03[restartedMain] [TomcatWebServer:108] - Tomcat initialized with port(s): 8080 (http)
INFO  23-03-23 21:41:03[restartedMain] [Http11NioProtocol:173] - Initializing ProtocolHandler ["http-nio-8080"]
INFO  23-03-23 21:41:03[restartedMain] [StandardService:173] - Starting service [Tomcat]
INFO  23-03-23 21:41:03[restartedMain] [StandardEngine:173] - Starting Servlet engine: [Apache Tomcat/9.0.71]
INFO  23-03-23 21:41:03[restartedMain] [TldScanner:173] - At least one JAR was scanned for TLDs yet contained no TLDs. Enable debug logging for this logger for a complete list of JARs that were scanned but no TLDs were found in them. Skipping unneeded JARs during scanning can improve startup time and JSP compilation time.
INFO  23-03-23 21:41:03[restartedMain] [[/]:173] - Initializing Spring embedded WebApplicationContext
INFO  23-03-23 21:41:03[restartedMain] [ServletWebServerApplicationContext:292] - Root WebApplicationContext: initialization completed in 1276 ms
INFO  23-03-23 21:41:04[restartedMain] [WelcomePageHandlerMapping:57] - Adding welcome page template: index
WARN  23-03-23 21:41:04[restartedMain] [OptionalLiveReloadServer:62] - Unable to start LiveReload server
INFO  23-03-23 21:41:04[restartedMain] [Http11NioProtocol:173] - Starting ProtocolHandler ["http-nio-8080"]
WARN  23-03-23 21:41:04[restartedMain] [AnnotationConfigServletWebServerApplicationContext:591] - Exception encountered during context initialization - cancelling refresh attempt: org.springframework.context.ApplicationContextException: Failed to start bean 'webServerStartStop'; nested exception is org.springframework.boot.web.server.PortInUseException: Port 8080 is already in use
INFO  23-03-23 21:41:04[restartedMain] [Http11NioProtocol:173] - Pausing ProtocolHandler ["http-nio-8080"]
INFO  23-03-23 21:41:04[restartedMain] [StandardService:173] - Stopping service [Tomcat]
INFO  23-03-23 21:41:04[restartedMain] [Http11NioProtocol:173] - Stopping ProtocolHandler ["http-nio-8080"]
INFO  23-03-23 21:41:04[restartedMain] [Http11NioProtocol:173] - Destroying ProtocolHandler ["http-nio-8080"]
INFO  23-03-23 21:41:04[restartedMain] [ConditionEvaluationReportLoggingListener:136] - 

Error starting ApplicationContext. To display the conditions report re-run your application with 'debug' enabled.
ERROR 23-03-23 21:41:04[restartedMain] [LoggingFailureAnalysisReporter:40] - 

***************************
APPLICATION FAILED TO START
***************************

Description:

Web server failed to start. Port 8080 was already in use.

Action:

Identify and stop the process that's listening on port 8080 or configure this application to listen on another port.

