INFO  23-03-24 09:14:06[restartedMain] [ItdaApplication:55] - Starting ItdaApplication using Java 17.0.5 on DESKTOP-0G2E7PN with PID 8232 (C:\Users\KOSA\git\itda\target\classes started by KOSA in C:\Users\KOSA\git\itda)
INFO  23-03-24 09:14:06[restartedMain] [ItdaApplication:631] - No active profile set, falling back to 1 default profile: "default"
INFO  23-03-24 09:14:07[restartedMain] [ChangeableUrls:255] - The Class-Path manifest attribute in C:\Users\KOSA\.m2\repository\com\oracle\database\jdbc\ojdbc8\21.5.0.0\ojdbc8-21.5.0.0.jar referenced one or more files that do not exist: file:/C:/Users/KOSA/.m2/repository/com/oracle/database/jdbc/ojdbc8/21.5.0.0/oraclepki.jar
INFO  23-03-24 09:14:07[restartedMain] [DevToolsPropertyDefaultsPostProcessor:255] - Devtools property defaults active! Set 'spring.devtools.add-properties' to 'false' to disable
INFO  23-03-24 09:14:07[restartedMain] [DevToolsPropertyDefaultsPostProcessor:255] - For additional web related logging consider setting the 'logging.level.web' property to 'DEBUG'
DEBUG 23-03-24 09:14:08[restartedMain] [LogFactory:109] - Logging initialized using 'class org.apache.ibatis.logging.slf4j.Slf4jImpl' adapter.
INFO  23-03-24 09:14:09[restartedMain] [TomcatWebServer:108] - Tomcat initialized with port(s): 8080 (http)
INFO  23-03-24 09:14:09[restartedMain] [Http11NioProtocol:173] - Initializing ProtocolHandler ["http-nio-8080"]
INFO  23-03-24 09:14:09[restartedMain] [StandardService:173] - Starting service [Tomcat]
INFO  23-03-24 09:14:09[restartedMain] [StandardEngine:173] - Starting Servlet engine: [Apache Tomcat/9.0.71]
INFO  23-03-24 09:14:09[restartedMain] [TldScanner:173] - At least one JAR was scanned for TLDs yet contained no TLDs. Enable debug logging for this logger for a complete list of JARs that were scanned but no TLDs were found in them. Skipping unneeded JARs during scanning can improve startup time and JSP compilation time.
INFO  23-03-24 09:14:09[restartedMain] [[/]:173] - Initializing Spring embedded WebApplicationContext
INFO  23-03-24 09:14:09[restartedMain] [ServletWebServerApplicationContext:292] - Root WebApplicationContext: initialization completed in 2245 ms
INFO  23-03-24 09:14:10[restartedMain] [WelcomePageHandlerMapping:57] - Adding welcome page template: index
INFO  23-03-24 09:14:10[restartedMain] [OptionalLiveReloadServer:59] - LiveReload server is running on port 35729
INFO  23-03-24 09:14:10[restartedMain] [Http11NioProtocol:173] - Starting ProtocolHandler ["http-nio-8080"]
INFO  23-03-24 09:14:10[restartedMain] [TomcatWebServer:220] - Tomcat started on port(s): 8080 (http) with context path ''
INFO  23-03-24 09:14:10[restartedMain] [ItdaApplication:61] - Started ItdaApplication in 4.023 seconds (JVM running for 4.729)
INFO  23-03-24 09:14:26[http-nio-8080-exec-1] [[/]:173] - Initializing Spring DispatcherServlet 'dispatcherServlet'
INFO  23-03-24 09:14:26[http-nio-8080-exec-1] [DispatcherServlet:525] - Initializing Servlet 'dispatcherServlet'
INFO  23-03-24 09:14:26[http-nio-8080-exec-1] [DispatcherServlet:547] - Completed initialization in 1 ms
INFO  23-03-24 09:28:07[File Watcher] [LocalDevToolsAutoConfiguration$RestartingClassPathChangeChangedEventListener:211] - Restarting due to 1 class path change (0 additions, 0 deletions, 1 modification)
INFO  23-03-24 09:28:07[Thread-5] [Http11NioProtocol:173] - Pausing ProtocolHandler ["http-nio-8080"]
INFO  23-03-24 09:28:07[Thread-5] [StandardService:173] - Stopping service [Tomcat]
INFO  23-03-24 09:28:07[Thread-5] [[/]:173] - Destroying Spring FrameworkServlet 'dispatcherServlet'
INFO  23-03-24 09:28:07[Thread-5] [Http11NioProtocol:173] - Stopping ProtocolHandler ["http-nio-8080"]
INFO  23-03-24 09:28:07[Thread-5] [Http11NioProtocol:173] - Destroying ProtocolHandler ["http-nio-8080"]
INFO  23-03-24 09:28:08[restartedMain] [ItdaApplication:55] - Starting ItdaApplication using Java 17.0.5 on DESKTOP-0G2E7PN with PID 8232 (C:\Users\KOSA\git\itda\target\classes started by KOSA in C:\Users\KOSA\git\itda)
INFO  23-03-24 09:28:08[restartedMain] [ItdaApplication:631] - No active profile set, falling back to 1 default profile: "default"
INFO  23-03-24 09:28:08[restartedMain] [TomcatWebServer:108] - Tomcat initialized with port(s): 8080 (http)
INFO  23-03-24 09:28:08[restartedMain] [Http11NioProtocol:173] - Initializing ProtocolHandler ["http-nio-8080"]
INFO  23-03-24 09:28:08[restartedMain] [StandardService:173] - Starting service [Tomcat]
INFO  23-03-24 09:28:08[restartedMain] [StandardEngine:173] - Starting Servlet engine: [Apache Tomcat/9.0.71]
INFO  23-03-24 09:28:08[restartedMain] [TldScanner:173] - At least one JAR was scanned for TLDs yet contained no TLDs. Enable debug logging for this logger for a complete list of JARs that were scanned but no TLDs were found in them. Skipping unneeded JARs during scanning can improve startup time and JSP compilation time.
INFO  23-03-24 09:28:08[restartedMain] [[/]:173] - Initializing Spring embedded WebApplicationContext
INFO  23-03-24 09:28:08[restartedMain] [ServletWebServerApplicationContext:292] - Root WebApplicationContext: initialization completed in 299 ms
INFO  23-03-24 09:28:08[restartedMain] [WelcomePageHandlerMapping:57] - Adding welcome page template: index
INFO  23-03-24 09:28:08[restartedMain] [OptionalLiveReloadServer:59] - LiveReload server is running on port 35729
INFO  23-03-24 09:28:08[restartedMain] [Http11NioProtocol:173] - Starting ProtocolHandler ["http-nio-8080"]
INFO  23-03-24 09:28:08[restartedMain] [TomcatWebServer:220] - Tomcat started on port(s): 8080 (http) with context path ''
INFO  23-03-24 09:28:08[restartedMain] [ItdaApplication:61] - Started ItdaApplication in 0.497 seconds (JVM running for 842.879)
INFO  23-03-24 09:28:08[restartedMain] [ConditionEvaluationDeltaLoggingListener:63] - Condition evaluation unchanged
INFO  23-03-24 09:28:14[File Watcher] [LocalDevToolsAutoConfiguration$RestartingClassPathChangeChangedEventListener:211] - Restarting due to 1 class path change (0 additions, 0 deletions, 1 modification)
INFO  23-03-24 09:28:14[Thread-7] [Http11NioProtocol:173] - Pausing ProtocolHandler ["http-nio-8080"]
INFO  23-03-24 09:28:14[Thread-7] [StandardService:173] - Stopping service [Tomcat]
INFO  23-03-24 09:28:14[Thread-7] [Http11NioProtocol:173] - Stopping ProtocolHandler ["http-nio-8080"]
INFO  23-03-24 09:28:14[Thread-7] [Http11NioProtocol:173] - Destroying ProtocolHandler ["http-nio-8080"]
INFO  23-03-24 09:28:14[restartedMain] [ItdaApplication:55] - Starting ItdaApplication using Java 17.0.5 on DESKTOP-0G2E7PN with PID 8232 (C:\Users\KOSA\git\itda\target\classes started by KOSA in C:\Users\KOSA\git\itda)
INFO  23-03-24 09:28:14[restartedMain] [ItdaApplication:631] - No active profile set, falling back to 1 default profile: "default"
INFO  23-03-24 09:28:14[restartedMain] [TomcatWebServer:108] - Tomcat initialized with port(s): 8080 (http)
INFO  23-03-24 09:28:14[restartedMain] [Http11NioProtocol:173] - Initializing ProtocolHandler ["http-nio-8080"]
INFO  23-03-24 09:28:14[restartedMain] [StandardService:173] - Starting service [Tomcat]
INFO  23-03-24 09:28:14[restartedMain] [StandardEngine:173] - Starting Servlet engine: [Apache Tomcat/9.0.71]
INFO  23-03-24 09:28:14[restartedMain] [TldScanner:173] - At least one JAR was scanned for TLDs yet contained no TLDs. Enable debug logging for this logger for a complete list of JARs that were scanned but no TLDs were found in them. Skipping unneeded JARs during scanning can improve startup time and JSP compilation time.
INFO  23-03-24 09:28:14[restartedMain] [[/]:173] - Initializing Spring embedded WebApplicationContext
INFO  23-03-24 09:28:14[restartedMain] [ServletWebServerApplicationContext:292] - Root WebApplicationContext: initialization completed in 245 ms
INFO  23-03-24 09:28:14[restartedMain] [WelcomePageHandlerMapping:57] - Adding welcome page template: index
INFO  23-03-24 09:28:14[restartedMain] [OptionalLiveReloadServer:59] - LiveReload server is running on port 35729
INFO  23-03-24 09:28:14[restartedMain] [Http11NioProtocol:173] - Starting ProtocolHandler ["http-nio-8080"]
INFO  23-03-24 09:28:14[restartedMain] [TomcatWebServer:220] - Tomcat started on port(s): 8080 (http) with context path ''
INFO  23-03-24 09:28:14[restartedMain] [ItdaApplication:61] - Started ItdaApplication in 0.424 seconds (JVM running for 848.892)
INFO  23-03-24 09:28:14[restartedMain] [ConditionEvaluationDeltaLoggingListener:63] - Condition evaluation unchanged
INFO  23-03-24 09:32:35[http-nio-8080-exec-1] [[/]:173] - Initializing Spring DispatcherServlet 'dispatcherServlet'
INFO  23-03-24 09:32:35[http-nio-8080-exec-1] [DispatcherServlet:525] - Initializing Servlet 'dispatcherServlet'
INFO  23-03-24 09:32:35[http-nio-8080-exec-1] [DispatcherServlet:547] - Completed initialization in 1 ms
INFO  23-03-24 14:29:15[restartedMain] [ItdaApplication:55] - Starting ItdaApplication using Java 17.0.5 on DESKTOP-0G2E7PN with PID 9088 (C:\Users\KOSA\git\itda\target\classes started by KOSA in C:\Users\KOSA\git\itda)
INFO  23-03-24 14:29:15[restartedMain] [ItdaApplication:631] - No active profile set, falling back to 1 default profile: "default"
INFO  23-03-24 14:29:15[restartedMain] [ChangeableUrls:255] - The Class-Path manifest attribute in C:\Users\KOSA\.m2\repository\com\oracle\database\jdbc\ojdbc8\21.5.0.0\ojdbc8-21.5.0.0.jar referenced one or more files that do not exist: file:/C:/Users/KOSA/.m2/repository/com/oracle/database/jdbc/ojdbc8/21.5.0.0/oraclepki.jar
INFO  23-03-24 14:29:15[restartedMain] [DevToolsPropertyDefaultsPostProcessor:255] - Devtools property defaults active! Set 'spring.devtools.add-properties' to 'false' to disable
INFO  23-03-24 14:29:15[restartedMain] [DevToolsPropertyDefaultsPostProcessor:255] - For additional web related logging consider setting the 'logging.level.web' property to 'DEBUG'
DEBUG 23-03-24 14:29:15[restartedMain] [LogFactory:109] - Logging initialized using 'class org.apache.ibatis.logging.slf4j.Slf4jImpl' adapter.
INFO  23-03-24 14:29:16[restartedMain] [TomcatWebServer:108] - Tomcat initialized with port(s): 8080 (http)
INFO  23-03-24 14:29:16[restartedMain] [Http11NioProtocol:173] - Initializing ProtocolHandler ["http-nio-8080"]
INFO  23-03-24 14:29:16[restartedMain] [StandardService:173] - Starting service [Tomcat]
INFO  23-03-24 14:29:16[restartedMain] [StandardEngine:173] - Starting Servlet engine: [Apache Tomcat/9.0.71]
INFO  23-03-24 14:29:16[restartedMain] [TldScanner:173] - At least one JAR was scanned for TLDs yet contained no TLDs. Enable debug logging for this logger for a complete list of JARs that were scanned but no TLDs were found in them. Skipping unneeded JARs during scanning can improve startup time and JSP compilation time.
INFO  23-03-24 14:29:16[restartedMain] [[/]:173] - Initializing Spring embedded WebApplicationContext
INFO  23-03-24 14:29:16[restartedMain] [ServletWebServerApplicationContext:292] - Root WebApplicationContext: initialization completed in 1637 ms
INFO  23-03-24 14:29:17[restartedMain] [WelcomePageHandlerMapping:57] - Adding welcome page template: index
INFO  23-03-24 14:29:17[restartedMain] [OptionalLiveReloadServer:59] - LiveReload server is running on port 35729
INFO  23-03-24 14:29:17[restartedMain] [Http11NioProtocol:173] - Starting ProtocolHandler ["http-nio-8080"]
INFO  23-03-24 14:29:17[restartedMain] [TomcatWebServer:220] - Tomcat started on port(s): 8080 (http) with context path ''
INFO  23-03-24 14:29:17[restartedMain] [ItdaApplication:61] - Started ItdaApplication in 2.785 seconds (JVM running for 3.278)
INFO  23-03-24 14:29:20[http-nio-8080-exec-1] [[/]:173] - Initializing Spring DispatcherServlet 'dispatcherServlet'
INFO  23-03-24 14:29:20[http-nio-8080-exec-1] [DispatcherServlet:525] - Initializing Servlet 'dispatcherServlet'
INFO  23-03-24 14:29:20[http-nio-8080-exec-1] [DispatcherServlet:547] - Completed initialization in 1 ms
INFO  23-03-24 15:06:20[File Watcher] [LocalDevToolsAutoConfiguration$RestartingClassPathChangeChangedEventListener:211] - Restarting due to 1 class path change (0 additions, 0 deletions, 1 modification)
INFO  23-03-24 15:06:20[Thread-5] [Http11NioProtocol:173] - Pausing ProtocolHandler ["http-nio-8080"]
INFO  23-03-24 15:06:20[Thread-5] [StandardService:173] - Stopping service [Tomcat]
INFO  23-03-24 15:06:20[Thread-5] [[/]:173] - Destroying Spring FrameworkServlet 'dispatcherServlet'
INFO  23-03-24 15:06:20[Thread-5] [Http11NioProtocol:173] - Stopping ProtocolHandler ["http-nio-8080"]
INFO  23-03-24 15:06:20[Thread-5] [Http11NioProtocol:173] - Destroying ProtocolHandler ["http-nio-8080"]
INFO  23-03-24 15:06:20[restartedMain] [ItdaApplication:55] - Starting ItdaApplication using Java 17.0.5 on DESKTOP-0G2E7PN with PID 9088 (C:\Users\KOSA\git\itda\target\classes started by KOSA in C:\Users\KOSA\git\itda)
INFO  23-03-24 15:06:20[restartedMain] [ItdaApplication:631] - No active profile set, falling back to 1 default profile: "default"
INFO  23-03-24 15:06:21[restartedMain] [TomcatWebServer:108] - Tomcat initialized with port(s): 8080 (http)
INFO  23-03-24 15:06:21[restartedMain] [Http11NioProtocol:173] - Initializing ProtocolHandler ["http-nio-8080"]
INFO  23-03-24 15:06:21[restartedMain] [StandardService:173] - Starting service [Tomcat]
INFO  23-03-24 15:06:21[restartedMain] [StandardEngine:173] - Starting Servlet engine: [Apache Tomcat/9.0.71]
INFO  23-03-24 15:06:21[restartedMain] [TldScanner:173] - At least one JAR was scanned for TLDs yet contained no TLDs. Enable debug logging for this logger for a complete list of JARs that were scanned but no TLDs were found in them. Skipping unneeded JARs during scanning can improve startup time and JSP compilation time.
INFO  23-03-24 15:06:21[restartedMain] [[/]:173] - Initializing Spring embedded WebApplicationContext
INFO  23-03-24 15:06:21[restartedMain] [ServletWebServerApplicationContext:292] - Root WebApplicationContext: initialization completed in 358 ms
INFO  23-03-24 15:06:21[restartedMain] [WelcomePageHandlerMapping:57] - Adding welcome page template: index
INFO  23-03-24 15:06:21[restartedMain] [OptionalLiveReloadServer:59] - LiveReload server is running on port 35729
INFO  23-03-24 15:06:21[restartedMain] [Http11NioProtocol:173] - Starting ProtocolHandler ["http-nio-8080"]
INFO  23-03-24 15:06:21[restartedMain] [TomcatWebServer:220] - Tomcat started on port(s): 8080 (http) with context path ''
INFO  23-03-24 15:06:21[restartedMain] [ItdaApplication:61] - Started ItdaApplication in 0.579 seconds (JVM running for 2227.306)
INFO  23-03-24 15:06:21[restartedMain] [ConditionEvaluationDeltaLoggingListener:63] - Condition evaluation unchanged
INFO  23-03-24 15:06:29[http-nio-8080-exec-1] [[/]:173] - Initializing Spring DispatcherServlet 'dispatcherServlet'
INFO  23-03-24 15:06:29[http-nio-8080-exec-1] [DispatcherServlet:525] - Initializing Servlet 'dispatcherServlet'
INFO  23-03-24 15:06:29[http-nio-8080-exec-1] [DispatcherServlet:547] - Completed initialization in 0 ms
INFO  23-03-24 15:44:45[File Watcher] [LocalDevToolsAutoConfiguration$RestartingClassPathChangeChangedEventListener:211] - Restarting due to 1 class path change (0 additions, 0 deletions, 1 modification)
INFO  23-03-24 15:44:45[Thread-7] [Http11NioProtocol:173] - Pausing ProtocolHandler ["http-nio-8080"]
INFO  23-03-24 15:44:45[Thread-7] [StandardService:173] - Stopping service [Tomcat]
INFO  23-03-24 15:44:45[Thread-7] [[/]:173] - Destroying Spring FrameworkServlet 'dispatcherServlet'
INFO  23-03-24 15:44:45[Thread-7] [Http11NioProtocol:173] - Stopping ProtocolHandler ["http-nio-8080"]
INFO  23-03-24 15:44:45[Thread-7] [Http11NioProtocol:173] - Destroying ProtocolHandler ["http-nio-8080"]
INFO  23-03-24 15:44:45[restartedMain] [ItdaApplication:55] - Starting ItdaApplication using Java 17.0.5 on DESKTOP-0G2E7PN with PID 9088 (C:\Users\KOSA\git\itda\target\classes started by KOSA in C:\Users\KOSA\git\itda)
INFO  23-03-24 15:44:45[restartedMain] [ItdaApplication:631] - No active profile set, falling back to 1 default profile: "default"
INFO  23-03-24 15:44:45[restartedMain] [TomcatWebServer:108] - Tomcat initialized with port(s): 8080 (http)
INFO  23-03-24 15:44:45[restartedMain] [Http11NioProtocol:173] - Initializing ProtocolHandler ["http-nio-8080"]
INFO  23-03-24 15:44:45[restartedMain] [StandardService:173] - Starting service [Tomcat]
INFO  23-03-24 15:44:45[restartedMain] [StandardEngine:173] - Starting Servlet engine: [Apache Tomcat/9.0.71]
INFO  23-03-24 15:44:45[restartedMain] [TldScanner:173] - At least one JAR was scanned for TLDs yet contained no TLDs. Enable debug logging for this logger for a complete list of JARs that were scanned but no TLDs were found in them. Skipping unneeded JARs during scanning can improve startup time and JSP compilation time.
INFO  23-03-24 15:44:45[restartedMain] [[/]:173] - Initializing Spring embedded WebApplicationContext
INFO  23-03-24 15:44:45[restartedMain] [ServletWebServerApplicationContext:292] - Root WebApplicationContext: initialization completed in 238 ms
INFO  23-03-24 15:44:45[restartedMain] [WelcomePageHandlerMapping:57] - Adding welcome page template: index
INFO  23-03-24 15:44:45[restartedMain] [OptionalLiveReloadServer:59] - LiveReload server is running on port 35729
INFO  23-03-24 15:44:45[restartedMain] [Http11NioProtocol:173] - Starting ProtocolHandler ["http-nio-8080"]
INFO  23-03-24 15:44:45[restartedMain] [TomcatWebServer:220] - Tomcat started on port(s): 8080 (http) with context path ''
INFO  23-03-24 15:44:45[restartedMain] [ItdaApplication:61] - Started ItdaApplication in 0.403 seconds (JVM running for 4531.548)
INFO  23-03-24 15:44:45[restartedMain] [ConditionEvaluationDeltaLoggingListener:63] - Condition evaluation unchanged
INFO  23-03-24 15:48:02[http-nio-8080-exec-1] [[/]:173] - Initializing Spring DispatcherServlet 'dispatcherServlet'
INFO  23-03-24 15:48:02[http-nio-8080-exec-1] [DispatcherServlet:525] - Initializing Servlet 'dispatcherServlet'
INFO  23-03-24 15:48:02[http-nio-8080-exec-1] [DispatcherServlet:547] - Completed initialization in 0 ms
INFO  23-03-24 16:55:44[File Watcher] [LocalDevToolsAutoConfiguration$RestartingClassPathChangeChangedEventListener:211] - Restarting due to 1 class path change (0 additions, 0 deletions, 1 modification)
INFO  23-03-24 16:55:44[Thread-11] [Http11NioProtocol:173] - Pausing ProtocolHandler ["http-nio-8080"]
INFO  23-03-24 16:55:44[Thread-11] [StandardService:173] - Stopping service [Tomcat]
INFO  23-03-24 16:55:44[Thread-11] [[/]:173] - Destroying Spring FrameworkServlet 'dispatcherServlet'
INFO  23-03-24 16:55:44[Thread-11] [Http11NioProtocol:173] - Stopping ProtocolHandler ["http-nio-8080"]
INFO  23-03-24 16:55:44[Thread-11] [Http11NioProtocol:173] - Destroying ProtocolHandler ["http-nio-8080"]
INFO  23-03-24 16:55:44[restartedMain] [ItdaApplication:55] - Starting ItdaApplication using Java 17.0.5 on DESKTOP-0G2E7PN with PID 9088 (C:\Users\KOSA\git\itda\target\classes started by KOSA in C:\Users\KOSA\git\itda)
INFO  23-03-24 16:55:44[restartedMain] [ItdaApplication:631] - No active profile set, falling back to 1 default profile: "default"
INFO  23-03-24 16:55:44[restartedMain] [TomcatWebServer:108] - Tomcat initialized with port(s): 8080 (http)
INFO  23-03-24 16:55:44[restartedMain] [Http11NioProtocol:173] - Initializing ProtocolHandler ["http-nio-8080"]
INFO  23-03-24 16:55:44[restartedMain] [StandardService:173] - Starting service [Tomcat]
INFO  23-03-24 16:55:44[restartedMain] [StandardEngine:173] - Starting Servlet engine: [Apache Tomcat/9.0.71]
INFO  23-03-24 16:55:44[restartedMain] [TldScanner:173] - At least one JAR was scanned for TLDs yet contained no TLDs. Enable debug logging for this logger for a complete list of JARs that were scanned but no TLDs were found in them. Skipping unneeded JARs during scanning can improve startup time and JSP compilation time.
INFO  23-03-24 16:55:44[restartedMain] [[/]:173] - Initializing Spring embedded WebApplicationContext
INFO  23-03-24 16:55:44[restartedMain] [ServletWebServerApplicationContext:292] - Root WebApplicationContext: initialization completed in 261 ms
INFO  23-03-24 16:55:44[restartedMain] [WelcomePageHandlerMapping:57] - Adding welcome page template: index
INFO  23-03-24 16:55:44[restartedMain] [OptionalLiveReloadServer:59] - LiveReload server is running on port 35729
INFO  23-03-24 16:55:44[restartedMain] [Http11NioProtocol:173] - Starting ProtocolHandler ["http-nio-8080"]
INFO  23-03-24 16:55:44[restartedMain] [TomcatWebServer:220] - Tomcat started on port(s): 8080 (http) with context path ''
INFO  23-03-24 16:55:44[restartedMain] [ItdaApplication:61] - Started ItdaApplication in 0.46 seconds (JVM running for 8790.669)
INFO  23-03-24 16:55:44[restartedMain] [ConditionEvaluationDeltaLoggingListener:63] - Condition evaluation unchanged
INFO  23-03-24 17:49:46[http-nio-8080-exec-1] [[/]:173] - Initializing Spring DispatcherServlet 'dispatcherServlet'
INFO  23-03-24 17:49:46[http-nio-8080-exec-1] [DispatcherServlet:525] - Initializing Servlet 'dispatcherServlet'
INFO  23-03-24 17:49:46[http-nio-8080-exec-1] [DispatcherServlet:547] - Completed initialization in 2 ms
