INFO  23-03-25 13:28:20[restartedMain] [ItdaApplication:55] - Starting ItdaApplication using Java 17.0.5 on DESKTOP-0G2E7PN with PID 17304 (C:\Users\KOSA\git\itda\target\classes started by KOSA in C:\Users\KOSA\git\itda)
INFO  23-03-25 13:28:20[restartedMain] [ItdaApplication:631] - No active profile set, falling back to 1 default profile: "default"
INFO  23-03-25 13:28:21[restartedMain] [ChangeableUrls:255] - The Class-Path manifest attribute in C:\Users\KOSA\.m2\repository\com\oracle\database\jdbc\ojdbc8\21.5.0.0\ojdbc8-21.5.0.0.jar referenced one or more files that do not exist: file:/C:/Users/KOSA/.m2/repository/com/oracle/database/jdbc/ojdbc8/21.5.0.0/oraclepki.jar
INFO  23-03-25 13:28:21[restartedMain] [DevToolsPropertyDefaultsPostProcessor:255] - Devtools property defaults active! Set 'spring.devtools.add-properties' to 'false' to disable
INFO  23-03-25 13:28:21[restartedMain] [DevToolsPropertyDefaultsPostProcessor:255] - For additional web related logging consider setting the 'logging.level.web' property to 'DEBUG'
DEBUG 23-03-25 13:28:22[restartedMain] [LogFactory:109] - Logging initialized using 'class org.apache.ibatis.logging.slf4j.Slf4jImpl' adapter.
INFO  23-03-25 13:28:22[restartedMain] [TomcatWebServer:108] - Tomcat initialized with port(s): 8080 (http)
INFO  23-03-25 13:28:22[restartedMain] [Http11NioProtocol:173] - Initializing ProtocolHandler ["http-nio-8080"]
INFO  23-03-25 13:28:22[restartedMain] [StandardService:173] - Starting service [Tomcat]
INFO  23-03-25 13:28:22[restartedMain] [StandardEngine:173] - Starting Servlet engine: [Apache Tomcat/9.0.71]
INFO  23-03-25 13:28:23[restartedMain] [TldScanner:173] - At least one JAR was scanned for TLDs yet contained no TLDs. Enable debug logging for this logger for a complete list of JARs that were scanned but no TLDs were found in them. Skipping unneeded JARs during scanning can improve startup time and JSP compilation time.
INFO  23-03-25 13:28:23[restartedMain] [[/]:173] - Initializing Spring embedded WebApplicationContext
INFO  23-03-25 13:28:23[restartedMain] [ServletWebServerApplicationContext:292] - Root WebApplicationContext: initialization completed in 2247 ms
INFO  23-03-25 13:28:24[restartedMain] [WelcomePageHandlerMapping:57] - Adding welcome page template: index
INFO  23-03-25 13:28:24[restartedMain] [OptionalLiveReloadServer:59] - LiveReload server is running on port 35729
INFO  23-03-25 13:28:24[restartedMain] [Http11NioProtocol:173] - Starting ProtocolHandler ["http-nio-8080"]
INFO  23-03-25 13:28:24[restartedMain] [TomcatWebServer:220] - Tomcat started on port(s): 8080 (http) with context path ''
INFO  23-03-25 13:28:24[restartedMain] [ItdaApplication:61] - Started ItdaApplication in 4.176 seconds (JVM running for 4.974)
INFO  23-03-25 13:29:11[http-nio-8080-exec-1] [[/]:173] - Initializing Spring DispatcherServlet 'dispatcherServlet'
INFO  23-03-25 13:29:11[http-nio-8080-exec-1] [DispatcherServlet:525] - Initializing Servlet 'dispatcherServlet'
INFO  23-03-25 13:29:11[http-nio-8080-exec-1] [DispatcherServlet:547] - Completed initialization in 1 ms
INFO  23-03-25 15:26:18[File Watcher] [LocalDevToolsAutoConfiguration$RestartingClassPathChangeChangedEventListener:211] - Restarting due to 1 class path change (0 additions, 0 deletions, 1 modification)
INFO  23-03-25 15:26:18[Thread-5] [Http11NioProtocol:173] - Pausing ProtocolHandler ["http-nio-8080"]
INFO  23-03-25 15:26:18[Thread-5] [StandardService:173] - Stopping service [Tomcat]
INFO  23-03-25 15:26:18[Thread-5] [[/]:173] - Destroying Spring FrameworkServlet 'dispatcherServlet'
INFO  23-03-25 15:26:18[Thread-5] [Http11NioProtocol:173] - Stopping ProtocolHandler ["http-nio-8080"]
INFO  23-03-25 15:26:18[Thread-5] [Http11NioProtocol:173] - Destroying ProtocolHandler ["http-nio-8080"]
INFO  23-03-25 15:26:18[restartedMain] [ItdaApplication:55] - Starting ItdaApplication using Java 17.0.5 on DESKTOP-0G2E7PN with PID 17304 (C:\Users\KOSA\git\itda\target\classes started by KOSA in C:\Users\KOSA\git\itda)
INFO  23-03-25 15:26:18[restartedMain] [ItdaApplication:631] - No active profile set, falling back to 1 default profile: "default"
INFO  23-03-25 15:26:19[restartedMain] [TomcatWebServer:108] - Tomcat initialized with port(s): 8080 (http)
INFO  23-03-25 15:26:19[restartedMain] [Http11NioProtocol:173] - Initializing ProtocolHandler ["http-nio-8080"]
INFO  23-03-25 15:26:19[restartedMain] [StandardService:173] - Starting service [Tomcat]
INFO  23-03-25 15:26:19[restartedMain] [StandardEngine:173] - Starting Servlet engine: [Apache Tomcat/9.0.71]
INFO  23-03-25 15:26:19[restartedMain] [TldScanner:173] - At least one JAR was scanned for TLDs yet contained no TLDs. Enable debug logging for this logger for a complete list of JARs that were scanned but no TLDs were found in them. Skipping unneeded JARs during scanning can improve startup time and JSP compilation time.
INFO  23-03-25 15:26:19[restartedMain] [[/]:173] - Initializing Spring embedded WebApplicationContext
INFO  23-03-25 15:26:19[restartedMain] [ServletWebServerApplicationContext:292] - Root WebApplicationContext: initialization completed in 620 ms
INFO  23-03-25 15:26:19[restartedMain] [WelcomePageHandlerMapping:57] - Adding welcome page template: index
INFO  23-03-25 15:26:19[restartedMain] [OptionalLiveReloadServer:59] - LiveReload server is running on port 35729
INFO  23-03-25 15:26:19[restartedMain] [Http11NioProtocol:173] - Starting ProtocolHandler ["http-nio-8080"]
INFO  23-03-25 15:26:19[restartedMain] [TomcatWebServer:220] - Tomcat started on port(s): 8080 (http) with context path ''
INFO  23-03-25 15:26:19[restartedMain] [ItdaApplication:61] - Started ItdaApplication in 0.909 seconds (JVM running for 7080.006)
INFO  23-03-25 15:26:19[restartedMain] [ConditionEvaluationDeltaLoggingListener:63] - Condition evaluation unchanged
INFO  23-03-25 15:26:29[File Watcher] [LocalDevToolsAutoConfiguration$RestartingClassPathChangeChangedEventListener:211] - Restarting due to 1 class path change (0 additions, 0 deletions, 1 modification)
INFO  23-03-25 15:26:29[Thread-7] [Http11NioProtocol:173] - Pausing ProtocolHandler ["http-nio-8080"]
INFO  23-03-25 15:26:29[Thread-7] [StandardService:173] - Stopping service [Tomcat]
INFO  23-03-25 15:26:29[Thread-7] [Http11NioProtocol:173] - Stopping ProtocolHandler ["http-nio-8080"]
INFO  23-03-25 15:26:29[Thread-7] [Http11NioProtocol:173] - Destroying ProtocolHandler ["http-nio-8080"]
INFO  23-03-25 15:26:29[restartedMain] [ItdaApplication:55] - Starting ItdaApplication using Java 17.0.5 on DESKTOP-0G2E7PN with PID 17304 (C:\Users\KOSA\git\itda\target\classes started by KOSA in C:\Users\KOSA\git\itda)
INFO  23-03-25 15:26:29[restartedMain] [ItdaApplication:631] - No active profile set, falling back to 1 default profile: "default"
INFO  23-03-25 15:26:29[restartedMain] [TomcatWebServer:108] - Tomcat initialized with port(s): 8080 (http)
INFO  23-03-25 15:26:29[restartedMain] [Http11NioProtocol:173] - Initializing ProtocolHandler ["http-nio-8080"]
INFO  23-03-25 15:26:29[restartedMain] [StandardService:173] - Starting service [Tomcat]
INFO  23-03-25 15:26:29[restartedMain] [StandardEngine:173] - Starting Servlet engine: [Apache Tomcat/9.0.71]
INFO  23-03-25 15:26:29[restartedMain] [TldScanner:173] - At least one JAR was scanned for TLDs yet contained no TLDs. Enable debug logging for this logger for a complete list of JARs that were scanned but no TLDs were found in them. Skipping unneeded JARs during scanning can improve startup time and JSP compilation time.
INFO  23-03-25 15:26:29[restartedMain] [[/]:173] - Initializing Spring embedded WebApplicationContext
INFO  23-03-25 15:26:29[restartedMain] [ServletWebServerApplicationContext:292] - Root WebApplicationContext: initialization completed in 309 ms
INFO  23-03-25 15:26:29[restartedMain] [WelcomePageHandlerMapping:57] - Adding welcome page template: index
INFO  23-03-25 15:26:29[restartedMain] [OptionalLiveReloadServer:59] - LiveReload server is running on port 35729
INFO  23-03-25 15:26:29[restartedMain] [Http11NioProtocol:173] - Starting ProtocolHandler ["http-nio-8080"]
INFO  23-03-25 15:26:29[restartedMain] [TomcatWebServer:220] - Tomcat started on port(s): 8080 (http) with context path ''
INFO  23-03-25 15:26:29[restartedMain] [ItdaApplication:61] - Started ItdaApplication in 0.494 seconds (JVM running for 7090.297)
INFO  23-03-25 15:26:29[restartedMain] [ConditionEvaluationDeltaLoggingListener:63] - Condition evaluation unchanged
INFO  23-03-25 15:26:39[File Watcher] [LocalDevToolsAutoConfiguration$RestartingClassPathChangeChangedEventListener:211] - Restarting due to 1 class path change (0 additions, 0 deletions, 1 modification)
INFO  23-03-25 15:26:39[Thread-11] [Http11NioProtocol:173] - Pausing ProtocolHandler ["http-nio-8080"]
INFO  23-03-25 15:26:39[Thread-11] [StandardService:173] - Stopping service [Tomcat]
INFO  23-03-25 15:26:39[Thread-11] [Http11NioProtocol:173] - Stopping ProtocolHandler ["http-nio-8080"]
INFO  23-03-25 15:26:39[Thread-11] [Http11NioProtocol:173] - Destroying ProtocolHandler ["http-nio-8080"]
INFO  23-03-25 15:26:39[restartedMain] [ItdaApplication:55] - Starting ItdaApplication using Java 17.0.5 on DESKTOP-0G2E7PN with PID 17304 (C:\Users\KOSA\git\itda\target\classes started by KOSA in C:\Users\KOSA\git\itda)
INFO  23-03-25 15:26:39[restartedMain] [ItdaApplication:631] - No active profile set, falling back to 1 default profile: "default"
INFO  23-03-25 15:26:39[restartedMain] [TomcatWebServer:108] - Tomcat initialized with port(s): 8080 (http)
INFO  23-03-25 15:26:39[restartedMain] [Http11NioProtocol:173] - Initializing ProtocolHandler ["http-nio-8080"]
INFO  23-03-25 15:26:39[restartedMain] [StandardService:173] - Starting service [Tomcat]
INFO  23-03-25 15:26:39[restartedMain] [StandardEngine:173] - Starting Servlet engine: [Apache Tomcat/9.0.71]
INFO  23-03-25 15:26:39[restartedMain] [TldScanner:173] - At least one JAR was scanned for TLDs yet contained no TLDs. Enable debug logging for this logger for a complete list of JARs that were scanned but no TLDs were found in them. Skipping unneeded JARs during scanning can improve startup time and JSP compilation time.
INFO  23-03-25 15:26:39[restartedMain] [[/]:173] - Initializing Spring embedded WebApplicationContext
INFO  23-03-25 15:26:39[restartedMain] [ServletWebServerApplicationContext:292] - Root WebApplicationContext: initialization completed in 316 ms
INFO  23-03-25 15:26:40[restartedMain] [WelcomePageHandlerMapping:57] - Adding welcome page template: index
INFO  23-03-25 15:26:40[restartedMain] [OptionalLiveReloadServer:59] - LiveReload server is running on port 35729
INFO  23-03-25 15:26:40[restartedMain] [Http11NioProtocol:173] - Starting ProtocolHandler ["http-nio-8080"]
INFO  23-03-25 15:26:40[restartedMain] [TomcatWebServer:220] - Tomcat started on port(s): 8080 (http) with context path ''
INFO  23-03-25 15:26:40[restartedMain] [ItdaApplication:61] - Started ItdaApplication in 0.508 seconds (JVM running for 7100.551)
INFO  23-03-25 15:26:40[restartedMain] [ConditionEvaluationDeltaLoggingListener:63] - Condition evaluation unchanged
INFO  23-03-25 16:11:27[http-nio-8080-exec-1] [[/]:173] - Initializing Spring DispatcherServlet 'dispatcherServlet'
INFO  23-03-25 16:11:27[http-nio-8080-exec-1] [DispatcherServlet:525] - Initializing Servlet 'dispatcherServlet'
INFO  23-03-25 16:11:27[http-nio-8080-exec-1] [DispatcherServlet:547] - Completed initialization in 1 ms
INFO  23-03-25 18:17:56[restartedMain] [ItdaApplication:55] - Starting ItdaApplication using Java 17.0.5 on DESKTOP-0G2E7PN with PID 10284 (C:\Users\KOSA\git\itda\target\classes started by KOSA in C:\Users\KOSA\git\itda)
INFO  23-03-25 18:17:56[restartedMain] [ItdaApplication:631] - No active profile set, falling back to 1 default profile: "default"
INFO  23-03-25 18:17:56[restartedMain] [ChangeableUrls:255] - The Class-Path manifest attribute in C:\Users\KOSA\.m2\repository\com\oracle\database\jdbc\ojdbc8\21.5.0.0\ojdbc8-21.5.0.0.jar referenced one or more files that do not exist: file:/C:/Users/KOSA/.m2/repository/com/oracle/database/jdbc/ojdbc8/21.5.0.0/oraclepki.jar
INFO  23-03-25 18:17:56[restartedMain] [DevToolsPropertyDefaultsPostProcessor:255] - Devtools property defaults active! Set 'spring.devtools.add-properties' to 'false' to disable
INFO  23-03-25 18:17:56[restartedMain] [DevToolsPropertyDefaultsPostProcessor:255] - For additional web related logging consider setting the 'logging.level.web' property to 'DEBUG'
DEBUG 23-03-25 18:17:57[restartedMain] [LogFactory:109] - Logging initialized using 'class org.apache.ibatis.logging.slf4j.Slf4jImpl' adapter.
INFO  23-03-25 18:17:57[restartedMain] [TomcatWebServer:108] - Tomcat initialized with port(s): 8080 (http)
INFO  23-03-25 18:17:57[restartedMain] [Http11NioProtocol:173] - Initializing ProtocolHandler ["http-nio-8080"]
INFO  23-03-25 18:17:57[restartedMain] [StandardService:173] - Starting service [Tomcat]
INFO  23-03-25 18:17:57[restartedMain] [StandardEngine:173] - Starting Servlet engine: [Apache Tomcat/9.0.71]
INFO  23-03-25 18:17:57[restartedMain] [TldScanner:173] - At least one JAR was scanned for TLDs yet contained no TLDs. Enable debug logging for this logger for a complete list of JARs that were scanned but no TLDs were found in them. Skipping unneeded JARs during scanning can improve startup time and JSP compilation time.
INFO  23-03-25 18:17:57[restartedMain] [[/]:173] - Initializing Spring embedded WebApplicationContext
INFO  23-03-25 18:17:57[restartedMain] [ServletWebServerApplicationContext:292] - Root WebApplicationContext: initialization completed in 1638 ms
INFO  23-03-25 18:17:58[restartedMain] [WelcomePageHandlerMapping:57] - Adding welcome page template: index
INFO  23-03-25 18:17:58[restartedMain] [OptionalLiveReloadServer:59] - LiveReload server is running on port 35729
INFO  23-03-25 18:17:58[restartedMain] [Http11NioProtocol:173] - Starting ProtocolHandler ["http-nio-8080"]
INFO  23-03-25 18:17:58[restartedMain] [TomcatWebServer:220] - Tomcat started on port(s): 8080 (http) with context path ''
INFO  23-03-25 18:17:58[restartedMain] [ItdaApplication:61] - Started ItdaApplication in 3.061 seconds (JVM running for 3.568)
INFO  23-03-25 18:18:17[http-nio-8080-exec-2] [[/]:173] - Initializing Spring DispatcherServlet 'dispatcherServlet'
INFO  23-03-25 18:18:17[http-nio-8080-exec-2] [DispatcherServlet:525] - Initializing Servlet 'dispatcherServlet'
INFO  23-03-25 18:18:17[http-nio-8080-exec-2] [DispatcherServlet:547] - Completed initialization in 1 ms
INFO  23-03-25 21:45:16[restartedMain] [ItdaApplication:55] - Starting ItdaApplication using Java 17.0.5 on DESKTOP-0G2E7PN with PID 12944 (C:\Users\KOSA\git\itda\target\classes started by KOSA in C:\Users\KOSA\git\itda)
INFO  23-03-25 21:45:16[restartedMain] [ItdaApplication:631] - No active profile set, falling back to 1 default profile: "default"
INFO  23-03-25 21:45:16[restartedMain] [ChangeableUrls:255] - The Class-Path manifest attribute in C:\Users\KOSA\.m2\repository\com\oracle\database\jdbc\ojdbc8\21.5.0.0\ojdbc8-21.5.0.0.jar referenced one or more files that do not exist: file:/C:/Users/KOSA/.m2/repository/com/oracle/database/jdbc/ojdbc8/21.5.0.0/oraclepki.jar
INFO  23-03-25 21:45:16[restartedMain] [DevToolsPropertyDefaultsPostProcessor:255] - Devtools property defaults active! Set 'spring.devtools.add-properties' to 'false' to disable
INFO  23-03-25 21:45:16[restartedMain] [DevToolsPropertyDefaultsPostProcessor:255] - For additional web related logging consider setting the 'logging.level.web' property to 'DEBUG'
DEBUG 23-03-25 21:45:16[restartedMain] [LogFactory:109] - Logging initialized using 'class org.apache.ibatis.logging.slf4j.Slf4jImpl' adapter.
INFO  23-03-25 21:45:17[restartedMain] [TomcatWebServer:108] - Tomcat initialized with port(s): 8080 (http)
INFO  23-03-25 21:45:17[restartedMain] [Http11NioProtocol:173] - Initializing ProtocolHandler ["http-nio-8080"]
INFO  23-03-25 21:45:17[restartedMain] [StandardService:173] - Starting service [Tomcat]
INFO  23-03-25 21:45:17[restartedMain] [StandardEngine:173] - Starting Servlet engine: [Apache Tomcat/9.0.71]
INFO  23-03-25 21:45:17[restartedMain] [TldScanner:173] - At least one JAR was scanned for TLDs yet contained no TLDs. Enable debug logging for this logger for a complete list of JARs that were scanned but no TLDs were found in them. Skipping unneeded JARs during scanning can improve startup time and JSP compilation time.
INFO  23-03-25 21:45:17[restartedMain] [[/]:173] - Initializing Spring embedded WebApplicationContext
INFO  23-03-25 21:45:17[restartedMain] [ServletWebServerApplicationContext:292] - Root WebApplicationContext: initialization completed in 1462 ms
INFO  23-03-25 21:45:18[restartedMain] [WelcomePageHandlerMapping:57] - Adding welcome page template: index
INFO  23-03-25 21:45:18[restartedMain] [OptionalLiveReloadServer:59] - LiveReload server is running on port 35729
INFO  23-03-25 21:45:18[restartedMain] [Http11NioProtocol:173] - Starting ProtocolHandler ["http-nio-8080"]
INFO  23-03-25 21:45:18[restartedMain] [TomcatWebServer:220] - Tomcat started on port(s): 8080 (http) with context path ''
INFO  23-03-25 21:45:18[restartedMain] [ItdaApplication:61] - Started ItdaApplication in 2.678 seconds (JVM running for 3.201)
INFO  23-03-25 21:45:52[http-nio-8080-exec-1] [[/]:173] - Initializing Spring DispatcherServlet 'dispatcherServlet'
INFO  23-03-25 21:45:52[http-nio-8080-exec-1] [DispatcherServlet:525] - Initializing Servlet 'dispatcherServlet'
INFO  23-03-25 21:45:52[http-nio-8080-exec-1] [DispatcherServlet:547] - Completed initialization in 0 ms
