INFO  23-03-22 09:28:54[restartedMain] [ItdaApplication:55] - Starting ItdaApplication using Java 17.0.5 on DESKTOP-0G2E7PN with PID 9708 (C:\Users\KOSA\git\itda\target\classes started by KOSA in C:\Users\KOSA\git\itda)
INFO  23-03-22 09:28:54[restartedMain] [ItdaApplication:631] - No active profile set, falling back to 1 default profile: "default"
INFO  23-03-22 09:28:54[restartedMain] [ChangeableUrls:255] - The Class-Path manifest attribute in C:\Users\KOSA\.m2\repository\com\oracle\database\jdbc\ojdbc8\21.5.0.0\ojdbc8-21.5.0.0.jar referenced one or more files that do not exist: file:/C:/Users/KOSA/.m2/repository/com/oracle/database/jdbc/ojdbc8/21.5.0.0/oraclepki.jar
INFO  23-03-22 09:28:54[restartedMain] [DevToolsPropertyDefaultsPostProcessor:255] - Devtools property defaults active! Set 'spring.devtools.add-properties' to 'false' to disable
INFO  23-03-22 09:28:54[restartedMain] [DevToolsPropertyDefaultsPostProcessor:255] - For additional web related logging consider setting the 'logging.level.web' property to 'DEBUG'
DEBUG 23-03-22 09:28:54[restartedMain] [LogFactory:109] - Logging initialized using 'class org.apache.ibatis.logging.slf4j.Slf4jImpl' adapter.
INFO  23-03-22 09:28:55[restartedMain] [TomcatWebServer:108] - Tomcat initialized with port(s): 8080 (http)
INFO  23-03-22 09:28:55[restartedMain] [Http11NioProtocol:173] - Initializing ProtocolHandler ["http-nio-8080"]
INFO  23-03-22 09:28:55[restartedMain] [StandardService:173] - Starting service [Tomcat]
INFO  23-03-22 09:28:55[restartedMain] [StandardEngine:173] - Starting Servlet engine: [Apache Tomcat/9.0.71]
INFO  23-03-22 09:28:55[restartedMain] [TldScanner:173] - At least one JAR was scanned for TLDs yet contained no TLDs. Enable debug logging for this logger for a complete list of JARs that were scanned but no TLDs were found in them. Skipping unneeded JARs during scanning can improve startup time and JSP compilation time.
INFO  23-03-22 09:28:55[restartedMain] [[/]:173] - Initializing Spring embedded WebApplicationContext
INFO  23-03-22 09:28:55[restartedMain] [ServletWebServerApplicationContext:292] - Root WebApplicationContext: initialization completed in 1531 ms
INFO  23-03-22 09:28:56[restartedMain] [WelcomePageHandlerMapping:57] - Adding welcome page template: index
INFO  23-03-22 09:28:56[restartedMain] [OptionalLiveReloadServer:59] - LiveReload server is running on port 35729
INFO  23-03-22 09:28:56[restartedMain] [Http11NioProtocol:173] - Starting ProtocolHandler ["http-nio-8080"]
INFO  23-03-22 09:28:56[restartedMain] [TomcatWebServer:220] - Tomcat started on port(s): 8080 (http) with context path ''
INFO  23-03-22 09:28:56[restartedMain] [ItdaApplication:61] - Started ItdaApplication in 3.081 seconds (JVM running for 3.6)
INFO  23-03-22 09:29:06[http-nio-8080-exec-4] [[/]:173] - Initializing Spring DispatcherServlet 'dispatcherServlet'
INFO  23-03-22 09:29:06[http-nio-8080-exec-4] [DispatcherServlet:525] - Initializing Servlet 'dispatcherServlet'
INFO  23-03-22 09:29:06[http-nio-8080-exec-4] [DispatcherServlet:547] - Completed initialization in 2 ms
INFO  23-03-22 09:29:13[http-nio-8080-exec-3] [HikariDataSource:110] - HikariPool-1 - Starting...
INFO  23-03-22 09:29:13[http-nio-8080-exec-3] [HikariDataSource:123] - HikariPool-1 - Start completed.
ERROR 23-03-22 09:29:13[http-nio-8080-exec-3] [[dispatcherServlet]:175] - Servlet.service() for servlet [dispatcherServlet] in context with path [] threw exception [Request processing failed; nested exception is org.mybatis.spring.MyBatisSystemException: nested exception is org.apache.ibatis.type.TypeException: Could not set parameters for mapping: ParameterMapping{property='userId', mode=IN, javaType=class java.lang.String, jdbcType=null, numericScale=null, resultMapId='null', jdbcTypeName='null', expression='null'}. Cause: org.apache.ibatis.type.TypeException: Error setting null for parameter #1 with JdbcType OTHER . Try setting a different JdbcType for this parameter or a different jdbcTypeForNull configuration property. Cause: java.sql.SQLException: 부적합한 열 유형: 1111] with root cause
java.sql.SQLException: 부적합한 열 유형: 1111
	at oracle.jdbc.driver.OracleStatement.getInternalType(OracleStatement.java:4486)
	at oracle.jdbc.driver.OraclePreparedStatement.setNullCritical(OraclePreparedStatement.java:4390)
	at oracle.jdbc.driver.OraclePreparedStatement.setNull(OraclePreparedStatement.java:4374)
	at oracle.jdbc.driver.OraclePreparedStatementWrapper.setNull(OraclePreparedStatementWrapper.java:937)
	at com.zaxxer.hikari.pool.HikariProxyPreparedStatement.setNull(HikariProxyPreparedStatement.java)
	at org.apache.ibatis.type.BaseTypeHandler.setParameter(BaseTypeHandler.java:65)
	at org.apache.ibatis.scripting.defaults.DefaultParameterHandler.setParameters(DefaultParameterHandler.java:87)
	at org.apache.ibatis.executor.statement.PreparedStatementHandler.parameterize(PreparedStatementHandler.java:94)
	at org.apache.ibatis.executor.statement.RoutingStatementHandler.parameterize(RoutingStatementHandler.java:64)
	at org.apache.ibatis.executor.SimpleExecutor.prepareStatement(SimpleExecutor.java:88)
	at org.apache.ibatis.executor.SimpleExecutor.doUpdate(SimpleExecutor.java:49)
	at org.apache.ibatis.executor.BaseExecutor.update(BaseExecutor.java:117)
	at org.apache.ibatis.executor.CachingExecutor.update(CachingExecutor.java:76)
	at org.apache.ibatis.session.defaults.DefaultSqlSession.update(DefaultSqlSession.java:194)
	at org.apache.ibatis.session.defaults.DefaultSqlSession.insert(DefaultSqlSession.java:181)
	at java.base/jdk.internal.reflect.NativeMethodAccessorImpl.invoke0(Native Method)
	at java.base/jdk.internal.reflect.NativeMethodAccessorImpl.invoke(NativeMethodAccessorImpl.java:77)
	at java.base/jdk.internal.reflect.DelegatingMethodAccessorImpl.invoke(DelegatingMethodAccessorImpl.java:43)
	at java.base/java.lang.reflect.Method.invoke(Method.java:568)
	at org.mybatis.spring.SqlSessionTemplate$SqlSessionInterceptor.invoke(SqlSessionTemplate.java:425)
	at jdk.proxy2/jdk.proxy2.$Proxy61.insert(Unknown Source)
	at org.mybatis.spring.SqlSessionTemplate.insert(SqlSessionTemplate.java:272)
	at org.apache.ibatis.binding.MapperMethod.execute(MapperMethod.java:62)
	at org.apache.ibatis.binding.MapperProxy$PlainMethodInvoker.invoke(MapperProxy.java:145)
	at org.apache.ibatis.binding.MapperProxy.invoke(MapperProxy.java:86)
	at jdk.proxy3/jdk.proxy3.$Proxy64.insertUser(Unknown Source)
	at java.base/jdk.internal.reflect.NativeMethodAccessorImpl.invoke0(Native Method)
	at java.base/jdk.internal.reflect.NativeMethodAccessorImpl.invoke(NativeMethodAccessorImpl.java:77)
	at java.base/jdk.internal.reflect.DelegatingMethodAccessorImpl.invoke(DelegatingMethodAccessorImpl.java:43)
	at java.base/java.lang.reflect.Method.invoke(Method.java:568)
	at org.springframework.aop.support.AopUtils.invokeJoinpointUsingReflection(AopUtils.java:344)
	at org.springframework.aop.framework.ReflectiveMethodInvocation.invokeJoinpoint(ReflectiveMethodInvocation.java:198)
	at org.springframework.aop.framework.ReflectiveMethodInvocation.proceed(ReflectiveMethodInvocation.java:163)
	at org.springframework.dao.support.PersistenceExceptionTranslationInterceptor.invoke(PersistenceExceptionTranslationInterceptor.java:137)
	at org.springframework.aop.framework.ReflectiveMethodInvocation.proceed(ReflectiveMethodInvocation.java:186)
	at org.springframework.aop.framework.JdkDynamicAopProxy.invoke(JdkDynamicAopProxy.java:215)
	at jdk.proxy3/jdk.proxy3.$Proxy65.insertUser(Unknown Source)
	at com.project.itda.common.service.UserService.insertUser(UserService.java:17)
	at com.project.itda.common.controller.UserController.insertUser(UserController.java:41)
	at java.base/jdk.internal.reflect.NativeMethodAccessorImpl.invoke0(Native Method)
	at java.base/jdk.internal.reflect.NativeMethodAccessorImpl.invoke(NativeMethodAccessorImpl.java:77)
	at java.base/jdk.internal.reflect.DelegatingMethodAccessorImpl.invoke(DelegatingMethodAccessorImpl.java:43)
	at java.base/java.lang.reflect.Method.invoke(Method.java:568)
	at org.springframework.web.method.support.InvocableHandlerMethod.doInvoke(InvocableHandlerMethod.java:205)
	at org.springframework.web.method.support.InvocableHandlerMethod.invokeForRequest(InvocableHandlerMethod.java:150)
	at org.springframework.web.servlet.mvc.method.annotation.ServletInvocableHandlerMethod.invokeAndHandle(ServletInvocableHandlerMethod.java:117)
	at org.springframework.web.servlet.mvc.method.annotation.RequestMappingHandlerAdapter.invokeHandlerMethod(RequestMappingHandlerAdapter.java:895)
	at org.springframework.web.servlet.mvc.method.annotation.RequestMappingHandlerAdapter.handleInternal(RequestMappingHandlerAdapter.java:808)
	at org.springframework.web.servlet.mvc.method.AbstractHandlerMethodAdapter.handle(AbstractHandlerMethodAdapter.java:87)
	at org.springframework.web.servlet.DispatcherServlet.doDispatch(DispatcherServlet.java:1071)
	at org.springframework.web.servlet.DispatcherServlet.doService(DispatcherServlet.java:964)
	at org.springframework.web.servlet.FrameworkServlet.processRequest(FrameworkServlet.java:1006)
	at org.springframework.web.servlet.FrameworkServlet.doPost(FrameworkServlet.java:909)
	at javax.servlet.http.HttpServlet.service(HttpServlet.java:696)
	at org.springframework.web.servlet.FrameworkServlet.service(FrameworkServlet.java:883)
	at javax.servlet.http.HttpServlet.service(HttpServlet.java:779)
	at org.apache.catalina.core.ApplicationFilterChain.internalDoFilter(ApplicationFilterChain.java:227)
	at org.apache.catalina.core.ApplicationFilterChain.doFilter(ApplicationFilterChain.java:162)
	at org.apache.tomcat.websocket.server.WsFilter.doFilter(WsFilter.java:53)
	at org.apache.catalina.core.ApplicationFilterChain.internalDoFilter(ApplicationFilterChain.java:189)
	at org.apache.catalina.core.ApplicationFilterChain.doFilter(ApplicationFilterChain.java:162)
	at org.springframework.web.filter.RequestContextFilter.doFilterInternal(RequestContextFilter.java:100)
	at org.springframework.web.filter.OncePerRequestFilter.doFilter(OncePerRequestFilter.java:117)
	at org.apache.catalina.core.ApplicationFilterChain.internalDoFilter(ApplicationFilterChain.java:189)
	at org.apache.catalina.core.ApplicationFilterChain.doFilter(ApplicationFilterChain.java:162)
	at org.springframework.web.filter.FormContentFilter.doFilterInternal(FormContentFilter.java:93)
	at org.springframework.web.filter.OncePerRequestFilter.doFilter(OncePerRequestFilter.java:117)
	at org.apache.catalina.core.ApplicationFilterChain.internalDoFilter(ApplicationFilterChain.java:189)
	at org.apache.catalina.core.ApplicationFilterChain.doFilter(ApplicationFilterChain.java:162)
	at org.springframework.web.filter.CharacterEncodingFilter.doFilterInternal(CharacterEncodingFilter.java:201)
	at org.springframework.web.filter.OncePerRequestFilter.doFilter(OncePerRequestFilter.java:117)
	at org.apache.catalina.core.ApplicationFilterChain.internalDoFilter(ApplicationFilterChain.java:189)
	at org.apache.catalina.core.ApplicationFilterChain.doFilter(ApplicationFilterChain.java:162)
	at org.apache.catalina.core.StandardWrapperValve.invoke(StandardWrapperValve.java:177)
	at org.apache.catalina.core.StandardContextValve.invoke(StandardContextValve.java:97)
	at org.apache.catalina.authenticator.AuthenticatorBase.invoke(AuthenticatorBase.java:541)
	at org.apache.catalina.core.StandardHostValve.invoke(StandardHostValve.java:135)
	at org.apache.catalina.valves.ErrorReportValve.invoke(ErrorReportValve.java:92)
	at org.apache.catalina.core.StandardEngineValve.invoke(StandardEngineValve.java:78)
	at org.apache.catalina.connector.CoyoteAdapter.service(CoyoteAdapter.java:360)
	at org.apache.coyote.http11.Http11Processor.service(Http11Processor.java:399)
	at org.apache.coyote.AbstractProcessorLight.process(AbstractProcessorLight.java:65)
	at org.apache.coyote.AbstractProtocol$ConnectionHandler.process(AbstractProtocol.java:891)
	at org.apache.tomcat.util.net.NioEndpoint$SocketProcessor.doRun(NioEndpoint.java:1784)
	at org.apache.tomcat.util.net.SocketProcessorBase.run(SocketProcessorBase.java:49)
	at org.apache.tomcat.util.threads.ThreadPoolExecutor.runWorker(ThreadPoolExecutor.java:1191)
	at org.apache.tomcat.util.threads.ThreadPoolExecutor$Worker.run(ThreadPoolExecutor.java:659)
	at org.apache.tomcat.util.threads.TaskThread$WrappingRunnable.run(TaskThread.java:61)
	at java.base/java.lang.Thread.run(Thread.java:833)
INFO  23-03-22 10:14:36[File Watcher] [LocalDevToolsAutoConfiguration$RestartingClassPathChangeChangedEventListener:211] - Restarting due to 1 class path change (0 additions, 0 deletions, 1 modification)
INFO  23-03-22 10:14:36[Thread-5] [Http11NioProtocol:173] - Pausing ProtocolHandler ["http-nio-8080"]
INFO  23-03-22 10:14:36[Thread-5] [StandardService:173] - Stopping service [Tomcat]
INFO  23-03-22 10:14:36[Thread-5] [[/]:173] - Destroying Spring FrameworkServlet 'dispatcherServlet'
WARN  23-03-22 10:14:36[Thread-5] [WebappClassLoaderBase:173] - The web application [ROOT] appears to have started a thread named [oracle.jdbc.driver.BlockSource.ThreadedCachingBlockSource.BlockReleaser] but has failed to stop it. This is very likely to create a memory leak. Stack trace of thread:
 java.base@17.0.5/jdk.internal.misc.Unsafe.park(Native Method)
 java.base@17.0.5/java.util.concurrent.locks.LockSupport.parkNanos(LockSupport.java:252)
 java.base@17.0.5/java.util.concurrent.locks.AbstractQueuedSynchronizer$ConditionObject.awaitNanos(AbstractQueuedSynchronizer.java:1672)
 app//oracle.jdbc.internal.Monitor$WaitableMonitor.monitorWait(Monitor.java:259)
 app//oracle.jdbc.internal.Monitor$WaitableMonitor.monitorWait(Monitor.java:241)
 app//oracle.jdbc.driver.BlockSource$ThreadedCachingBlockSource$BlockReleaser.run(BlockSource.java:346)
WARN  23-03-22 10:14:36[Thread-5] [WebappClassLoaderBase:173] - The web application [ROOT] appears to have started a thread named [InterruptTimer] but has failed to stop it. This is very likely to create a memory leak. Stack trace of thread:
 java.base@17.0.5/java.lang.Object.wait(Native Method)
 java.base@17.0.5/java.util.TimerThread.mainLoop(Timer.java:563)
 java.base@17.0.5/java.util.TimerThread.run(Timer.java:516)
WARN  23-03-22 10:14:36[Thread-5] [WebappClassLoaderBase:173] - The web application [ROOT] appears to have started a thread named [HikariPool-1 housekeeper] but has failed to stop it. This is very likely to create a memory leak. Stack trace of thread:
 java.base@17.0.5/jdk.internal.misc.Unsafe.park(Native Method)
 java.base@17.0.5/java.util.concurrent.locks.LockSupport.parkNanos(LockSupport.java:252)
 java.base@17.0.5/java.util.concurrent.locks.AbstractQueuedSynchronizer$ConditionObject.awaitNanos(AbstractQueuedSynchronizer.java:1672)
 java.base@17.0.5/java.util.concurrent.ScheduledThreadPoolExecutor$DelayedWorkQueue.take(ScheduledThreadPoolExecutor.java:1182)
 java.base@17.0.5/java.util.concurrent.ScheduledThreadPoolExecutor$DelayedWorkQueue.take(ScheduledThreadPoolExecutor.java:899)
 java.base@17.0.5/java.util.concurrent.ThreadPoolExecutor.getTask(ThreadPoolExecutor.java:1062)
 java.base@17.0.5/java.util.concurrent.ThreadPoolExecutor.runWorker(ThreadPoolExecutor.java:1122)
 java.base@17.0.5/java.util.concurrent.ThreadPoolExecutor$Worker.run(ThreadPoolExecutor.java:635)
 java.base@17.0.5/java.lang.Thread.run(Thread.java:833)
WARN  23-03-22 10:14:36[Thread-5] [WebappClassLoaderBase:173] - The web application [ROOT] appears to have started a thread named [logback-3] but has failed to stop it. This is very likely to create a memory leak. Stack trace of thread:
 java.base@17.0.5/jdk.internal.misc.Unsafe.park(Native Method)
 java.base@17.0.5/java.util.concurrent.locks.LockSupport.parkNanos(LockSupport.java:252)
 java.base@17.0.5/java.util.concurrent.locks.AbstractQueuedSynchronizer$ConditionObject.awaitNanos(AbstractQueuedSynchronizer.java:1672)
 java.base@17.0.5/java.util.concurrent.ScheduledThreadPoolExecutor$DelayedWorkQueue.take(ScheduledThreadPoolExecutor.java:1182)
 java.base@17.0.5/java.util.concurrent.ScheduledThreadPoolExecutor$DelayedWorkQueue.take(ScheduledThreadPoolExecutor.java:899)
 java.base@17.0.5/java.util.concurrent.ThreadPoolExecutor.getTask(ThreadPoolExecutor.java:1062)
 java.base@17.0.5/java.util.concurrent.ThreadPoolExecutor.runWorker(ThreadPoolExecutor.java:1122)
 java.base@17.0.5/java.util.concurrent.ThreadPoolExecutor$Worker.run(ThreadPoolExecutor.java:635)
 java.base@17.0.5/java.lang.Thread.run(Thread.java:833)
WARN  23-03-22 10:14:36[Thread-5] [WebappClassLoaderBase:173] - The web application [ROOT] appears to have started a thread named [logback-5] but has failed to stop it. This is very likely to create a memory leak. Stack trace of thread:
 java.base@17.0.5/jdk.internal.misc.Unsafe.park(Native Method)
 java.base@17.0.5/java.util.concurrent.locks.LockSupport.park(LockSupport.java:341)
 java.base@17.0.5/java.util.concurrent.locks.AbstractQueuedSynchronizer$ConditionNode.block(AbstractQueuedSynchronizer.java:506)
 java.base@17.0.5/java.util.concurrent.ForkJoinPool.unmanagedBlock(ForkJoinPool.java:3463)
 java.base@17.0.5/java.util.concurrent.ForkJoinPool.managedBlock(ForkJoinPool.java:3434)
 java.base@17.0.5/java.util.concurrent.locks.AbstractQueuedSynchronizer$ConditionObject.await(AbstractQueuedSynchronizer.java:1623)
 java.base@17.0.5/java.util.concurrent.ScheduledThreadPoolExecutor$DelayedWorkQueue.take(ScheduledThreadPoolExecutor.java:1177)
 java.base@17.0.5/java.util.concurrent.ScheduledThreadPoolExecutor$DelayedWorkQueue.take(ScheduledThreadPoolExecutor.java:899)
 java.base@17.0.5/java.util.concurrent.ThreadPoolExecutor.getTask(ThreadPoolExecutor.java:1062)
 java.base@17.0.5/java.util.concurrent.ThreadPoolExecutor.runWorker(ThreadPoolExecutor.java:1122)
 java.base@17.0.5/java.util.concurrent.ThreadPoolExecutor$Worker.run(ThreadPoolExecutor.java:635)
 java.base@17.0.5/java.lang.Thread.run(Thread.java:833)
INFO  23-03-22 10:14:36[Thread-5] [Http11NioProtocol:173] - Stopping ProtocolHandler ["http-nio-8080"]
INFO  23-03-22 10:14:36[Thread-5] [Http11NioProtocol:173] - Destroying ProtocolHandler ["http-nio-8080"]
INFO  23-03-22 10:14:36[Thread-5] [HikariDataSource:350] - HikariPool-1 - Shutdown initiated...
INFO  23-03-22 10:14:36[Thread-5] [HikariDataSource:352] - HikariPool-1 - Shutdown completed.
INFO  23-03-22 10:14:36[restartedMain] [ItdaApplication:55] - Starting ItdaApplication using Java 17.0.5 on DESKTOP-0G2E7PN with PID 9708 (C:\Users\KOSA\git\itda\target\classes started by KOSA in C:\Users\KOSA\git\itda)
INFO  23-03-22 10:14:36[restartedMain] [ItdaApplication:631] - No active profile set, falling back to 1 default profile: "default"
INFO  23-03-22 10:14:37[restartedMain] [TomcatWebServer:108] - Tomcat initialized with port(s): 8080 (http)
INFO  23-03-22 10:14:37[restartedMain] [Http11NioProtocol:173] - Initializing ProtocolHandler ["http-nio-8080"]
INFO  23-03-22 10:14:37[restartedMain] [StandardService:173] - Starting service [Tomcat]
INFO  23-03-22 10:14:37[restartedMain] [StandardEngine:173] - Starting Servlet engine: [Apache Tomcat/9.0.71]
INFO  23-03-22 10:14:37[restartedMain] [TldScanner:173] - At least one JAR was scanned for TLDs yet contained no TLDs. Enable debug logging for this logger for a complete list of JARs that were scanned but no TLDs were found in them. Skipping unneeded JARs during scanning can improve startup time and JSP compilation time.
INFO  23-03-22 10:14:37[restartedMain] [[/]:173] - Initializing Spring embedded WebApplicationContext
INFO  23-03-22 10:14:37[restartedMain] [ServletWebServerApplicationContext:292] - Root WebApplicationContext: initialization completed in 546 ms
INFO  23-03-22 10:14:37[restartedMain] [WelcomePageHandlerMapping:57] - Adding welcome page template: index
INFO  23-03-22 10:14:37[restartedMain] [OptionalLiveReloadServer:59] - LiveReload server is running on port 35729
INFO  23-03-22 10:14:37[restartedMain] [Http11NioProtocol:173] - Starting ProtocolHandler ["http-nio-8080"]
INFO  23-03-22 10:14:37[restartedMain] [TomcatWebServer:220] - Tomcat started on port(s): 8080 (http) with context path ''
INFO  23-03-22 10:14:37[restartedMain] [ItdaApplication:61] - Started ItdaApplication in 0.738 seconds (JVM running for 2744.643)
INFO  23-03-22 10:14:37[restartedMain] [ConditionEvaluationDeltaLoggingListener:63] - Condition evaluation unchanged
INFO  23-03-22 10:15:18[File Watcher] [LocalDevToolsAutoConfiguration$RestartingClassPathChangeChangedEventListener:211] - Restarting due to 1 class path change (0 additions, 0 deletions, 1 modification)
INFO  23-03-22 10:15:18[Thread-9] [Http11NioProtocol:173] - Pausing ProtocolHandler ["http-nio-8080"]
INFO  23-03-22 10:15:18[Thread-9] [StandardService:173] - Stopping service [Tomcat]
INFO  23-03-22 10:15:18[Thread-9] [Http11NioProtocol:173] - Stopping ProtocolHandler ["http-nio-8080"]
INFO  23-03-22 10:15:18[Thread-9] [Http11NioProtocol:173] - Destroying ProtocolHandler ["http-nio-8080"]
INFO  23-03-22 10:15:18[restartedMain] [ItdaApplication:55] - Starting ItdaApplication using Java 17.0.5 on DESKTOP-0G2E7PN with PID 9708 (C:\Users\KOSA\git\itda\target\classes started by KOSA in C:\Users\KOSA\git\itda)
INFO  23-03-22 10:15:18[restartedMain] [ItdaApplication:631] - No active profile set, falling back to 1 default profile: "default"
INFO  23-03-22 10:15:18[restartedMain] [TomcatWebServer:108] - Tomcat initialized with port(s): 8080 (http)
INFO  23-03-22 10:15:18[restartedMain] [Http11NioProtocol:173] - Initializing ProtocolHandler ["http-nio-8080"]
INFO  23-03-22 10:15:18[restartedMain] [StandardService:173] - Starting service [Tomcat]
INFO  23-03-22 10:15:18[restartedMain] [StandardEngine:173] - Starting Servlet engine: [Apache Tomcat/9.0.71]
INFO  23-03-22 10:15:18[restartedMain] [TldScanner:173] - At least one JAR was scanned for TLDs yet contained no TLDs. Enable debug logging for this logger for a complete list of JARs that were scanned but no TLDs were found in them. Skipping unneeded JARs during scanning can improve startup time and JSP compilation time.
INFO  23-03-22 10:15:18[restartedMain] [[/]:173] - Initializing Spring embedded WebApplicationContext
INFO  23-03-22 10:15:18[restartedMain] [ServletWebServerApplicationContext:292] - Root WebApplicationContext: initialization completed in 242 ms
INFO  23-03-22 10:15:19[restartedMain] [WelcomePageHandlerMapping:57] - Adding welcome page template: index
INFO  23-03-22 10:15:19[restartedMain] [OptionalLiveReloadServer:59] - LiveReload server is running on port 35729
INFO  23-03-22 10:15:19[restartedMain] [Http11NioProtocol:173] - Starting ProtocolHandler ["http-nio-8080"]
INFO  23-03-22 10:15:19[restartedMain] [TomcatWebServer:220] - Tomcat started on port(s): 8080 (http) with context path ''
INFO  23-03-22 10:15:19[restartedMain] [ItdaApplication:61] - Started ItdaApplication in 0.42 seconds (JVM running for 2786.312)
INFO  23-03-22 10:15:19[restartedMain] [ConditionEvaluationDeltaLoggingListener:63] - Condition evaluation unchanged
INFO  23-03-22 10:18:15[http-nio-8080-exec-2] [[/]:173] - Initializing Spring DispatcherServlet 'dispatcherServlet'
INFO  23-03-22 10:18:15[http-nio-8080-exec-2] [DispatcherServlet:525] - Initializing Servlet 'dispatcherServlet'
INFO  23-03-22 10:18:15[http-nio-8080-exec-2] [DispatcherServlet:547] - Completed initialization in 1 ms
INFO  23-03-22 10:34:47[restartedMain] [ItdaApplication:55] - Starting ItdaApplication using Java 17.0.5 on DESKTOP-0G2E7PN with PID 8368 (C:\Users\KOSA\git\itda\target\classes started by KOSA in C:\Users\KOSA\git\itda)
INFO  23-03-22 10:34:47[restartedMain] [ItdaApplication:631] - No active profile set, falling back to 1 default profile: "default"
INFO  23-03-22 10:34:47[restartedMain] [ChangeableUrls:255] - The Class-Path manifest attribute in C:\Users\KOSA\.m2\repository\com\oracle\database\jdbc\ojdbc8\21.5.0.0\ojdbc8-21.5.0.0.jar referenced one or more files that do not exist: file:/C:/Users/KOSA/.m2/repository/com/oracle/database/jdbc/ojdbc8/21.5.0.0/oraclepki.jar
INFO  23-03-22 10:34:47[restartedMain] [DevToolsPropertyDefaultsPostProcessor:255] - Devtools property defaults active! Set 'spring.devtools.add-properties' to 'false' to disable
INFO  23-03-22 10:34:47[restartedMain] [DevToolsPropertyDefaultsPostProcessor:255] - For additional web related logging consider setting the 'logging.level.web' property to 'DEBUG'
DEBUG 23-03-22 10:34:47[restartedMain] [LogFactory:109] - Logging initialized using 'class org.apache.ibatis.logging.slf4j.Slf4jImpl' adapter.
INFO  23-03-22 10:34:48[restartedMain] [TomcatWebServer:108] - Tomcat initialized with port(s): 8080 (http)
INFO  23-03-22 10:34:48[restartedMain] [Http11NioProtocol:173] - Initializing ProtocolHandler ["http-nio-8080"]
INFO  23-03-22 10:34:48[restartedMain] [StandardService:173] - Starting service [Tomcat]
INFO  23-03-22 10:34:48[restartedMain] [StandardEngine:173] - Starting Servlet engine: [Apache Tomcat/9.0.71]
INFO  23-03-22 10:34:48[restartedMain] [TldScanner:173] - At least one JAR was scanned for TLDs yet contained no TLDs. Enable debug logging for this logger for a complete list of JARs that were scanned but no TLDs were found in them. Skipping unneeded JARs during scanning can improve startup time and JSP compilation time.
INFO  23-03-22 10:34:48[restartedMain] [[/]:173] - Initializing Spring embedded WebApplicationContext
INFO  23-03-22 10:34:48[restartedMain] [ServletWebServerApplicationContext:292] - Root WebApplicationContext: initialization completed in 1311 ms
INFO  23-03-22 10:34:49[restartedMain] [WelcomePageHandlerMapping:57] - Adding welcome page template: index
INFO  23-03-22 10:34:49[restartedMain] [OptionalLiveReloadServer:59] - LiveReload server is running on port 35729
INFO  23-03-22 10:34:49[restartedMain] [Http11NioProtocol:173] - Starting ProtocolHandler ["http-nio-8080"]
INFO  23-03-22 10:34:49[restartedMain] [TomcatWebServer:220] - Tomcat started on port(s): 8080 (http) with context path ''
INFO  23-03-22 10:34:49[restartedMain] [ItdaApplication:61] - Started ItdaApplication in 2.549 seconds (JVM running for 3.023)
INFO  23-03-22 10:34:54[http-nio-8080-exec-1] [[/]:173] - Initializing Spring DispatcherServlet 'dispatcherServlet'
INFO  23-03-22 10:34:54[http-nio-8080-exec-1] [DispatcherServlet:525] - Initializing Servlet 'dispatcherServlet'
INFO  23-03-22 10:34:54[http-nio-8080-exec-1] [DispatcherServlet:547] - Completed initialization in 1 ms
INFO  23-03-22 11:20:12[File Watcher] [LocalDevToolsAutoConfiguration$RestartingClassPathChangeChangedEventListener:211] - Restarting due to 1 class path change (0 additions, 0 deletions, 1 modification)
INFO  23-03-22 11:20:12[Thread-5] [Http11NioProtocol:173] - Pausing ProtocolHandler ["http-nio-8080"]
INFO  23-03-22 11:20:12[Thread-5] [StandardService:173] - Stopping service [Tomcat]
INFO  23-03-22 11:20:12[Thread-5] [[/]:173] - Destroying Spring FrameworkServlet 'dispatcherServlet'
INFO  23-03-22 11:20:12[Thread-5] [Http11NioProtocol:173] - Stopping ProtocolHandler ["http-nio-8080"]
INFO  23-03-22 11:20:12[Thread-5] [Http11NioProtocol:173] - Destroying ProtocolHandler ["http-nio-8080"]
INFO  23-03-22 11:20:12[restartedMain] [ItdaApplication:55] - Starting ItdaApplication using Java 17.0.5 on DESKTOP-0G2E7PN with PID 8368 (C:\Users\KOSA\git\itda\target\classes started by KOSA in C:\Users\KOSA\git\itda)
INFO  23-03-22 11:20:12[restartedMain] [ItdaApplication:631] - No active profile set, falling back to 1 default profile: "default"
INFO  23-03-22 11:20:13[restartedMain] [TomcatWebServer:108] - Tomcat initialized with port(s): 8080 (http)
INFO  23-03-22 11:20:13[restartedMain] [Http11NioProtocol:173] - Initializing ProtocolHandler ["http-nio-8080"]
INFO  23-03-22 11:20:13[restartedMain] [StandardService:173] - Starting service [Tomcat]
INFO  23-03-22 11:20:13[restartedMain] [StandardEngine:173] - Starting Servlet engine: [Apache Tomcat/9.0.71]
INFO  23-03-22 11:20:13[restartedMain] [TldScanner:173] - At least one JAR was scanned for TLDs yet contained no TLDs. Enable debug logging for this logger for a complete list of JARs that were scanned but no TLDs were found in them. Skipping unneeded JARs during scanning can improve startup time and JSP compilation time.
INFO  23-03-22 11:20:13[restartedMain] [[/]:173] - Initializing Spring embedded WebApplicationContext
INFO  23-03-22 11:20:13[restartedMain] [ServletWebServerApplicationContext:292] - Root WebApplicationContext: initialization completed in 273 ms
INFO  23-03-22 11:20:13[restartedMain] [WelcomePageHandlerMapping:57] - Adding welcome page template: index
INFO  23-03-22 11:20:13[restartedMain] [OptionalLiveReloadServer:59] - LiveReload server is running on port 35729
INFO  23-03-22 11:20:13[restartedMain] [Http11NioProtocol:173] - Starting ProtocolHandler ["http-nio-8080"]
INFO  23-03-22 11:20:13[restartedMain] [TomcatWebServer:220] - Tomcat started on port(s): 8080 (http) with context path ''
INFO  23-03-22 11:20:13[restartedMain] [ItdaApplication:61] - Started ItdaApplication in 0.464 seconds (JVM running for 2727.142)
INFO  23-03-22 11:20:13[restartedMain] [ConditionEvaluationDeltaLoggingListener:63] - Condition evaluation unchanged
INFO  23-03-22 11:20:38[File Watcher] [LocalDevToolsAutoConfiguration$RestartingClassPathChangeChangedEventListener:211] - Restarting due to 1 class path change (0 additions, 0 deletions, 1 modification)
INFO  23-03-22 11:20:38[Thread-7] [Http11NioProtocol:173] - Pausing ProtocolHandler ["http-nio-8080"]
INFO  23-03-22 11:20:38[Thread-7] [StandardService:173] - Stopping service [Tomcat]
INFO  23-03-22 11:20:38[Thread-7] [Http11NioProtocol:173] - Stopping ProtocolHandler ["http-nio-8080"]
INFO  23-03-22 11:20:38[Thread-7] [Http11NioProtocol:173] - Destroying ProtocolHandler ["http-nio-8080"]
INFO  23-03-22 11:20:38[restartedMain] [ItdaApplication:55] - Starting ItdaApplication using Java 17.0.5 on DESKTOP-0G2E7PN with PID 8368 (C:\Users\KOSA\git\itda\target\classes started by KOSA in C:\Users\KOSA\git\itda)
INFO  23-03-22 11:20:38[restartedMain] [ItdaApplication:631] - No active profile set, falling back to 1 default profile: "default"
INFO  23-03-22 11:20:38[restartedMain] [TomcatWebServer:108] - Tomcat initialized with port(s): 8080 (http)
INFO  23-03-22 11:20:38[restartedMain] [Http11NioProtocol:173] - Initializing ProtocolHandler ["http-nio-8080"]
INFO  23-03-22 11:20:38[restartedMain] [StandardService:173] - Starting service [Tomcat]
INFO  23-03-22 11:20:38[restartedMain] [StandardEngine:173] - Starting Servlet engine: [Apache Tomcat/9.0.71]
INFO  23-03-22 11:20:38[restartedMain] [TldScanner:173] - At least one JAR was scanned for TLDs yet contained no TLDs. Enable debug logging for this logger for a complete list of JARs that were scanned but no TLDs were found in them. Skipping unneeded JARs during scanning can improve startup time and JSP compilation time.
INFO  23-03-22 11:20:38[restartedMain] [[/]:173] - Initializing Spring embedded WebApplicationContext
INFO  23-03-22 11:20:38[restartedMain] [ServletWebServerApplicationContext:292] - Root WebApplicationContext: initialization completed in 243 ms
INFO  23-03-22 11:20:38[restartedMain] [WelcomePageHandlerMapping:57] - Adding welcome page template: index
INFO  23-03-22 11:20:38[restartedMain] [OptionalLiveReloadServer:59] - LiveReload server is running on port 35729
INFO  23-03-22 11:20:38[restartedMain] [Http11NioProtocol:173] - Starting ProtocolHandler ["http-nio-8080"]
INFO  23-03-22 11:20:38[restartedMain] [TomcatWebServer:220] - Tomcat started on port(s): 8080 (http) with context path ''
INFO  23-03-22 11:20:38[restartedMain] [ItdaApplication:61] - Started ItdaApplication in 0.416 seconds (JVM running for 2752.574)
INFO  23-03-22 11:20:38[restartedMain] [ConditionEvaluationDeltaLoggingListener:63] - Condition evaluation unchanged
INFO  23-03-22 11:20:45[File Watcher] [LocalDevToolsAutoConfiguration$RestartingClassPathChangeChangedEventListener:211] - Restarting due to 1 class path change (0 additions, 0 deletions, 1 modification)
INFO  23-03-22 11:20:45[Thread-11] [Http11NioProtocol:173] - Pausing ProtocolHandler ["http-nio-8080"]
INFO  23-03-22 11:20:45[Thread-11] [StandardService:173] - Stopping service [Tomcat]
INFO  23-03-22 11:20:45[Thread-11] [Http11NioProtocol:173] - Stopping ProtocolHandler ["http-nio-8080"]
INFO  23-03-22 11:20:45[Thread-11] [Http11NioProtocol:173] - Destroying ProtocolHandler ["http-nio-8080"]
INFO  23-03-22 11:20:45[restartedMain] [ItdaApplication:55] - Starting ItdaApplication using Java 17.0.5 on DESKTOP-0G2E7PN with PID 8368 (C:\Users\KOSA\git\itda\target\classes started by KOSA in C:\Users\KOSA\git\itda)
INFO  23-03-22 11:20:45[restartedMain] [ItdaApplication:631] - No active profile set, falling back to 1 default profile: "default"
INFO  23-03-22 11:20:45[restartedMain] [TomcatWebServer:108] - Tomcat initialized with port(s): 8080 (http)
INFO  23-03-22 11:20:45[restartedMain] [Http11NioProtocol:173] - Initializing ProtocolHandler ["http-nio-8080"]
INFO  23-03-22 11:20:45[restartedMain] [StandardService:173] - Starting service [Tomcat]
INFO  23-03-22 11:20:45[restartedMain] [StandardEngine:173] - Starting Servlet engine: [Apache Tomcat/9.0.71]
INFO  23-03-22 11:20:45[restartedMain] [TldScanner:173] - At least one JAR was scanned for TLDs yet contained no TLDs. Enable debug logging for this logger for a complete list of JARs that were scanned but no TLDs were found in them. Skipping unneeded JARs during scanning can improve startup time and JSP compilation time.
INFO  23-03-22 11:20:45[restartedMain] [[/]:173] - Initializing Spring embedded WebApplicationContext
INFO  23-03-22 11:20:45[restartedMain] [ServletWebServerApplicationContext:292] - Root WebApplicationContext: initialization completed in 199 ms
INFO  23-03-22 11:20:45[restartedMain] [WelcomePageHandlerMapping:57] - Adding welcome page template: index
INFO  23-03-22 11:20:45[restartedMain] [OptionalLiveReloadServer:59] - LiveReload server is running on port 35729
INFO  23-03-22 11:20:45[restartedMain] [Http11NioProtocol:173] - Starting ProtocolHandler ["http-nio-8080"]
INFO  23-03-22 11:20:45[restartedMain] [TomcatWebServer:220] - Tomcat started on port(s): 8080 (http) with context path ''
INFO  23-03-22 11:20:45[restartedMain] [ItdaApplication:61] - Started ItdaApplication in 0.347 seconds (JVM running for 2759.556)
INFO  23-03-22 11:20:45[restartedMain] [ConditionEvaluationDeltaLoggingListener:63] - Condition evaluation unchanged
INFO  23-03-22 11:20:52[http-nio-8080-exec-1] [[/]:173] - Initializing Spring DispatcherServlet 'dispatcherServlet'
INFO  23-03-22 11:20:52[http-nio-8080-exec-1] [DispatcherServlet:525] - Initializing Servlet 'dispatcherServlet'
INFO  23-03-22 11:20:52[http-nio-8080-exec-1] [DispatcherServlet:547] - Completed initialization in 0 ms
INFO  23-03-22 11:21:32[File Watcher] [LocalDevToolsAutoConfiguration$RestartingClassPathChangeChangedEventListener:211] - Restarting due to 1 class path change (0 additions, 0 deletions, 1 modification)
INFO  23-03-22 11:21:32[Thread-15] [Http11NioProtocol:173] - Pausing ProtocolHandler ["http-nio-8080"]
INFO  23-03-22 11:21:32[Thread-15] [StandardService:173] - Stopping service [Tomcat]
INFO  23-03-22 11:21:32[Thread-15] [[/]:173] - Destroying Spring FrameworkServlet 'dispatcherServlet'
INFO  23-03-22 11:21:32[Thread-15] [Http11NioProtocol:173] - Stopping ProtocolHandler ["http-nio-8080"]
INFO  23-03-22 11:21:32[Thread-15] [Http11NioProtocol:173] - Destroying ProtocolHandler ["http-nio-8080"]
INFO  23-03-22 11:21:32[restartedMain] [ItdaApplication:55] - Starting ItdaApplication using Java 17.0.5 on DESKTOP-0G2E7PN with PID 8368 (C:\Users\KOSA\git\itda\target\classes started by KOSA in C:\Users\KOSA\git\itda)
INFO  23-03-22 11:21:32[restartedMain] [ItdaApplication:631] - No active profile set, falling back to 1 default profile: "default"
INFO  23-03-22 11:21:32[restartedMain] [TomcatWebServer:108] - Tomcat initialized with port(s): 8080 (http)
INFO  23-03-22 11:21:32[restartedMain] [Http11NioProtocol:173] - Initializing ProtocolHandler ["http-nio-8080"]
INFO  23-03-22 11:21:32[restartedMain] [StandardService:173] - Starting service [Tomcat]
INFO  23-03-22 11:21:32[restartedMain] [StandardEngine:173] - Starting Servlet engine: [Apache Tomcat/9.0.71]
INFO  23-03-22 11:21:32[restartedMain] [TldScanner:173] - At least one JAR was scanned for TLDs yet contained no TLDs. Enable debug logging for this logger for a complete list of JARs that were scanned but no TLDs were found in them. Skipping unneeded JARs during scanning can improve startup time and JSP compilation time.
INFO  23-03-22 11:21:32[restartedMain] [[/]:173] - Initializing Spring embedded WebApplicationContext
INFO  23-03-22 11:21:32[restartedMain] [ServletWebServerApplicationContext:292] - Root WebApplicationContext: initialization completed in 201 ms
INFO  23-03-22 11:21:32[restartedMain] [WelcomePageHandlerMapping:57] - Adding welcome page template: index
INFO  23-03-22 11:21:32[restartedMain] [OptionalLiveReloadServer:59] - LiveReload server is running on port 35729
INFO  23-03-22 11:21:32[restartedMain] [Http11NioProtocol:173] - Starting ProtocolHandler ["http-nio-8080"]
INFO  23-03-22 11:21:32[restartedMain] [TomcatWebServer:220] - Tomcat started on port(s): 8080 (http) with context path ''
INFO  23-03-22 11:21:32[restartedMain] [ItdaApplication:61] - Started ItdaApplication in 0.342 seconds (JVM running for 2806.42)
INFO  23-03-22 11:21:32[restartedMain] [ConditionEvaluationDeltaLoggingListener:63] - Condition evaluation unchanged
INFO  23-03-22 11:23:50[File Watcher] [LocalDevToolsAutoConfiguration$RestartingClassPathChangeChangedEventListener:211] - Restarting due to 1 class path change (0 additions, 0 deletions, 1 modification)
INFO  23-03-22 11:23:50[Thread-19] [Http11NioProtocol:173] - Pausing ProtocolHandler ["http-nio-8080"]
INFO  23-03-22 11:23:50[Thread-19] [StandardService:173] - Stopping service [Tomcat]
INFO  23-03-22 11:23:50[Thread-19] [Http11NioProtocol:173] - Stopping ProtocolHandler ["http-nio-8080"]
INFO  23-03-22 11:23:50[Thread-19] [Http11NioProtocol:173] - Destroying ProtocolHandler ["http-nio-8080"]
INFO  23-03-22 11:23:50[restartedMain] [ItdaApplication:55] - Starting ItdaApplication using Java 17.0.5 on DESKTOP-0G2E7PN with PID 8368 (C:\Users\KOSA\git\itda\target\classes started by KOSA in C:\Users\KOSA\git\itda)
INFO  23-03-22 11:23:50[restartedMain] [ItdaApplication:631] - No active profile set, falling back to 1 default profile: "default"
INFO  23-03-22 11:23:50[restartedMain] [TomcatWebServer:108] - Tomcat initialized with port(s): 8080 (http)
INFO  23-03-22 11:23:50[restartedMain] [Http11NioProtocol:173] - Initializing ProtocolHandler ["http-nio-8080"]
INFO  23-03-22 11:23:50[restartedMain] [StandardService:173] - Starting service [Tomcat]
INFO  23-03-22 11:23:50[restartedMain] [StandardEngine:173] - Starting Servlet engine: [Apache Tomcat/9.0.71]
INFO  23-03-22 11:23:50[restartedMain] [TldScanner:173] - At least one JAR was scanned for TLDs yet contained no TLDs. Enable debug logging for this logger for a complete list of JARs that were scanned but no TLDs were found in them. Skipping unneeded JARs during scanning can improve startup time and JSP compilation time.
INFO  23-03-22 11:23:50[restartedMain] [[/]:173] - Initializing Spring embedded WebApplicationContext
INFO  23-03-22 11:23:50[restartedMain] [ServletWebServerApplicationContext:292] - Root WebApplicationContext: initialization completed in 199 ms
INFO  23-03-22 11:23:50[restartedMain] [WelcomePageHandlerMapping:57] - Adding welcome page template: index
INFO  23-03-22 11:23:50[restartedMain] [OptionalLiveReloadServer:59] - LiveReload server is running on port 35729
INFO  23-03-22 11:23:50[restartedMain] [Http11NioProtocol:173] - Starting ProtocolHandler ["http-nio-8080"]
INFO  23-03-22 11:23:50[restartedMain] [TomcatWebServer:220] - Tomcat started on port(s): 8080 (http) with context path ''
INFO  23-03-22 11:23:50[restartedMain] [ItdaApplication:61] - Started ItdaApplication in 0.342 seconds (JVM running for 2944.718)
INFO  23-03-22 11:23:50[restartedMain] [ConditionEvaluationDeltaLoggingListener:63] - Condition evaluation unchanged
INFO  23-03-22 11:23:56[http-nio-8080-exec-2] [[/]:173] - Initializing Spring DispatcherServlet 'dispatcherServlet'
INFO  23-03-22 11:23:56[http-nio-8080-exec-2] [DispatcherServlet:525] - Initializing Servlet 'dispatcherServlet'
INFO  23-03-22 11:23:56[http-nio-8080-exec-2] [DispatcherServlet:547] - Completed initialization in 1 ms
INFO  23-03-22 11:24:04[File Watcher] [LocalDevToolsAutoConfiguration$RestartingClassPathChangeChangedEventListener:211] - Restarting due to 1 class path change (0 additions, 0 deletions, 1 modification)
INFO  23-03-22 11:24:04[Thread-23] [Http11NioProtocol:173] - Pausing ProtocolHandler ["http-nio-8080"]
INFO  23-03-22 11:24:04[Thread-23] [StandardService:173] - Stopping service [Tomcat]
INFO  23-03-22 11:24:04[Thread-23] [[/]:173] - Destroying Spring FrameworkServlet 'dispatcherServlet'
INFO  23-03-22 11:24:04[Thread-23] [Http11NioProtocol:173] - Stopping ProtocolHandler ["http-nio-8080"]
INFO  23-03-22 11:24:04[Thread-23] [Http11NioProtocol:173] - Destroying ProtocolHandler ["http-nio-8080"]
INFO  23-03-22 11:24:04[restartedMain] [ItdaApplication:55] - Starting ItdaApplication using Java 17.0.5 on DESKTOP-0G2E7PN with PID 8368 (C:\Users\KOSA\git\itda\target\classes started by KOSA in C:\Users\KOSA\git\itda)
INFO  23-03-22 11:24:04[restartedMain] [ItdaApplication:631] - No active profile set, falling back to 1 default profile: "default"
INFO  23-03-22 11:24:05[restartedMain] [TomcatWebServer:108] - Tomcat initialized with port(s): 8080 (http)
INFO  23-03-22 11:24:05[restartedMain] [Http11NioProtocol:173] - Initializing ProtocolHandler ["http-nio-8080"]
INFO  23-03-22 11:24:05[restartedMain] [StandardService:173] - Starting service [Tomcat]
INFO  23-03-22 11:24:05[restartedMain] [StandardEngine:173] - Starting Servlet engine: [Apache Tomcat/9.0.71]
INFO  23-03-22 11:24:05[restartedMain] [TldScanner:173] - At least one JAR was scanned for TLDs yet contained no TLDs. Enable debug logging for this logger for a complete list of JARs that were scanned but no TLDs were found in them. Skipping unneeded JARs during scanning can improve startup time and JSP compilation time.
INFO  23-03-22 11:24:05[restartedMain] [[/]:173] - Initializing Spring embedded WebApplicationContext
INFO  23-03-22 11:24:05[restartedMain] [ServletWebServerApplicationContext:292] - Root WebApplicationContext: initialization completed in 233 ms
INFO  23-03-22 11:24:05[restartedMain] [WelcomePageHandlerMapping:57] - Adding welcome page template: index
INFO  23-03-22 11:24:05[restartedMain] [OptionalLiveReloadServer:59] - LiveReload server is running on port 35729
INFO  23-03-22 11:24:05[restartedMain] [Http11NioProtocol:173] - Starting ProtocolHandler ["http-nio-8080"]
INFO  23-03-22 11:24:05[restartedMain] [TomcatWebServer:220] - Tomcat started on port(s): 8080 (http) with context path ''
INFO  23-03-22 11:24:05[restartedMain] [ItdaApplication:61] - Started ItdaApplication in 0.378 seconds (JVM running for 2959.026)
INFO  23-03-22 11:24:05[restartedMain] [ConditionEvaluationDeltaLoggingListener:63] - Condition evaluation unchanged
INFO  23-03-22 11:24:31[File Watcher] [LocalDevToolsAutoConfiguration$RestartingClassPathChangeChangedEventListener:211] - Restarting due to 1 class path change (0 additions, 0 deletions, 1 modification)
INFO  23-03-22 11:24:31[Thread-27] [Http11NioProtocol:173] - Pausing ProtocolHandler ["http-nio-8080"]
INFO  23-03-22 11:24:31[Thread-27] [StandardService:173] - Stopping service [Tomcat]
INFO  23-03-22 11:24:31[Thread-27] [Http11NioProtocol:173] - Stopping ProtocolHandler ["http-nio-8080"]
INFO  23-03-22 11:24:31[Thread-27] [Http11NioProtocol:173] - Destroying ProtocolHandler ["http-nio-8080"]
INFO  23-03-22 11:24:31[restartedMain] [ItdaApplication:55] - Starting ItdaApplication using Java 17.0.5 on DESKTOP-0G2E7PN with PID 8368 (C:\Users\KOSA\git\itda\target\classes started by KOSA in C:\Users\KOSA\git\itda)
INFO  23-03-22 11:24:31[restartedMain] [ItdaApplication:631] - No active profile set, falling back to 1 default profile: "default"
INFO  23-03-22 11:24:31[restartedMain] [TomcatWebServer:108] - Tomcat initialized with port(s): 8080 (http)
INFO  23-03-22 11:24:31[restartedMain] [Http11NioProtocol:173] - Initializing ProtocolHandler ["http-nio-8080"]
INFO  23-03-22 11:24:31[restartedMain] [StandardService:173] - Starting service [Tomcat]
INFO  23-03-22 11:24:31[restartedMain] [StandardEngine:173] - Starting Servlet engine: [Apache Tomcat/9.0.71]
INFO  23-03-22 11:24:31[restartedMain] [TldScanner:173] - At least one JAR was scanned for TLDs yet contained no TLDs. Enable debug logging for this logger for a complete list of JARs that were scanned but no TLDs were found in them. Skipping unneeded JARs during scanning can improve startup time and JSP compilation time.
INFO  23-03-22 11:24:31[restartedMain] [[/]:173] - Initializing Spring embedded WebApplicationContext
INFO  23-03-22 11:24:31[restartedMain] [ServletWebServerApplicationContext:292] - Root WebApplicationContext: initialization completed in 180 ms
INFO  23-03-22 11:24:31[restartedMain] [WelcomePageHandlerMapping:57] - Adding welcome page template: index
INFO  23-03-22 11:24:31[restartedMain] [OptionalLiveReloadServer:59] - LiveReload server is running on port 35729
INFO  23-03-22 11:24:31[restartedMain] [Http11NioProtocol:173] - Starting ProtocolHandler ["http-nio-8080"]
INFO  23-03-22 11:24:31[restartedMain] [TomcatWebServer:220] - Tomcat started on port(s): 8080 (http) with context path ''
INFO  23-03-22 11:24:31[restartedMain] [ItdaApplication:61] - Started ItdaApplication in 0.308 seconds (JVM running for 2985.408)
INFO  23-03-22 11:24:31[restartedMain] [ConditionEvaluationDeltaLoggingListener:63] - Condition evaluation unchanged
INFO  23-03-22 11:24:35[http-nio-8080-exec-1] [[/]:173] - Initializing Spring DispatcherServlet 'dispatcherServlet'
INFO  23-03-22 11:24:35[http-nio-8080-exec-1] [DispatcherServlet:525] - Initializing Servlet 'dispatcherServlet'
INFO  23-03-22 11:24:35[http-nio-8080-exec-1] [DispatcherServlet:547] - Completed initialization in 0 ms
INFO  23-03-22 11:24:54[File Watcher] [LocalDevToolsAutoConfiguration$RestartingClassPathChangeChangedEventListener:211] - Restarting due to 1 class path change (0 additions, 0 deletions, 1 modification)
INFO  23-03-22 11:24:54[Thread-31] [Http11NioProtocol:173] - Pausing ProtocolHandler ["http-nio-8080"]
INFO  23-03-22 11:24:54[Thread-31] [StandardService:173] - Stopping service [Tomcat]
INFO  23-03-22 11:24:54[Thread-31] [[/]:173] - Destroying Spring FrameworkServlet 'dispatcherServlet'
INFO  23-03-22 11:24:54[Thread-31] [Http11NioProtocol:173] - Stopping ProtocolHandler ["http-nio-8080"]
INFO  23-03-22 11:24:54[Thread-31] [Http11NioProtocol:173] - Destroying ProtocolHandler ["http-nio-8080"]
INFO  23-03-22 11:24:54[restartedMain] [ItdaApplication:55] - Starting ItdaApplication using Java 17.0.5 on DESKTOP-0G2E7PN with PID 8368 (C:\Users\KOSA\git\itda\target\classes started by KOSA in C:\Users\KOSA\git\itda)
INFO  23-03-22 11:24:54[restartedMain] [ItdaApplication:631] - No active profile set, falling back to 1 default profile: "default"
INFO  23-03-22 11:24:54[restartedMain] [TomcatWebServer:108] - Tomcat initialized with port(s): 8080 (http)
INFO  23-03-22 11:24:54[restartedMain] [Http11NioProtocol:173] - Initializing ProtocolHandler ["http-nio-8080"]
INFO  23-03-22 11:24:54[restartedMain] [StandardService:173] - Starting service [Tomcat]
INFO  23-03-22 11:24:54[restartedMain] [StandardEngine:173] - Starting Servlet engine: [Apache Tomcat/9.0.71]
INFO  23-03-22 11:24:54[restartedMain] [TldScanner:173] - At least one JAR was scanned for TLDs yet contained no TLDs. Enable debug logging for this logger for a complete list of JARs that were scanned but no TLDs were found in them. Skipping unneeded JARs during scanning can improve startup time and JSP compilation time.
INFO  23-03-22 11:24:54[restartedMain] [[/]:173] - Initializing Spring embedded WebApplicationContext
INFO  23-03-22 11:24:54[restartedMain] [ServletWebServerApplicationContext:292] - Root WebApplicationContext: initialization completed in 177 ms
INFO  23-03-22 11:24:54[restartedMain] [WelcomePageHandlerMapping:57] - Adding welcome page template: index
INFO  23-03-22 11:24:55[restartedMain] [OptionalLiveReloadServer:59] - LiveReload server is running on port 35729
INFO  23-03-22 11:24:55[restartedMain] [Http11NioProtocol:173] - Starting ProtocolHandler ["http-nio-8080"]
INFO  23-03-22 11:24:55[restartedMain] [TomcatWebServer:220] - Tomcat started on port(s): 8080 (http) with context path ''
INFO  23-03-22 11:24:55[restartedMain] [ItdaApplication:61] - Started ItdaApplication in 0.299 seconds (JVM running for 3008.755)
INFO  23-03-22 11:24:55[restartedMain] [ConditionEvaluationDeltaLoggingListener:63] - Condition evaluation unchanged
INFO  23-03-22 11:24:57[http-nio-8080-exec-1] [[/]:173] - Initializing Spring DispatcherServlet 'dispatcherServlet'
INFO  23-03-22 11:24:57[http-nio-8080-exec-1] [DispatcherServlet:525] - Initializing Servlet 'dispatcherServlet'
INFO  23-03-22 11:24:57[http-nio-8080-exec-1] [DispatcherServlet:547] - Completed initialization in 1 ms
INFO  23-03-22 11:25:15[File Watcher] [LocalDevToolsAutoConfiguration$RestartingClassPathChangeChangedEventListener:211] - Restarting due to 1 class path change (0 additions, 0 deletions, 1 modification)
INFO  23-03-22 11:25:15[Thread-35] [Http11NioProtocol:173] - Pausing ProtocolHandler ["http-nio-8080"]
INFO  23-03-22 11:25:15[Thread-35] [StandardService:173] - Stopping service [Tomcat]
INFO  23-03-22 11:25:15[Thread-35] [[/]:173] - Destroying Spring FrameworkServlet 'dispatcherServlet'
INFO  23-03-22 11:25:15[Thread-35] [Http11NioProtocol:173] - Stopping ProtocolHandler ["http-nio-8080"]
INFO  23-03-22 11:25:15[Thread-35] [Http11NioProtocol:173] - Destroying ProtocolHandler ["http-nio-8080"]
INFO  23-03-22 11:25:15[restartedMain] [ItdaApplication:55] - Starting ItdaApplication using Java 17.0.5 on DESKTOP-0G2E7PN with PID 8368 (C:\Users\KOSA\git\itda\target\classes started by KOSA in C:\Users\KOSA\git\itda)
INFO  23-03-22 11:25:15[restartedMain] [ItdaApplication:631] - No active profile set, falling back to 1 default profile: "default"
INFO  23-03-22 11:25:16[restartedMain] [TomcatWebServer:108] - Tomcat initialized with port(s): 8080 (http)
INFO  23-03-22 11:25:16[restartedMain] [Http11NioProtocol:173] - Initializing ProtocolHandler ["http-nio-8080"]
INFO  23-03-22 11:25:16[restartedMain] [StandardService:173] - Starting service [Tomcat]
INFO  23-03-22 11:25:16[restartedMain] [StandardEngine:173] - Starting Servlet engine: [Apache Tomcat/9.0.71]
INFO  23-03-22 11:25:16[restartedMain] [TldScanner:173] - At least one JAR was scanned for TLDs yet contained no TLDs. Enable debug logging for this logger for a complete list of JARs that were scanned but no TLDs were found in them. Skipping unneeded JARs during scanning can improve startup time and JSP compilation time.
INFO  23-03-22 11:25:16[restartedMain] [[/]:173] - Initializing Spring embedded WebApplicationContext
INFO  23-03-22 11:25:16[restartedMain] [ServletWebServerApplicationContext:292] - Root WebApplicationContext: initialization completed in 178 ms
INFO  23-03-22 11:25:16[restartedMain] [WelcomePageHandlerMapping:57] - Adding welcome page template: index
INFO  23-03-22 11:25:16[restartedMain] [OptionalLiveReloadServer:59] - LiveReload server is running on port 35729
INFO  23-03-22 11:25:16[restartedMain] [Http11NioProtocol:173] - Starting ProtocolHandler ["http-nio-8080"]
INFO  23-03-22 11:25:16[restartedMain] [TomcatWebServer:220] - Tomcat started on port(s): 8080 (http) with context path ''
INFO  23-03-22 11:25:16[restartedMain] [ItdaApplication:61] - Started ItdaApplication in 0.301 seconds (JVM running for 3030.013)
INFO  23-03-22 11:25:16[restartedMain] [ConditionEvaluationDeltaLoggingListener:63] - Condition evaluation unchanged
INFO  23-03-22 11:25:23[http-nio-8080-exec-1] [[/]:173] - Initializing Spring DispatcherServlet 'dispatcherServlet'
INFO  23-03-22 11:25:23[http-nio-8080-exec-1] [DispatcherServlet:525] - Initializing Servlet 'dispatcherServlet'
INFO  23-03-22 11:25:23[http-nio-8080-exec-1] [DispatcherServlet:547] - Completed initialization in 1 ms
INFO  23-03-22 11:25:43[File Watcher] [LocalDevToolsAutoConfiguration$RestartingClassPathChangeChangedEventListener:211] - Restarting due to 1 class path change (0 additions, 0 deletions, 1 modification)
INFO  23-03-22 11:25:43[Thread-39] [Http11NioProtocol:173] - Pausing ProtocolHandler ["http-nio-8080"]
INFO  23-03-22 11:25:43[Thread-39] [StandardService:173] - Stopping service [Tomcat]
INFO  23-03-22 11:25:43[Thread-39] [[/]:173] - Destroying Spring FrameworkServlet 'dispatcherServlet'
INFO  23-03-22 11:25:43[Thread-39] [Http11NioProtocol:173] - Stopping ProtocolHandler ["http-nio-8080"]
INFO  23-03-22 11:25:43[Thread-39] [Http11NioProtocol:173] - Destroying ProtocolHandler ["http-nio-8080"]
INFO  23-03-22 11:25:43[restartedMain] [ItdaApplication:55] - Starting ItdaApplication using Java 17.0.5 on DESKTOP-0G2E7PN with PID 8368 (C:\Users\KOSA\git\itda\target\classes started by KOSA in C:\Users\KOSA\git\itda)
INFO  23-03-22 11:25:43[restartedMain] [ItdaApplication:631] - No active profile set, falling back to 1 default profile: "default"
INFO  23-03-22 11:25:43[restartedMain] [TomcatWebServer:108] - Tomcat initialized with port(s): 8080 (http)
INFO  23-03-22 11:25:43[restartedMain] [Http11NioProtocol:173] - Initializing ProtocolHandler ["http-nio-8080"]
INFO  23-03-22 11:25:43[restartedMain] [StandardService:173] - Starting service [Tomcat]
INFO  23-03-22 11:25:43[restartedMain] [StandardEngine:173] - Starting Servlet engine: [Apache Tomcat/9.0.71]
INFO  23-03-22 11:25:43[restartedMain] [TldScanner:173] - At least one JAR was scanned for TLDs yet contained no TLDs. Enable debug logging for this logger for a complete list of JARs that were scanned but no TLDs were found in them. Skipping unneeded JARs during scanning can improve startup time and JSP compilation time.
INFO  23-03-22 11:25:43[restartedMain] [[/]:173] - Initializing Spring embedded WebApplicationContext
INFO  23-03-22 11:25:43[restartedMain] [ServletWebServerApplicationContext:292] - Root WebApplicationContext: initialization completed in 177 ms
INFO  23-03-22 11:25:43[restartedMain] [WelcomePageHandlerMapping:57] - Adding welcome page template: index
INFO  23-03-22 11:25:43[restartedMain] [OptionalLiveReloadServer:59] - LiveReload server is running on port 35729
INFO  23-03-22 11:25:43[restartedMain] [Http11NioProtocol:173] - Starting ProtocolHandler ["http-nio-8080"]
INFO  23-03-22 11:25:43[restartedMain] [TomcatWebServer:220] - Tomcat started on port(s): 8080 (http) with context path ''
INFO  23-03-22 11:25:43[restartedMain] [ItdaApplication:61] - Started ItdaApplication in 0.32 seconds (JVM running for 3057.554)
INFO  23-03-22 11:25:43[restartedMain] [ConditionEvaluationDeltaLoggingListener:63] - Condition evaluation unchanged
INFO  23-03-22 11:26:31[http-nio-8080-exec-1] [[/]:173] - Initializing Spring DispatcherServlet 'dispatcherServlet'
INFO  23-03-22 11:26:31[http-nio-8080-exec-1] [DispatcherServlet:525] - Initializing Servlet 'dispatcherServlet'
INFO  23-03-22 11:26:31[http-nio-8080-exec-1] [DispatcherServlet:547] - Completed initialization in 0 ms
WARN  23-03-22 14:12:10[http-nio-8080-exec-10] [AbstractFileResourceSet:173] - Resource for web application [] at path [/api/try-prod-ap-southeast-1-first-cluster/project...] was not loaded as the canonical path [/api/try-prod-ap-southeast-1-first-cluster/project] did not match. Use of symlinks is one possible cause.
WARN  23-03-22 14:15:56[http-nio-8080-exec-3] [AbstractFileResourceSet:173] - Resource for web application [] at path [/api/try-prod-ap-southeast-1-first-cluster/project...] was not loaded as the canonical path [/api/try-prod-ap-southeast-1-first-cluster/project] did not match. Use of symlinks is one possible cause.
WARN  23-03-22 14:16:09[http-nio-8080-exec-10] [AbstractFileResourceSet:173] - Resource for web application [] at path [/api/try-prod-ap-southeast-1-first-cluster/project...] was not loaded as the canonical path [/api/try-prod-ap-southeast-1-first-cluster/project] did not match. Use of symlinks is one possible cause.
WARN  23-03-22 14:16:49[http-nio-8080-exec-2] [AbstractFileResourceSet:173] - Resource for web application [] at path [/api/try-prod-ap-southeast-1-first-cluster/project...] was not loaded as the canonical path [/api/try-prod-ap-southeast-1-first-cluster/project] did not match. Use of symlinks is one possible cause.
INFO  23-03-22 15:07:40[File Watcher] [LocalDevToolsAutoConfiguration$RestartingClassPathChangeChangedEventListener:211] - Restarting due to 1 class path change (0 additions, 0 deletions, 1 modification)
INFO  23-03-22 15:07:40[Thread-43] [Http11NioProtocol:173] - Pausing ProtocolHandler ["http-nio-8080"]
INFO  23-03-22 15:07:40[Thread-43] [StandardService:173] - Stopping service [Tomcat]
INFO  23-03-22 15:07:40[Thread-43] [[/]:173] - Destroying Spring FrameworkServlet 'dispatcherServlet'
INFO  23-03-22 15:07:40[Thread-43] [Http11NioProtocol:173] - Stopping ProtocolHandler ["http-nio-8080"]
INFO  23-03-22 15:07:40[Thread-43] [Http11NioProtocol:173] - Destroying ProtocolHandler ["http-nio-8080"]
INFO  23-03-22 15:07:41[restartedMain] [ItdaApplication:55] - Starting ItdaApplication using Java 17.0.5 on DESKTOP-0G2E7PN with PID 8368 (C:\Users\KOSA\git\itda\target\classes started by KOSA in C:\Users\KOSA\git\itda)
INFO  23-03-22 15:07:41[restartedMain] [ItdaApplication:631] - No active profile set, falling back to 1 default profile: "default"
INFO  23-03-22 15:07:41[restartedMain] [TomcatWebServer:108] - Tomcat initialized with port(s): 8080 (http)
INFO  23-03-22 15:07:41[restartedMain] [Http11NioProtocol:173] - Initializing ProtocolHandler ["http-nio-8080"]
INFO  23-03-22 15:07:41[restartedMain] [StandardService:173] - Starting service [Tomcat]
INFO  23-03-22 15:07:41[restartedMain] [StandardEngine:173] - Starting Servlet engine: [Apache Tomcat/9.0.71]
INFO  23-03-22 15:07:41[restartedMain] [TldScanner:173] - At least one JAR was scanned for TLDs yet contained no TLDs. Enable debug logging for this logger for a complete list of JARs that were scanned but no TLDs were found in them. Skipping unneeded JARs during scanning can improve startup time and JSP compilation time.
INFO  23-03-22 15:07:41[restartedMain] [[/]:173] - Initializing Spring embedded WebApplicationContext
INFO  23-03-22 15:07:41[restartedMain] [ServletWebServerApplicationContext:292] - Root WebApplicationContext: initialization completed in 229 ms
INFO  23-03-22 15:07:41[restartedMain] [WelcomePageHandlerMapping:57] - Adding welcome page template: index
INFO  23-03-22 15:07:41[restartedMain] [OptionalLiveReloadServer:59] - LiveReload server is running on port 35729
INFO  23-03-22 15:07:41[restartedMain] [Http11NioProtocol:173] - Starting ProtocolHandler ["http-nio-8080"]
INFO  23-03-22 15:07:41[restartedMain] [TomcatWebServer:220] - Tomcat started on port(s): 8080 (http) with context path ''
INFO  23-03-22 15:07:41[restartedMain] [ItdaApplication:61] - Started ItdaApplication in 0.39 seconds (JVM running for 16375.218)
INFO  23-03-22 15:07:41[restartedMain] [ConditionEvaluationDeltaLoggingListener:63] - Condition evaluation unchanged
INFO  23-03-22 15:07:46[File Watcher] [LocalDevToolsAutoConfiguration$RestartingClassPathChangeChangedEventListener:211] - Restarting due to 1 class path change (0 additions, 0 deletions, 1 modification)
INFO  23-03-22 15:07:47[Thread-47] [Http11NioProtocol:173] - Pausing ProtocolHandler ["http-nio-8080"]
INFO  23-03-22 15:07:47[Thread-47] [StandardService:173] - Stopping service [Tomcat]
INFO  23-03-22 15:07:47[Thread-47] [Http11NioProtocol:173] - Stopping ProtocolHandler ["http-nio-8080"]
INFO  23-03-22 15:07:47[Thread-47] [Http11NioProtocol:173] - Destroying ProtocolHandler ["http-nio-8080"]
INFO  23-03-22 15:07:47[restartedMain] [ItdaApplication:55] - Starting ItdaApplication using Java 17.0.5 on DESKTOP-0G2E7PN with PID 8368 (C:\Users\KOSA\git\itda\target\classes started by KOSA in C:\Users\KOSA\git\itda)
INFO  23-03-22 15:07:47[restartedMain] [ItdaApplication:631] - No active profile set, falling back to 1 default profile: "default"
INFO  23-03-22 15:07:47[restartedMain] [TomcatWebServer:108] - Tomcat initialized with port(s): 8080 (http)
INFO  23-03-22 15:07:47[restartedMain] [Http11NioProtocol:173] - Initializing ProtocolHandler ["http-nio-8080"]
INFO  23-03-22 15:07:47[restartedMain] [StandardService:173] - Starting service [Tomcat]
INFO  23-03-22 15:07:47[restartedMain] [StandardEngine:173] - Starting Servlet engine: [Apache Tomcat/9.0.71]
INFO  23-03-22 15:07:47[restartedMain] [TldScanner:173] - At least one JAR was scanned for TLDs yet contained no TLDs. Enable debug logging for this logger for a complete list of JARs that were scanned but no TLDs were found in them. Skipping unneeded JARs during scanning can improve startup time and JSP compilation time.
INFO  23-03-22 15:07:47[restartedMain] [[/]:173] - Initializing Spring embedded WebApplicationContext
INFO  23-03-22 15:07:47[restartedMain] [ServletWebServerApplicationContext:292] - Root WebApplicationContext: initialization completed in 206 ms
INFO  23-03-22 15:07:47[restartedMain] [WelcomePageHandlerMapping:57] - Adding welcome page template: index
INFO  23-03-22 15:07:47[restartedMain] [OptionalLiveReloadServer:59] - LiveReload server is running on port 35729
INFO  23-03-22 15:07:47[restartedMain] [Http11NioProtocol:173] - Starting ProtocolHandler ["http-nio-8080"]
INFO  23-03-22 15:07:47[restartedMain] [TomcatWebServer:220] - Tomcat started on port(s): 8080 (http) with context path ''
INFO  23-03-22 15:07:47[restartedMain] [ItdaApplication:61] - Started ItdaApplication in 0.368 seconds (JVM running for 16381.207)
INFO  23-03-22 15:07:47[restartedMain] [ConditionEvaluationDeltaLoggingListener:63] - Condition evaluation unchanged
INFO  23-03-22 15:07:56[http-nio-8080-exec-1] [[/]:173] - Initializing Spring DispatcherServlet 'dispatcherServlet'
INFO  23-03-22 15:07:56[http-nio-8080-exec-1] [DispatcherServlet:525] - Initializing Servlet 'dispatcherServlet'
INFO  23-03-22 15:07:56[http-nio-8080-exec-1] [DispatcherServlet:547] - Completed initialization in 1 ms
INFO  23-03-22 15:09:37[File Watcher] [LocalDevToolsAutoConfiguration$RestartingClassPathChangeChangedEventListener:211] - Restarting due to 1 class path change (0 additions, 0 deletions, 1 modification)
INFO  23-03-22 15:09:37[Thread-51] [Http11NioProtocol:173] - Pausing ProtocolHandler ["http-nio-8080"]
INFO  23-03-22 15:09:37[Thread-51] [StandardService:173] - Stopping service [Tomcat]
INFO  23-03-22 15:09:37[Thread-51] [[/]:173] - Destroying Spring FrameworkServlet 'dispatcherServlet'
INFO  23-03-22 15:09:37[Thread-51] [Http11NioProtocol:173] - Stopping ProtocolHandler ["http-nio-8080"]
INFO  23-03-22 15:09:37[Thread-51] [Http11NioProtocol:173] - Destroying ProtocolHandler ["http-nio-8080"]
INFO  23-03-22 15:09:37[restartedMain] [ItdaApplication:55] - Starting ItdaApplication using Java 17.0.5 on DESKTOP-0G2E7PN with PID 8368 (C:\Users\KOSA\git\itda\target\classes started by KOSA in C:\Users\KOSA\git\itda)
INFO  23-03-22 15:09:37[restartedMain] [ItdaApplication:631] - No active profile set, falling back to 1 default profile: "default"
INFO  23-03-22 15:09:37[restartedMain] [TomcatWebServer:108] - Tomcat initialized with port(s): 8080 (http)
INFO  23-03-22 15:09:37[restartedMain] [Http11NioProtocol:173] - Initializing ProtocolHandler ["http-nio-8080"]
INFO  23-03-22 15:09:37[restartedMain] [StandardService:173] - Starting service [Tomcat]
INFO  23-03-22 15:09:37[restartedMain] [StandardEngine:173] - Starting Servlet engine: [Apache Tomcat/9.0.71]
INFO  23-03-22 15:09:37[restartedMain] [TldScanner:173] - At least one JAR was scanned for TLDs yet contained no TLDs. Enable debug logging for this logger for a complete list of JARs that were scanned but no TLDs were found in them. Skipping unneeded JARs during scanning can improve startup time and JSP compilation time.
INFO  23-03-22 15:09:37[restartedMain] [[/]:173] - Initializing Spring embedded WebApplicationContext
INFO  23-03-22 15:09:37[restartedMain] [ServletWebServerApplicationContext:292] - Root WebApplicationContext: initialization completed in 158 ms
INFO  23-03-22 15:09:38[restartedMain] [WelcomePageHandlerMapping:57] - Adding welcome page template: index
INFO  23-03-22 15:09:38[restartedMain] [OptionalLiveReloadServer:59] - LiveReload server is running on port 35729
INFO  23-03-22 15:09:38[restartedMain] [Http11NioProtocol:173] - Starting ProtocolHandler ["http-nio-8080"]
INFO  23-03-22 15:09:38[restartedMain] [TomcatWebServer:220] - Tomcat started on port(s): 8080 (http) with context path ''
INFO  23-03-22 15:09:38[restartedMain] [ItdaApplication:61] - Started ItdaApplication in 0.284 seconds (JVM running for 16491.893)
INFO  23-03-22 15:09:38[restartedMain] [ConditionEvaluationDeltaLoggingListener:63] - Condition evaluation unchanged
INFO  23-03-22 15:09:44[http-nio-8080-exec-1] [[/]:173] - Initializing Spring DispatcherServlet 'dispatcherServlet'
INFO  23-03-22 15:09:44[http-nio-8080-exec-1] [DispatcherServlet:525] - Initializing Servlet 'dispatcherServlet'
INFO  23-03-22 15:09:44[http-nio-8080-exec-1] [DispatcherServlet:547] - Completed initialization in 1 ms
INFO  23-03-22 15:10:53[File Watcher] [LocalDevToolsAutoConfiguration$RestartingClassPathChangeChangedEventListener:211] - Restarting due to 1 class path change (0 additions, 0 deletions, 1 modification)
INFO  23-03-22 15:10:53[Thread-55] [Http11NioProtocol:173] - Pausing ProtocolHandler ["http-nio-8080"]
INFO  23-03-22 15:10:53[Thread-55] [StandardService:173] - Stopping service [Tomcat]
INFO  23-03-22 15:10:53[Thread-55] [[/]:173] - Destroying Spring FrameworkServlet 'dispatcherServlet'
INFO  23-03-22 15:10:53[Thread-55] [Http11NioProtocol:173] - Stopping ProtocolHandler ["http-nio-8080"]
INFO  23-03-22 15:10:53[Thread-55] [Http11NioProtocol:173] - Destroying ProtocolHandler ["http-nio-8080"]
INFO  23-03-22 15:10:53[restartedMain] [ItdaApplication:55] - Starting ItdaApplication using Java 17.0.5 on DESKTOP-0G2E7PN with PID 8368 (C:\Users\KOSA\git\itda\target\classes started by KOSA in C:\Users\KOSA\git\itda)
INFO  23-03-22 15:10:53[restartedMain] [ItdaApplication:631] - No active profile set, falling back to 1 default profile: "default"
INFO  23-03-22 15:10:53[restartedMain] [TomcatWebServer:108] - Tomcat initialized with port(s): 8080 (http)
INFO  23-03-22 15:10:53[restartedMain] [Http11NioProtocol:173] - Initializing ProtocolHandler ["http-nio-8080"]
INFO  23-03-22 15:10:53[restartedMain] [StandardService:173] - Starting service [Tomcat]
INFO  23-03-22 15:10:53[restartedMain] [StandardEngine:173] - Starting Servlet engine: [Apache Tomcat/9.0.71]
INFO  23-03-22 15:10:53[restartedMain] [TldScanner:173] - At least one JAR was scanned for TLDs yet contained no TLDs. Enable debug logging for this logger for a complete list of JARs that were scanned but no TLDs were found in them. Skipping unneeded JARs during scanning can improve startup time and JSP compilation time.
INFO  23-03-22 15:10:53[restartedMain] [[/]:173] - Initializing Spring embedded WebApplicationContext
INFO  23-03-22 15:10:53[restartedMain] [ServletWebServerApplicationContext:292] - Root WebApplicationContext: initialization completed in 164 ms
INFO  23-03-22 15:10:53[restartedMain] [WelcomePageHandlerMapping:57] - Adding welcome page template: index
INFO  23-03-22 15:10:53[restartedMain] [OptionalLiveReloadServer:59] - LiveReload server is running on port 35729
INFO  23-03-22 15:10:53[restartedMain] [Http11NioProtocol:173] - Starting ProtocolHandler ["http-nio-8080"]
INFO  23-03-22 15:10:53[restartedMain] [TomcatWebServer:220] - Tomcat started on port(s): 8080 (http) with context path ''
INFO  23-03-22 15:10:53[restartedMain] [ItdaApplication:61] - Started ItdaApplication in 0.277 seconds (JVM running for 16567.397)
INFO  23-03-22 15:10:53[restartedMain] [ConditionEvaluationDeltaLoggingListener:63] - Condition evaluation unchanged
INFO  23-03-22 15:10:56[File Watcher] [LocalDevToolsAutoConfiguration$RestartingClassPathChangeChangedEventListener:211] - Restarting due to 1 class path change (0 additions, 0 deletions, 1 modification)
INFO  23-03-22 15:10:56[Thread-59] [Http11NioProtocol:173] - Pausing ProtocolHandler ["http-nio-8080"]
INFO  23-03-22 15:10:56[Thread-59] [StandardService:173] - Stopping service [Tomcat]
INFO  23-03-22 15:10:56[Thread-59] [Http11NioProtocol:173] - Stopping ProtocolHandler ["http-nio-8080"]
INFO  23-03-22 15:10:56[Thread-59] [Http11NioProtocol:173] - Destroying ProtocolHandler ["http-nio-8080"]
INFO  23-03-22 15:10:56[restartedMain] [ItdaApplication:55] - Starting ItdaApplication using Java 17.0.5 on DESKTOP-0G2E7PN with PID 8368 (C:\Users\KOSA\git\itda\target\classes started by KOSA in C:\Users\KOSA\git\itda)
INFO  23-03-22 15:10:56[restartedMain] [ItdaApplication:631] - No active profile set, falling back to 1 default profile: "default"
INFO  23-03-22 15:10:56[restartedMain] [TomcatWebServer:108] - Tomcat initialized with port(s): 8080 (http)
INFO  23-03-22 15:10:56[restartedMain] [Http11NioProtocol:173] - Initializing ProtocolHandler ["http-nio-8080"]
INFO  23-03-22 15:10:56[restartedMain] [StandardService:173] - Starting service [Tomcat]
INFO  23-03-22 15:10:56[restartedMain] [StandardEngine:173] - Starting Servlet engine: [Apache Tomcat/9.0.71]
INFO  23-03-22 15:10:56[restartedMain] [TldScanner:173] - At least one JAR was scanned for TLDs yet contained no TLDs. Enable debug logging for this logger for a complete list of JARs that were scanned but no TLDs were found in them. Skipping unneeded JARs during scanning can improve startup time and JSP compilation time.
INFO  23-03-22 15:10:56[restartedMain] [[/]:173] - Initializing Spring embedded WebApplicationContext
INFO  23-03-22 15:10:56[restartedMain] [ServletWebServerApplicationContext:292] - Root WebApplicationContext: initialization completed in 191 ms
INFO  23-03-22 15:10:56[restartedMain] [WelcomePageHandlerMapping:57] - Adding welcome page template: index
INFO  23-03-22 15:10:56[restartedMain] [OptionalLiveReloadServer:59] - LiveReload server is running on port 35729
INFO  23-03-22 15:10:56[restartedMain] [Http11NioProtocol:173] - Starting ProtocolHandler ["http-nio-8080"]
INFO  23-03-22 15:10:56[restartedMain] [TomcatWebServer:220] - Tomcat started on port(s): 8080 (http) with context path ''
INFO  23-03-22 15:10:56[restartedMain] [ItdaApplication:61] - Started ItdaApplication in 0.325 seconds (JVM running for 16570.246)
INFO  23-03-22 15:10:56[restartedMain] [ConditionEvaluationDeltaLoggingListener:63] - Condition evaluation unchanged
INFO  23-03-22 15:11:03[File Watcher] [LocalDevToolsAutoConfiguration$RestartingClassPathChangeChangedEventListener:211] - Restarting due to 1 class path change (0 additions, 0 deletions, 1 modification)
INFO  23-03-22 15:11:03[Thread-63] [Http11NioProtocol:173] - Pausing ProtocolHandler ["http-nio-8080"]
INFO  23-03-22 15:11:03[Thread-63] [StandardService:173] - Stopping service [Tomcat]
INFO  23-03-22 15:11:03[Thread-63] [Http11NioProtocol:173] - Stopping ProtocolHandler ["http-nio-8080"]
INFO  23-03-22 15:11:03[Thread-63] [Http11NioProtocol:173] - Destroying ProtocolHandler ["http-nio-8080"]
INFO  23-03-22 15:11:03[restartedMain] [ItdaApplication:55] - Starting ItdaApplication using Java 17.0.5 on DESKTOP-0G2E7PN with PID 8368 (C:\Users\KOSA\git\itda\target\classes started by KOSA in C:\Users\KOSA\git\itda)
INFO  23-03-22 15:11:03[restartedMain] [ItdaApplication:631] - No active profile set, falling back to 1 default profile: "default"
INFO  23-03-22 15:11:03[restartedMain] [TomcatWebServer:108] - Tomcat initialized with port(s): 8080 (http)
INFO  23-03-22 15:11:03[restartedMain] [Http11NioProtocol:173] - Initializing ProtocolHandler ["http-nio-8080"]
INFO  23-03-22 15:11:03[restartedMain] [StandardService:173] - Starting service [Tomcat]
INFO  23-03-22 15:11:03[restartedMain] [StandardEngine:173] - Starting Servlet engine: [Apache Tomcat/9.0.71]
INFO  23-03-22 15:11:03[restartedMain] [TldScanner:173] - At least one JAR was scanned for TLDs yet contained no TLDs. Enable debug logging for this logger for a complete list of JARs that were scanned but no TLDs were found in them. Skipping unneeded JARs during scanning can improve startup time and JSP compilation time.
INFO  23-03-22 15:11:03[restartedMain] [[/]:173] - Initializing Spring embedded WebApplicationContext
INFO  23-03-22 15:11:03[restartedMain] [ServletWebServerApplicationContext:292] - Root WebApplicationContext: initialization completed in 152 ms
INFO  23-03-22 15:11:03[restartedMain] [WelcomePageHandlerMapping:57] - Adding welcome page template: index
INFO  23-03-22 15:11:03[restartedMain] [OptionalLiveReloadServer:59] - LiveReload server is running on port 35729
INFO  23-03-22 15:11:03[restartedMain] [Http11NioProtocol:173] - Starting ProtocolHandler ["http-nio-8080"]
INFO  23-03-22 15:11:03[restartedMain] [TomcatWebServer:220] - Tomcat started on port(s): 8080 (http) with context path ''
INFO  23-03-22 15:11:03[restartedMain] [ItdaApplication:61] - Started ItdaApplication in 0.272 seconds (JVM running for 16577.131)
INFO  23-03-22 15:11:03[restartedMain] [ConditionEvaluationDeltaLoggingListener:63] - Condition evaluation unchanged
INFO  23-03-22 15:11:06[File Watcher] [LocalDevToolsAutoConfiguration$RestartingClassPathChangeChangedEventListener:211] - Restarting due to 1 class path change (0 additions, 0 deletions, 1 modification)
INFO  23-03-22 15:11:06[Thread-67] [Http11NioProtocol:173] - Pausing ProtocolHandler ["http-nio-8080"]
INFO  23-03-22 15:11:06[Thread-67] [StandardService:173] - Stopping service [Tomcat]
INFO  23-03-22 15:11:06[Thread-67] [Http11NioProtocol:173] - Stopping ProtocolHandler ["http-nio-8080"]
INFO  23-03-22 15:11:06[Thread-67] [Http11NioProtocol:173] - Destroying ProtocolHandler ["http-nio-8080"]
INFO  23-03-22 15:11:06[restartedMain] [ItdaApplication:55] - Starting ItdaApplication using Java 17.0.5 on DESKTOP-0G2E7PN with PID 8368 (C:\Users\KOSA\git\itda\target\classes started by KOSA in C:\Users\KOSA\git\itda)
INFO  23-03-22 15:11:06[restartedMain] [ItdaApplication:631] - No active profile set, falling back to 1 default profile: "default"
INFO  23-03-22 15:11:07[restartedMain] [TomcatWebServer:108] - Tomcat initialized with port(s): 8080 (http)
INFO  23-03-22 15:11:07[restartedMain] [Http11NioProtocol:173] - Initializing ProtocolHandler ["http-nio-8080"]
INFO  23-03-22 15:11:07[restartedMain] [StandardService:173] - Starting service [Tomcat]
INFO  23-03-22 15:11:07[restartedMain] [StandardEngine:173] - Starting Servlet engine: [Apache Tomcat/9.0.71]
INFO  23-03-22 15:11:07[restartedMain] [TldScanner:173] - At least one JAR was scanned for TLDs yet contained no TLDs. Enable debug logging for this logger for a complete list of JARs that were scanned but no TLDs were found in them. Skipping unneeded JARs during scanning can improve startup time and JSP compilation time.
INFO  23-03-22 15:11:07[restartedMain] [[/]:173] - Initializing Spring embedded WebApplicationContext
INFO  23-03-22 15:11:07[restartedMain] [ServletWebServerApplicationContext:292] - Root WebApplicationContext: initialization completed in 141 ms
INFO  23-03-22 15:11:07[restartedMain] [WelcomePageHandlerMapping:57] - Adding welcome page template: index
INFO  23-03-22 15:11:07[restartedMain] [OptionalLiveReloadServer:59] - LiveReload server is running on port 35729
INFO  23-03-22 15:11:07[restartedMain] [Http11NioProtocol:173] - Starting ProtocolHandler ["http-nio-8080"]
INFO  23-03-22 15:11:07[restartedMain] [TomcatWebServer:220] - Tomcat started on port(s): 8080 (http) with context path ''
INFO  23-03-22 15:11:07[restartedMain] [ItdaApplication:61] - Started ItdaApplication in 0.251 seconds (JVM running for 16580.951)
INFO  23-03-22 15:11:07[restartedMain] [ConditionEvaluationDeltaLoggingListener:63] - Condition evaluation unchanged
INFO  23-03-22 15:11:28[http-nio-8080-exec-1] [[/]:173] - Initializing Spring DispatcherServlet 'dispatcherServlet'
INFO  23-03-22 15:11:28[http-nio-8080-exec-1] [DispatcherServlet:525] - Initializing Servlet 'dispatcherServlet'
INFO  23-03-22 15:11:28[http-nio-8080-exec-1] [DispatcherServlet:547] - Completed initialization in 1 ms
INFO  23-03-22 18:27:16[File Watcher] [LocalDevToolsAutoConfiguration$RestartingClassPathChangeChangedEventListener:211] - Restarting due to 1 class path change (0 additions, 0 deletions, 1 modification)
INFO  23-03-22 18:27:16[Thread-71] [Http11NioProtocol:173] - Pausing ProtocolHandler ["http-nio-8080"]
INFO  23-03-22 18:27:16[Thread-71] [StandardService:173] - Stopping service [Tomcat]
INFO  23-03-22 18:27:16[Thread-71] [[/]:173] - Destroying Spring FrameworkServlet 'dispatcherServlet'
INFO  23-03-22 18:27:16[Thread-71] [Http11NioProtocol:173] - Stopping ProtocolHandler ["http-nio-8080"]
INFO  23-03-22 18:27:16[Thread-71] [Http11NioProtocol:173] - Destroying ProtocolHandler ["http-nio-8080"]
INFO  23-03-22 18:27:16[restartedMain] [ItdaApplication:55] - Starting ItdaApplication using Java 17.0.5 on DESKTOP-0G2E7PN with PID 8368 (C:\Users\KOSA\git\itda\target\classes started by KOSA in C:\Users\KOSA\git\itda)
INFO  23-03-22 18:27:16[restartedMain] [ItdaApplication:631] - No active profile set, falling back to 1 default profile: "default"
INFO  23-03-22 18:27:17[restartedMain] [TomcatWebServer:108] - Tomcat initialized with port(s): 8080 (http)
INFO  23-03-22 18:27:17[restartedMain] [Http11NioProtocol:173] - Initializing ProtocolHandler ["http-nio-8080"]
INFO  23-03-22 18:27:17[restartedMain] [StandardService:173] - Starting service [Tomcat]
INFO  23-03-22 18:27:17[restartedMain] [StandardEngine:173] - Starting Servlet engine: [Apache Tomcat/9.0.71]
INFO  23-03-22 18:27:17[restartedMain] [TldScanner:173] - At least one JAR was scanned for TLDs yet contained no TLDs. Enable debug logging for this logger for a complete list of JARs that were scanned but no TLDs were found in them. Skipping unneeded JARs during scanning can improve startup time and JSP compilation time.
INFO  23-03-22 18:27:17[restartedMain] [[/]:173] - Initializing Spring embedded WebApplicationContext
INFO  23-03-22 18:27:17[restartedMain] [ServletWebServerApplicationContext:292] - Root WebApplicationContext: initialization completed in 208 ms
INFO  23-03-22 18:27:17[restartedMain] [WelcomePageHandlerMapping:57] - Adding welcome page template: index
INFO  23-03-22 18:27:17[restartedMain] [OptionalLiveReloadServer:59] - LiveReload server is running on port 35729
INFO  23-03-22 18:27:17[restartedMain] [Http11NioProtocol:173] - Starting ProtocolHandler ["http-nio-8080"]
INFO  23-03-22 18:27:17[restartedMain] [TomcatWebServer:220] - Tomcat started on port(s): 8080 (http) with context path ''
INFO  23-03-22 18:27:17[restartedMain] [ItdaApplication:61] - Started ItdaApplication in 0.374 seconds (JVM running for 28351.058)
INFO  23-03-22 18:27:17[restartedMain] [ConditionEvaluationDeltaLoggingListener:63] - Condition evaluation unchanged
INFO  23-03-22 18:27:26[File Watcher] [LocalDevToolsAutoConfiguration$RestartingClassPathChangeChangedEventListener:211] - Restarting due to 1 class path change (0 additions, 0 deletions, 1 modification)
INFO  23-03-22 18:27:26[Thread-75] [Http11NioProtocol:173] - Pausing ProtocolHandler ["http-nio-8080"]
INFO  23-03-22 18:27:26[Thread-75] [StandardService:173] - Stopping service [Tomcat]
INFO  23-03-22 18:27:26[Thread-75] [Http11NioProtocol:173] - Stopping ProtocolHandler ["http-nio-8080"]
INFO  23-03-22 18:27:26[Thread-75] [Http11NioProtocol:173] - Destroying ProtocolHandler ["http-nio-8080"]
INFO  23-03-22 18:27:26[restartedMain] [ItdaApplication:55] - Starting ItdaApplication using Java 17.0.5 on DESKTOP-0G2E7PN with PID 8368 (C:\Users\KOSA\git\itda\target\classes started by KOSA in C:\Users\KOSA\git\itda)
INFO  23-03-22 18:27:26[restartedMain] [ItdaApplication:631] - No active profile set, falling back to 1 default profile: "default"
INFO  23-03-22 18:27:27[restartedMain] [TomcatWebServer:108] - Tomcat initialized with port(s): 8080 (http)
INFO  23-03-22 18:27:27[restartedMain] [Http11NioProtocol:173] - Initializing ProtocolHandler ["http-nio-8080"]
INFO  23-03-22 18:27:27[restartedMain] [StandardService:173] - Starting service [Tomcat]
INFO  23-03-22 18:27:27[restartedMain] [StandardEngine:173] - Starting Servlet engine: [Apache Tomcat/9.0.71]
INFO  23-03-22 18:27:27[restartedMain] [TldScanner:173] - At least one JAR was scanned for TLDs yet contained no TLDs. Enable debug logging for this logger for a complete list of JARs that were scanned but no TLDs were found in them. Skipping unneeded JARs during scanning can improve startup time and JSP compilation time.
INFO  23-03-22 18:27:27[restartedMain] [[/]:173] - Initializing Spring embedded WebApplicationContext
INFO  23-03-22 18:27:27[restartedMain] [ServletWebServerApplicationContext:292] - Root WebApplicationContext: initialization completed in 159 ms
INFO  23-03-22 18:27:27[restartedMain] [WelcomePageHandlerMapping:57] - Adding welcome page template: index
INFO  23-03-22 18:27:27[restartedMain] [OptionalLiveReloadServer:59] - LiveReload server is running on port 35729
INFO  23-03-22 18:27:27[restartedMain] [Http11NioProtocol:173] - Starting ProtocolHandler ["http-nio-8080"]
INFO  23-03-22 18:27:27[restartedMain] [TomcatWebServer:220] - Tomcat started on port(s): 8080 (http) with context path ''
INFO  23-03-22 18:27:27[restartedMain] [ItdaApplication:61] - Started ItdaApplication in 0.279 seconds (JVM running for 28361.062)
INFO  23-03-22 18:27:27[restartedMain] [ConditionEvaluationDeltaLoggingListener:63] - Condition evaluation unchanged
INFO  23-03-22 18:27:35[http-nio-8080-exec-1] [[/]:173] - Initializing Spring DispatcherServlet 'dispatcherServlet'
INFO  23-03-22 18:27:35[http-nio-8080-exec-1] [DispatcherServlet:525] - Initializing Servlet 'dispatcherServlet'
INFO  23-03-22 18:27:35[http-nio-8080-exec-1] [DispatcherServlet:547] - Completed initialization in 1 ms
INFO  23-03-22 18:49:05[File Watcher] [LocalDevToolsAutoConfiguration$RestartingClassPathChangeChangedEventListener:211] - Restarting due to 1 class path change (0 additions, 0 deletions, 1 modification)
INFO  23-03-22 18:49:05[Thread-79] [Http11NioProtocol:173] - Pausing ProtocolHandler ["http-nio-8080"]
INFO  23-03-22 18:49:05[Thread-79] [StandardService:173] - Stopping service [Tomcat]
INFO  23-03-22 18:49:05[Thread-79] [[/]:173] - Destroying Spring FrameworkServlet 'dispatcherServlet'
INFO  23-03-22 18:49:05[Thread-79] [Http11NioProtocol:173] - Stopping ProtocolHandler ["http-nio-8080"]
INFO  23-03-22 18:49:05[Thread-79] [Http11NioProtocol:173] - Destroying ProtocolHandler ["http-nio-8080"]
INFO  23-03-22 18:49:05[restartedMain] [ItdaApplication:55] - Starting ItdaApplication using Java 17.0.5 on DESKTOP-0G2E7PN with PID 8368 (C:\Users\KOSA\git\itda\target\classes started by KOSA in C:\Users\KOSA\git\itda)
INFO  23-03-22 18:49:05[restartedMain] [ItdaApplication:631] - No active profile set, falling back to 1 default profile: "default"
INFO  23-03-22 18:49:05[restartedMain] [TomcatWebServer:108] - Tomcat initialized with port(s): 8080 (http)
INFO  23-03-22 18:49:05[restartedMain] [Http11NioProtocol:173] - Initializing ProtocolHandler ["http-nio-8080"]
INFO  23-03-22 18:49:05[restartedMain] [StandardService:173] - Starting service [Tomcat]
INFO  23-03-22 18:49:05[restartedMain] [StandardEngine:173] - Starting Servlet engine: [Apache Tomcat/9.0.71]
INFO  23-03-22 18:49:05[restartedMain] [TldScanner:173] - At least one JAR was scanned for TLDs yet contained no TLDs. Enable debug logging for this logger for a complete list of JARs that were scanned but no TLDs were found in them. Skipping unneeded JARs during scanning can improve startup time and JSP compilation time.
INFO  23-03-22 18:49:05[restartedMain] [[/]:173] - Initializing Spring embedded WebApplicationContext
INFO  23-03-22 18:49:05[restartedMain] [ServletWebServerApplicationContext:292] - Root WebApplicationContext: initialization completed in 155 ms
INFO  23-03-22 18:49:05[restartedMain] [WelcomePageHandlerMapping:57] - Adding welcome page template: index
INFO  23-03-22 18:49:05[restartedMain] [OptionalLiveReloadServer:59] - LiveReload server is running on port 35729
INFO  23-03-22 18:49:05[restartedMain] [Http11NioProtocol:173] - Starting ProtocolHandler ["http-nio-8080"]
INFO  23-03-22 18:49:05[restartedMain] [TomcatWebServer:220] - Tomcat started on port(s): 8080 (http) with context path ''
INFO  23-03-22 18:49:05[restartedMain] [ItdaApplication:61] - Started ItdaApplication in 0.261 seconds (JVM running for 29659.715)
INFO  23-03-22 18:49:05[restartedMain] [ConditionEvaluationDeltaLoggingListener:63] - Condition evaluation unchanged
INFO  23-03-22 18:49:10[http-nio-8080-exec-1] [[/]:173] - Initializing Spring DispatcherServlet 'dispatcherServlet'
INFO  23-03-22 18:49:10[http-nio-8080-exec-1] [DispatcherServlet:525] - Initializing Servlet 'dispatcherServlet'
INFO  23-03-22 18:49:10[http-nio-8080-exec-1] [DispatcherServlet:547] - Completed initialization in 0 ms
INFO  23-03-22 19:17:01[File Watcher] [LocalDevToolsAutoConfiguration$RestartingClassPathChangeChangedEventListener:211] - Restarting due to 1 class path change (0 additions, 0 deletions, 1 modification)
INFO  23-03-22 19:17:01[Thread-83] [Http11NioProtocol:173] - Pausing ProtocolHandler ["http-nio-8080"]
INFO  23-03-22 19:17:01[Thread-83] [StandardService:173] - Stopping service [Tomcat]
INFO  23-03-22 19:17:01[Thread-83] [[/]:173] - Destroying Spring FrameworkServlet 'dispatcherServlet'
INFO  23-03-22 19:17:01[Thread-83] [Http11NioProtocol:173] - Stopping ProtocolHandler ["http-nio-8080"]
INFO  23-03-22 19:17:01[Thread-83] [Http11NioProtocol:173] - Destroying ProtocolHandler ["http-nio-8080"]
INFO  23-03-22 19:17:01[restartedMain] [ItdaApplication:55] - Starting ItdaApplication using Java 17.0.5 on DESKTOP-0G2E7PN with PID 8368 (C:\Users\KOSA\git\itda\target\classes started by KOSA in C:\Users\KOSA\git\itda)
INFO  23-03-22 19:17:01[restartedMain] [ItdaApplication:631] - No active profile set, falling back to 1 default profile: "default"
INFO  23-03-22 19:17:01[restartedMain] [TomcatWebServer:108] - Tomcat initialized with port(s): 8080 (http)
INFO  23-03-22 19:17:01[restartedMain] [Http11NioProtocol:173] - Initializing ProtocolHandler ["http-nio-8080"]
INFO  23-03-22 19:17:01[restartedMain] [StandardService:173] - Starting service [Tomcat]
INFO  23-03-22 19:17:01[restartedMain] [StandardEngine:173] - Starting Servlet engine: [Apache Tomcat/9.0.71]
INFO  23-03-22 19:17:01[restartedMain] [TldScanner:173] - At least one JAR was scanned for TLDs yet contained no TLDs. Enable debug logging for this logger for a complete list of JARs that were scanned but no TLDs were found in them. Skipping unneeded JARs during scanning can improve startup time and JSP compilation time.
INFO  23-03-22 19:17:01[restartedMain] [[/]:173] - Initializing Spring embedded WebApplicationContext
INFO  23-03-22 19:17:01[restartedMain] [ServletWebServerApplicationContext:292] - Root WebApplicationContext: initialization completed in 127 ms
INFO  23-03-22 19:17:01[restartedMain] [WelcomePageHandlerMapping:57] - Adding welcome page template: index
INFO  23-03-22 19:17:01[restartedMain] [OptionalLiveReloadServer:59] - LiveReload server is running on port 35729
INFO  23-03-22 19:17:01[restartedMain] [Http11NioProtocol:173] - Starting ProtocolHandler ["http-nio-8080"]
INFO  23-03-22 19:17:01[restartedMain] [TomcatWebServer:220] - Tomcat started on port(s): 8080 (http) with context path ''
INFO  23-03-22 19:17:01[restartedMain] [ItdaApplication:61] - Started ItdaApplication in 0.238 seconds (JVM running for 31335.581)
INFO  23-03-22 19:17:01[restartedMain] [ConditionEvaluationDeltaLoggingListener:63] - Condition evaluation unchanged
INFO  23-03-22 19:17:11[http-nio-8080-exec-1] [[/]:173] - Initializing Spring DispatcherServlet 'dispatcherServlet'
INFO  23-03-22 19:17:11[http-nio-8080-exec-1] [DispatcherServlet:525] - Initializing Servlet 'dispatcherServlet'
INFO  23-03-22 19:17:11[http-nio-8080-exec-1] [DispatcherServlet:547] - Completed initialization in 1 ms
